This is pdfTeX, Version 3.1415926-2.5-1.40.14 (TeX Live 2013/Debian) (format=pdflatex 2015.8.15)  10 SEP 2015 06:20
entering extended mode
 restricted \write18 enabled.
 %&-line parsing enabled.
**main.tex
(./main.tex
LaTeX2e <2011/06/27>
Babel <3.9h> and hyphenation patterns for 2 languages loaded.
(/usr/share/texlive/texmf-dist/tex/latex/base/article.cls
Document Class: article 2007/10/19 v1.4h Standard LaTeX document class
(/usr/share/texlive/texmf-dist/tex/latex/base/size10.clo
File: size10.clo 2007/10/19 v1.4h Standard LaTeX file (size option)
)
\c@part=\count79
\c@section=\count80
\c@subsection=\count81
\c@subsubsection=\count82
\c@paragraph=\count83
\c@subparagraph=\count84
\c@figure=\count85
\c@table=\count86
\abovecaptionskip=\skip41
\belowcaptionskip=\skip42
\bibindent=\dimen102
) (../../mymacros.tex
(/usr/share/texlive/texmf-dist/tex/latex/amscls/amsthm.sty
Package: amsthm 2004/08/06 v2.20
\thm@style=\toks14
\thm@bodyfont=\toks15
\thm@headfont=\toks16
\thm@notefont=\toks17
\thm@headpunct=\toks18
\thm@preskip=\skip43
\thm@postskip=\skip44
\thm@headsep=\skip45
\dth@everypar=\toks19
)
(/usr/share/texlive/texmf-dist/tex/latex/amsmath/amsmath.sty
Package: amsmath 2013/01/14 v2.14 AMS math features
\@mathmargin=\skip46

For additional information on amsmath, use the `?' option.
(/usr/share/texlive/texmf-dist/tex/latex/amsmath/amstext.sty
Package: amstext 2000/06/29 v2.01

(/usr/share/texlive/texmf-dist/tex/latex/amsmath/amsgen.sty
File: amsgen.sty 1999/11/30 v2.0
\@emptytoks=\toks20
\ex@=\dimen103
))
(/usr/share/texlive/texmf-dist/tex/latex/amsmath/amsbsy.sty
Package: amsbsy 1999/11/29 v1.2d
\pmbraise@=\dimen104
)
(/usr/share/texlive/texmf-dist/tex/latex/amsmath/amsopn.sty
Package: amsopn 1999/12/14 v2.01 operator names
)
\inf@bad=\count87
LaTeX Info: Redefining \frac on input line 210.
\uproot@=\count88
\leftroot@=\count89
LaTeX Info: Redefining \overline on input line 306.
\classnum@=\count90
\DOTSCASE@=\count91
LaTeX Info: Redefining \ldots on input line 378.
LaTeX Info: Redefining \dots on input line 381.
LaTeX Info: Redefining \cdots on input line 466.
\Mathstrutbox@=\box26
\strutbox@=\box27
\big@size=\dimen105
LaTeX Font Info:    Redeclaring font encoding OML on input line 566.
LaTeX Font Info:    Redeclaring font encoding OMS on input line 567.
\macc@depth=\count92
\c@MaxMatrixCols=\count93
\dotsspace@=\muskip10
\c@parentequation=\count94
\dspbrk@lvl=\count95
\tag@help=\toks21
\row@=\count96
\column@=\count97
\maxfields@=\count98
\andhelp@=\toks22
\eqnshift@=\dimen106
\alignsep@=\dimen107
\tagshift@=\dimen108
\tagwidth@=\dimen109
\totwidth@=\dimen110
\lineht@=\dimen111
\@envbody=\toks23
\multlinegap=\skip47
\multlinetaggap=\skip48
\mathdisplay@stack=\toks24
LaTeX Info: Redefining \[ on input line 2665.
LaTeX Info: Redefining \] on input line 2666.
)
(/usr/share/texlive/texmf-dist/tex/latex/amsfonts/amssymb.sty
Package: amssymb 2013/01/14 v3.01 AMS font symbols

(/usr/share/texlive/texmf-dist/tex/latex/amsfonts/amsfonts.sty
Package: amsfonts 2013/01/14 v3.01 Basic AMSFonts support
\symAMSa=\mathgroup4
\symAMSb=\mathgroup5
LaTeX Font Info:    Overwriting math alphabet `\mathfrak' in version `bold'
(Font)                  U/euf/m/n --> U/euf/b/n on input line 106.
))
(/usr/share/texlive/texmf-dist/tex/latex/bbm-macros/bbm.sty
Package: bbm 1999/03/15 V 1.2 provides fonts for set symbols - TH
LaTeX Font Info:    Overwriting math alphabet `\mathbbm' in version `bold'
(Font)                  U/bbm/m/n --> U/bbm/bx/n on input line 33.
LaTeX Font Info:    Overwriting math alphabet `\mathbbmss' in version `bold'
(Font)                  U/bbmss/m/n --> U/bbmss/bx/n on input line 35.
)
(/usr/share/texlive/texmf-dist/tex/latex/mh/mathtools.sty
Package: mathtools 2013/02/12 v1.13 mathematical typesetting tools

(/usr/share/texlive/texmf-dist/tex/latex/graphics/keyval.sty
Package: keyval 1999/03/16 v1.13 key=value parser (DPC)
\KV@toks@=\toks25
)
(/usr/share/texlive/texmf-dist/tex/latex/tools/calc.sty
Package: calc 2007/08/22 v4.3 Infix arithmetic (KKT,FJ)
\calc@Acount=\count99
\calc@Bcount=\count100
\calc@Adimen=\dimen112
\calc@Bdimen=\dimen113
\calc@Askip=\skip49
\calc@Bskip=\skip50
LaTeX Info: Redefining \setlength on input line 76.
LaTeX Info: Redefining \addtolength on input line 77.
\calc@Ccount=\count101
\calc@Cskip=\skip51
)
(/usr/share/texlive/texmf-dist/tex/latex/mh/mhsetup.sty
Package: mhsetup 2010/01/21 v1.2a programming setup (MH)
)
LaTeX Info: Thecontrolsequence`\['isalreadyrobust on input line 129.
LaTeX Info: Thecontrolsequence`\]'isalreadyrobust on input line 129.
\g_MT_multlinerow_int=\count102
\l_MT_multwidth_dim=\dimen114
\origjot=\skip52
\l_MT_shortvdotswithinadjustabove_dim=\dimen115
\l_MT_shortvdotswithinadjustbelow_dim=\dimen116
\l_MT_above_intertext_sep=\dimen117
\l_MT_below_intertext_sep=\dimen118
\l_MT_above_shortintertext_sep=\dimen119
\l_MT_below_shortintertext_sep=\dimen120
)
(/usr/share/texlive/texmf-dist/tex/latex/subfigure/subfigure.sty
Package: subfigure 2002/03/15 v2.1.5 subfigure package
\subfigtopskip=\skip53
\subfigcapskip=\skip54
\subfigcaptopadj=\dimen121
\subfigbottomskip=\skip55
\subfigcapmargin=\dimen122
\subfiglabelskip=\skip56
\c@subfigure=\count103
\c@lofdepth=\count104
\c@subtable=\count105
\c@lotdepth=\count106

****************************************
* Local config file subfigure.cfg used *
****************************************
(/usr/share/texlive/texmf-dist/tex/latex/subfigure/subfigure.cfg)
\subfig@top=\skip57
\subfig@bottom=\skip58
)
(/usr/share/texlive/texmf-dist/tex/latex/placeins/placeins.sty
Package: placeins 2005/04/18  v 2.2
)
(/usr/share/texlive/texmf-dist/tex/latex/import/import.sty
Package: import 2009/03/23  v 5.1
)
(/usr/share/texlive/texmf-dist/tex/latex/graphics/graphicx.sty
Package: graphicx 1999/02/16 v1.0f Enhanced LaTeX Graphics (DPC,SPQR)

(/usr/share/texlive/texmf-dist/tex/latex/graphics/graphics.sty
Package: graphics 2009/02/05 v1.0o Standard LaTeX Graphics (DPC,SPQR)

(/usr/share/texlive/texmf-dist/tex/latex/graphics/trig.sty
Package: trig 1999/03/16 v1.09 sin cos tan (DPC)
)
(/usr/share/texlive/texmf-dist/tex/latex/latexconfig/graphics.cfg
File: graphics.cfg 2010/04/23 v1.9 graphics configuration of TeX Live
)
Package graphics Info: Driver file: pdftex.def on input line 91.

(/usr/share/texlive/texmf-dist/tex/latex/pdftex-def/pdftex.def
File: pdftex.def 2011/05/27 v0.06d Graphics/color for pdfTeX

(/usr/share/texlive/texmf-dist/tex/generic/oberdiek/infwarerr.sty
Package: infwarerr 2010/04/08 v1.3 Providing info/warning/error messages (HO)
)
(/usr/share/texlive/texmf-dist/tex/generic/oberdiek/ltxcmds.sty
Package: ltxcmds 2011/11/09 v1.22 LaTeX kernel commands for general use (HO)
)
\Gread@gobject=\count107
))
\Gin@req@height=\dimen123
\Gin@req@width=\dimen124
)
(/usr/share/texlive/texmf-dist/tex/latex/todonotes/todonotes.sty
Package: todonotes 2012/07/25 .dtx Todonotes source and documentation.
Package: todonotes 2012/07/25

(/usr/share/texlive/texmf-dist/tex/latex/base/ifthen.sty
Package: ifthen 2001/05/26 v1.1c Standard LaTeX ifthen package (DPC)
)
(/usr/share/texlive/texmf-dist/tex/latex/xkeyval/xkeyval.sty
Package: xkeyval 2012/10/14 v2.6b package option processing (HA)

(/usr/share/texlive/texmf-dist/tex/generic/xkeyval/xkeyval.tex
\XKV@toks=\toks26
\XKV@tempa@toks=\toks27
\XKV@depth=\count108
File: xkeyval.tex 2012/10/14 v2.6b key=value parser (HA)
))
(/usr/share/texmf/tex/latex/xcolor/xcolor.sty
Package: xcolor 2007/01/21 v2.11 LaTeX color extensions (UK)

(/usr/share/texlive/texmf-dist/tex/latex/latexconfig/color.cfg
File: color.cfg 2007/01/18 v1.5 color configuration of teTeX/TeXLive
)
Package xcolor Info: Driver file: pdftex.def on input line 225.
Package xcolor Info: Model `cmy' substituted by `cmy0' on input line 1337.
Package xcolor Info: Model `hsb' substituted by `rgb' on input line 1341.
Package xcolor Info: Model `RGB' extended on input line 1353.
Package xcolor Info: Model `HTML' substituted by `rgb' on input line 1355.
Package xcolor Info: Model `Hsb' substituted by `hsb' on input line 1356.
Package xcolor Info: Model `tHsb' substituted by `hsb' on input line 1357.
Package xcolor Info: Model `HSB' substituted by `hsb' on input line 1358.
Package xcolor Info: Model `Gray' substituted by `gray' on input line 1359.
Package xcolor Info: Model `wave' substituted by `hsb' on input line 1360.
)
(/usr/share/texmf/tex/latex/pgf/frontendlayer/tikz.sty
(/usr/share/texmf/tex/latex/pgf/basiclayer/pgf.sty
(/usr/share/texmf/tex/latex/pgf/utilities/pgfrcs.sty
(/usr/share/texmf/tex/generic/pgf/utilities/pgfutil-common.tex
\pgfutil@everybye=\toks28
)
(/usr/share/texmf/tex/generic/pgf/utilities/pgfutil-latex.def
\pgfutil@abb=\box28

(/usr/share/texlive/texmf-dist/tex/latex/ms/everyshi.sty
Package: everyshi 2001/05/15 v3.00 EveryShipout Package (MS)
))
(/usr/share/texmf/tex/generic/pgf/utilities/pgfrcs.code.tex
Package: pgfrcs 2010/10/25 v2.10 (rcs-revision 1.24)
))
Package: pgf 2008/01/15 v2.10 (rcs-revision 1.12)

(/usr/share/texmf/tex/latex/pgf/basiclayer/pgfcore.sty
(/usr/share/texmf/tex/latex/pgf/systemlayer/pgfsys.sty
(/usr/share/texmf/tex/generic/pgf/systemlayer/pgfsys.code.tex
Package: pgfsys 2010/06/30 v2.10 (rcs-revision 1.37)

(/usr/share/texmf/tex/generic/pgf/utilities/pgfkeys.code.tex
\pgfkeys@pathtoks=\toks29
\pgfkeys@temptoks=\toks30

(/usr/share/texmf/tex/generic/pgf/utilities/pgfkeysfiltered.code.tex
\pgfkeys@tmptoks=\toks31
))
\pgf@x=\dimen125
\pgf@y=\dimen126
\pgf@xa=\dimen127
\pgf@ya=\dimen128
\pgf@xb=\dimen129
\pgf@yb=\dimen130
\pgf@xc=\dimen131
\pgf@yc=\dimen132
\w@pgf@writea=\write3
\r@pgf@reada=\read1
\c@pgf@counta=\count109
\c@pgf@countb=\count110
\c@pgf@countc=\count111
\c@pgf@countd=\count112

(/usr/share/texmf/tex/generic/pgf/systemlayer/pgf.cfg
File: pgf.cfg 2008/05/14  (rcs-revision 1.7)
)
Package pgfsys Info: Driver file for pgf: pgfsys-pdftex.def on input line 900.

(/usr/share/texmf/tex/generic/pgf/systemlayer/pgfsys-pdftex.def
File: pgfsys-pdftex.def 2009/05/22  (rcs-revision 1.26)

(/usr/share/texmf/tex/generic/pgf/systemlayer/pgfsys-common-pdf.def
File: pgfsys-common-pdf.def 2008/05/19  (rcs-revision 1.10)
)))
(/usr/share/texmf/tex/generic/pgf/systemlayer/pgfsyssoftpath.code.tex
File: pgfsyssoftpath.code.tex 2008/07/18  (rcs-revision 1.7)
\pgfsyssoftpath@smallbuffer@items=\count113
\pgfsyssoftpath@bigbuffer@items=\count114
)
(/usr/share/texmf/tex/generic/pgf/systemlayer/pgfsysprotocol.code.tex
File: pgfsysprotocol.code.tex 2006/10/16  (rcs-revision 1.4)
))
(/usr/share/texmf/tex/generic/pgf/basiclayer/pgfcore.code.tex
Package: pgfcore 2010/04/11 v2.10 (rcs-revision 1.7)

(/usr/share/texmf/tex/generic/pgf/math/pgfmath.code.tex
(/usr/share/texmf/tex/generic/pgf/math/pgfmathcalc.code.tex
(/usr/share/texmf/tex/generic/pgf/math/pgfmathutil.code.tex)
(/usr/share/texmf/tex/generic/pgf/math/pgfmathparser.code.tex
\pgfmath@dimen=\dimen133
\pgfmath@count=\count115
\pgfmath@box=\box29
\pgfmath@toks=\toks32
\pgfmath@stack@operand=\toks33
\pgfmath@stack@operation=\toks34
)
(/usr/share/texmf/tex/generic/pgf/math/pgfmathfunctions.code.tex
(/usr/share/texmf/tex/generic/pgf/math/pgfmathfunctions.basic.code.tex)
(/usr/share/texmf/tex/generic/pgf/math/pgfmathfunctions.trigonometric.code.tex)
(/usr/share/texmf/tex/generic/pgf/math/pgfmathfunctions.random.code.tex)
(/usr/share/texmf/tex/generic/pgf/math/pgfmathfunctions.comparison.code.tex)
(/usr/share/texmf/tex/generic/pgf/math/pgfmathfunctions.base.code.tex)
(/usr/share/texmf/tex/generic/pgf/math/pgfmathfunctions.round.code.tex)
(/usr/share/texmf/tex/generic/pgf/math/pgfmathfunctions.misc.code.tex)))
(/usr/share/texmf/tex/generic/pgf/math/pgfmathfloat.code.tex
\c@pgfmathroundto@lastzeros=\count116
))
(/usr/share/texmf/tex/generic/pgf/basiclayer/pgfcorepoints.code.tex
File: pgfcorepoints.code.tex 2010/04/09  (rcs-revision 1.20)
\pgf@picminx=\dimen134
\pgf@picmaxx=\dimen135
\pgf@picminy=\dimen136
\pgf@picmaxy=\dimen137
\pgf@pathminx=\dimen138
\pgf@pathmaxx=\dimen139
\pgf@pathminy=\dimen140
\pgf@pathmaxy=\dimen141
\pgf@xx=\dimen142
\pgf@xy=\dimen143
\pgf@yx=\dimen144
\pgf@yy=\dimen145
\pgf@zx=\dimen146
\pgf@zy=\dimen147
)
(/usr/share/texmf/tex/generic/pgf/basiclayer/pgfcorepathconstruct.code.tex
File: pgfcorepathconstruct.code.tex 2010/08/03  (rcs-revision 1.24)
\pgf@path@lastx=\dimen148
\pgf@path@lasty=\dimen149
)
(/usr/share/texmf/tex/generic/pgf/basiclayer/pgfcorepathusage.code.tex
File: pgfcorepathusage.code.tex 2008/04/22  (rcs-revision 1.12)
\pgf@shorten@end@additional=\dimen150
\pgf@shorten@start@additional=\dimen151
)
(/usr/share/texmf/tex/generic/pgf/basiclayer/pgfcorescopes.code.tex
File: pgfcorescopes.code.tex 2010/09/08  (rcs-revision 1.34)
\pgfpic=\box30
\pgf@hbox=\box31
\pgf@layerbox@main=\box32
\pgf@picture@serial@count=\count117
)
(/usr/share/texmf/tex/generic/pgf/basiclayer/pgfcoregraphicstate.code.tex
File: pgfcoregraphicstate.code.tex 2008/04/22  (rcs-revision 1.9)
\pgflinewidth=\dimen152
)
(/usr/share/texmf/tex/generic/pgf/basiclayer/pgfcoretransformations.code.tex
File: pgfcoretransformations.code.tex 2009/06/10  (rcs-revision 1.11)
\pgf@pt@x=\dimen153
\pgf@pt@y=\dimen154
\pgf@pt@temp=\dimen155
)
(/usr/share/texmf/tex/generic/pgf/basiclayer/pgfcorequick.code.tex
File: pgfcorequick.code.tex 2008/10/09  (rcs-revision 1.3)
)
(/usr/share/texmf/tex/generic/pgf/basiclayer/pgfcoreobjects.code.tex
File: pgfcoreobjects.code.tex 2006/10/11  (rcs-revision 1.2)
)
(/usr/share/texmf/tex/generic/pgf/basiclayer/pgfcorepathprocessing.code.tex
File: pgfcorepathprocessing.code.tex 2008/10/09  (rcs-revision 1.8)
)
(/usr/share/texmf/tex/generic/pgf/basiclayer/pgfcorearrows.code.tex
File: pgfcorearrows.code.tex 2008/04/23  (rcs-revision 1.11)
)
(/usr/share/texmf/tex/generic/pgf/basiclayer/pgfcoreshade.code.tex
File: pgfcoreshade.code.tex 2008/11/23  (rcs-revision 1.13)
\pgf@max=\dimen156
\pgf@sys@shading@range@num=\count118
)
(/usr/share/texmf/tex/generic/pgf/basiclayer/pgfcoreimage.code.tex
File: pgfcoreimage.code.tex 2010/03/25  (rcs-revision 1.16)

(/usr/share/texmf/tex/generic/pgf/basiclayer/pgfcoreexternal.code.tex
File: pgfcoreexternal.code.tex 2010/09/01  (rcs-revision 1.17)
\pgfexternal@startupbox=\box33
))
(/usr/share/texmf/tex/generic/pgf/basiclayer/pgfcorelayers.code.tex
File: pgfcorelayers.code.tex 2010/08/27  (rcs-revision 1.2)
)
(/usr/share/texmf/tex/generic/pgf/basiclayer/pgfcoretransparency.code.tex
File: pgfcoretransparency.code.tex 2008/01/17  (rcs-revision 1.2)
)
(/usr/share/texmf/tex/generic/pgf/basiclayer/pgfcorepatterns.code.tex
File: pgfcorepatterns.code.tex 2009/07/02  (rcs-revision 1.3)
)))
(/usr/share/texmf/tex/generic/pgf/modules/pgfmoduleshapes.code.tex
File: pgfmoduleshapes.code.tex 2010/09/09  (rcs-revision 1.13)
\pgfnodeparttextbox=\box34
)
(/usr/share/texmf/tex/generic/pgf/modules/pgfmoduleplot.code.tex
File: pgfmoduleplot.code.tex 2010/10/22  (rcs-revision 1.8)
)
(/usr/share/texmf/tex/latex/pgf/compatibility/pgfcomp-version-0-65.sty
Package: pgfcomp-version-0-65 2007/07/03 v2.10 (rcs-revision 1.7)
\pgf@nodesepstart=\dimen157
\pgf@nodesepend=\dimen158
)
(/usr/share/texmf/tex/latex/pgf/compatibility/pgfcomp-version-1-18.sty
Package: pgfcomp-version-1-18 2007/07/23 v2.10 (rcs-revision 1.1)
))
(/usr/share/texmf/tex/latex/pgf/utilities/pgffor.sty
(/usr/share/texmf/tex/latex/pgf/utilities/pgfkeys.sty
(/usr/share/texmf/tex/generic/pgf/utilities/pgfkeys.code.tex))
(/usr/share/texmf/tex/generic/pgf/utilities/pgffor.code.tex
Package: pgffor 2010/03/23 v2.10 (rcs-revision 1.18)
\pgffor@iter=\dimen159
\pgffor@skip=\dimen160
\pgffor@stack=\toks35
\pgffor@toks=\toks36
))
(/usr/share/texmf/tex/generic/pgf/frontendlayer/tikz/tikz.code.tex
Package: tikz 2010/10/13 v2.10 (rcs-revision 1.76)

(/usr/share/texmf/tex/generic/pgf/libraries/pgflibraryplothandlers.code.tex
File: pgflibraryplothandlers.code.tex 2010/05/31 v2.10 (rcs-revision 1.15)
\pgf@plot@mark@count=\count119
\pgfplotmarksize=\dimen161
)
\tikz@lastx=\dimen162
\tikz@lasty=\dimen163
\tikz@lastxsaved=\dimen164
\tikz@lastysaved=\dimen165
\tikzleveldistance=\dimen166
\tikzsiblingdistance=\dimen167
\tikz@figbox=\box35
\tikz@tempbox=\box36
\tikztreelevel=\count120
\tikznumberofchildren=\count121
\tikznumberofcurrentchild=\count122
\tikz@fig@count=\count123

(/usr/share/texmf/tex/generic/pgf/modules/pgfmodulematrix.code.tex
File: pgfmodulematrix.code.tex 2010/08/24  (rcs-revision 1.4)
\pgfmatrixcurrentrow=\count124
\pgfmatrixcurrentcolumn=\count125
\pgf@matrix@numberofcolumns=\count126
)
\tikz@expandcount=\count127

(/usr/share/texmf/tex/generic/pgf/frontendlayer/tikz/libraries/tikzlibrarytopat
hs.code.tex
File: tikzlibrarytopaths.code.tex 2008/06/17 v2.10 (rcs-revision 1.2)
)))
(/usr/share/texmf/tex/generic/pgf/frontendlayer/tikz/libraries/tikzlibraryposit
ioning.code.tex
File: tikzlibrarypositioning.code.tex 2008/10/06 v2.10 (rcs-revision 1.7)
)
\c@@todonotes@numberoftodonotes=\count128
) (/usr/share/texlive/texmf-dist/tex/latex/tools/array.sty
Package: array 2008/09/09 v2.4c Tabular extension package (FMi)
\col@sep=\dimen168
\extrarowheight=\dimen169
\NC@list=\toks37
\extratabsurround=\skip59
\backup@length=\skip60
)
(/usr/share/texlive/texmf-dist/tex/latex/natbib/natbib.sty
Package: natbib 2010/09/13 8.31b (PWD, AO)
\bibhang=\skip61
\bibsep=\skip62
LaTeX Info: Redefining \cite on input line 694.
\c@NAT@ctr=\count129
)
(/usr/share/texlive/texmf-dist/tex/latex/appendix/appendix.sty
Package: appendix 2009/09/02 v1.2b extra appendix facilities
\c@@pps=\count130
\c@@ppsavesec=\count131
\c@@ppsaveapp=\count132
)
(/usr/share/texlive/texmf-dist/tex/latex/floatrow/floatrow.sty
Package: floatrow 2008/08/02 v0.3b floatrow: float package extension

(/usr/share/texlive/texmf-dist/tex/latex/caption/caption3.sty
Package: caption3 2013/05/02 v1.6-88 caption3 kernel (AR)
Package caption3 Info: TeX engine: e-TeX on input line 57.
\captionmargin=\dimen170
\captionmargin@=\dimen171
\captionwidth=\dimen172
\caption@tempdima=\dimen173
\caption@indent=\dimen174
\caption@parindent=\dimen175
\caption@hangindent=\dimen176
)
\c@float@type=\count133
\float@exts=\toks38
\float@box=\box37
\@floatcapt=\box38
Package floatrow Info: Modified float package code loaded on input line 455.
Package floatrow Info: Modified rotfloat package code loaded on input line 473.

\FR@everyfloat=\toks39
\flrow@foot=\insert233
\FB@wd=\dimen177
\FBo@wd=\dimen178
\FBc@wd=\dimen179
\FBo@ht=\skip63
\FBc@ht=\skip64
\FBf@ht=\skip65
\FBo@max=\skip66
\FBc@max=\skip67
\FBf@max=\skip68
\c@FBl@b=\count134
\floatbox@depth=\count135
\c@FRobj=\count136
\c@FRsobj=\count137
\Xhsize=\skip69
\sXhsize=\skip70
\Zhsize=\skip71
\sZhsize=\skip72
\flrow@rowbox=\box39
\FR@Zunitlength=\dimen180
\c@FBcnt=\count138
\FPOScnt=\count139
\LTleft=\skip73
\LTright=\skip74
\LTleft=\skip75
\LTright=\skip76
\flrow@types=\toks40
)
(/usr/share/texlive/texmf-dist/tex/latex/colortbl/colortbl.sty
Package: colortbl 2012/02/13 v1.0a Color table columns (DPC)
\everycr=\toks41
\minrowclearance=\skip77
)
(/usr/share/texlive/texmf-dist/tex/latex/algorithms/algorithm.sty
Package: algorithm 2009/08/24 v0.1 Document Style `algorithm' - floating enviro
nment
\c@algorithm=\count140
)
(/usr/share/texlive/texmf-dist/tex/latex/algorithms/algorithmic.sty
Package: algorithmic 2009/08/24 v0.1 Document Style `algorithmic'
\c@ALC@unique=\count141
\c@ALC@line=\count142
\c@ALC@rem=\count143
\c@ALC@depth=\count144
\ALC@tlm=\skip78
\algorithmicindent=\skip79
)
(/usr/share/texlive/texmf-dist/tex/latex/cite/chapterbib.sty
\c@inputfile=\count145
Package: chapterbib 2010/09/18  v 1.17
)
\c@example=\count146
\c@definition=\count147
\c@conj=\count148
\c@lemma=\count149
\c@prop=\count150
\c@notation=\count151
)
(/usr/share/texlive/texmf-dist/tex/latex/base/inputenc.sty
Package: inputenc 2008/03/30 v1.1d Input encoding file
\inpenc@prehook=\toks42
\inpenc@posthook=\toks43

(/usr/share/texlive/texmf-dist/tex/latex/base/utf8.def
File: utf8.def 2008/04/05 v1.1m UTF-8 support for inputenc
Now handling font encoding OML ...
... no UTF-8 mapping file for font encoding OML
Now handling font encoding T1 ...
... processing UTF-8 mapping file for font encoding T1

(/usr/share/texlive/texmf-dist/tex/latex/base/t1enc.dfu
File: t1enc.dfu 2008/04/05 v1.1m UTF-8 support for inputenc
   defining Unicode char U+00A1 (decimal 161)
   defining Unicode char U+00A3 (decimal 163)
   defining Unicode char U+00AB (decimal 171)
   defining Unicode char U+00BB (decimal 187)
   defining Unicode char U+00BF (decimal 191)
   defining Unicode char U+00C0 (decimal 192)
   defining Unicode char U+00C1 (decimal 193)
   defining Unicode char U+00C2 (decimal 194)
   defining Unicode char U+00C3 (decimal 195)
   defining Unicode char U+00C4 (decimal 196)
   defining Unicode char U+00C5 (decimal 197)
   defining Unicode char U+00C6 (decimal 198)
   defining Unicode char U+00C7 (decimal 199)
   defining Unicode char U+00C8 (decimal 200)
   defining Unicode char U+00C9 (decimal 201)
   defining Unicode char U+00CA (decimal 202)
   defining Unicode char U+00CB (decimal 203)
   defining Unicode char U+00CC (decimal 204)
   defining Unicode char U+00CD (decimal 205)
   defining Unicode char U+00CE (decimal 206)
   defining Unicode char U+00CF (decimal 207)
   defining Unicode char U+00D0 (decimal 208)
   defining Unicode char U+00D1 (decimal 209)
   defining Unicode char U+00D2 (decimal 210)
   defining Unicode char U+00D3 (decimal 211)
   defining Unicode char U+00D4 (decimal 212)
   defining Unicode char U+00D5 (decimal 213)
   defining Unicode char U+00D6 (decimal 214)
   defining Unicode char U+00D8 (decimal 216)
   defining Unicode char U+00D9 (decimal 217)
   defining Unicode char U+00DA (decimal 218)
   defining Unicode char U+00DB (decimal 219)
   defining Unicode char U+00DC (decimal 220)
   defining Unicode char U+00DD (decimal 221)
   defining Unicode char U+00DE (decimal 222)
   defining Unicode char U+00DF (decimal 223)
   defining Unicode char U+00E0 (decimal 224)
   defining Unicode char U+00E1 (decimal 225)
   defining Unicode char U+00E2 (decimal 226)
   defining Unicode char U+00E3 (decimal 227)
   defining Unicode char U+00E4 (decimal 228)
   defining Unicode char U+00E5 (decimal 229)
   defining Unicode char U+00E6 (decimal 230)
   defining Unicode char U+00E7 (decimal 231)
   defining Unicode char U+00E8 (decimal 232)
   defining Unicode char U+00E9 (decimal 233)
   defining Unicode char U+00EA (decimal 234)
   defining Unicode char U+00EB (decimal 235)
   defining Unicode char U+00EC (decimal 236)
   defining Unicode char U+00ED (decimal 237)
   defining Unicode char U+00EE (decimal 238)
   defining Unicode char U+00EF (decimal 239)
   defining Unicode char U+00F0 (decimal 240)
   defining Unicode char U+00F1 (decimal 241)
   defining Unicode char U+00F2 (decimal 242)
   defining Unicode char U+00F3 (decimal 243)
   defining Unicode char U+00F4 (decimal 244)
   defining Unicode char U+00F5 (decimal 245)
   defining Unicode char U+00F6 (decimal 246)
   defining Unicode char U+00F8 (decimal 248)
   defining Unicode char U+00F9 (decimal 249)
   defining Unicode char U+00FA (decimal 250)
   defining Unicode char U+00FB (decimal 251)
   defining Unicode char U+00FC (decimal 252)
   defining Unicode char U+00FD (decimal 253)
   defining Unicode char U+00FE (decimal 254)
   defining Unicode char U+00FF (decimal 255)
   defining Unicode char U+0102 (decimal 258)
   defining Unicode char U+0103 (decimal 259)
   defining Unicode char U+0104 (decimal 260)
   defining Unicode char U+0105 (decimal 261)
   defining Unicode char U+0106 (decimal 262)
   defining Unicode char U+0107 (decimal 263)
   defining Unicode char U+010C (decimal 268)
   defining Unicode char U+010D (decimal 269)
   defining Unicode char U+010E (decimal 270)
   defining Unicode char U+010F (decimal 271)
   defining Unicode char U+0110 (decimal 272)
   defining Unicode char U+0111 (decimal 273)
   defining Unicode char U+0118 (decimal 280)
   defining Unicode char U+0119 (decimal 281)
   defining Unicode char U+011A (decimal 282)
   defining Unicode char U+011B (decimal 283)
   defining Unicode char U+011E (decimal 286)
   defining Unicode char U+011F (decimal 287)
   defining Unicode char U+0130 (decimal 304)
   defining Unicode char U+0131 (decimal 305)
   defining Unicode char U+0132 (decimal 306)
   defining Unicode char U+0133 (decimal 307)
   defining Unicode char U+0139 (decimal 313)
   defining Unicode char U+013A (decimal 314)
   defining Unicode char U+013D (decimal 317)
   defining Unicode char U+013E (decimal 318)
   defining Unicode char U+0141 (decimal 321)
   defining Unicode char U+0142 (decimal 322)
   defining Unicode char U+0143 (decimal 323)
   defining Unicode char U+0144 (decimal 324)
   defining Unicode char U+0147 (decimal 327)
   defining Unicode char U+0148 (decimal 328)
   defining Unicode char U+014A (decimal 330)
   defining Unicode char U+014B (decimal 331)
   defining Unicode char U+0150 (decimal 336)
   defining Unicode char U+0151 (decimal 337)
   defining Unicode char U+0152 (decimal 338)
   defining Unicode char U+0153 (decimal 339)
   defining Unicode char U+0154 (decimal 340)
   defining Unicode char U+0155 (decimal 341)
   defining Unicode char U+0158 (decimal 344)
   defining Unicode char U+0159 (decimal 345)
   defining Unicode char U+015A (decimal 346)
   defining Unicode char U+015B (decimal 347)
   defining Unicode char U+015E (decimal 350)
   defining Unicode char U+015F (decimal 351)
   defining Unicode char U+0160 (decimal 352)
   defining Unicode char U+0161 (decimal 353)
   defining Unicode char U+0162 (decimal 354)
   defining Unicode char U+0163 (decimal 355)
   defining Unicode char U+0164 (decimal 356)
   defining Unicode char U+0165 (decimal 357)
   defining Unicode char U+016E (decimal 366)
   defining Unicode char U+016F (decimal 367)
   defining Unicode char U+0170 (decimal 368)
   defining Unicode char U+0171 (decimal 369)
   defining Unicode char U+0178 (decimal 376)
   defining Unicode char U+0179 (decimal 377)
   defining Unicode char U+017A (decimal 378)
   defining Unicode char U+017B (decimal 379)
   defining Unicode char U+017C (decimal 380)
   defining Unicode char U+017D (decimal 381)
   defining Unicode char U+017E (decimal 382)
   defining Unicode char U+200C (decimal 8204)
   defining Unicode char U+2013 (decimal 8211)
   defining Unicode char U+2014 (decimal 8212)
   defining Unicode char U+2018 (decimal 8216)
   defining Unicode char U+2019 (decimal 8217)
   defining Unicode char U+201A (decimal 8218)
   defining Unicode char U+201C (decimal 8220)
   defining Unicode char U+201D (decimal 8221)
   defining Unicode char U+201E (decimal 8222)
   defining Unicode char U+2030 (decimal 8240)
   defining Unicode char U+2031 (decimal 8241)
   defining Unicode char U+2039 (decimal 8249)
   defining Unicode char U+203A (decimal 8250)
   defining Unicode char U+2423 (decimal 9251)
)
Now handling font encoding OT1 ...
... processing UTF-8 mapping file for font encoding OT1

(/usr/share/texlive/texmf-dist/tex/latex/base/ot1enc.dfu
File: ot1enc.dfu 2008/04/05 v1.1m UTF-8 support for inputenc
   defining Unicode char U+00A1 (decimal 161)
   defining Unicode char U+00A3 (decimal 163)
   defining Unicode char U+00B8 (decimal 184)
   defining Unicode char U+00BF (decimal 191)
   defining Unicode char U+00C5 (decimal 197)
   defining Unicode char U+00C6 (decimal 198)
   defining Unicode char U+00D8 (decimal 216)
   defining Unicode char U+00DF (decimal 223)
   defining Unicode char U+00E6 (decimal 230)
   defining Unicode char U+00EC (decimal 236)
   defining Unicode char U+00ED (decimal 237)
   defining Unicode char U+00EE (decimal 238)
   defining Unicode char U+00EF (decimal 239)
   defining Unicode char U+00F8 (decimal 248)
   defining Unicode char U+0131 (decimal 305)
   defining Unicode char U+0141 (decimal 321)
   defining Unicode char U+0142 (decimal 322)
   defining Unicode char U+0152 (decimal 338)
   defining Unicode char U+0153 (decimal 339)
   defining Unicode char U+2013 (decimal 8211)
   defining Unicode char U+2014 (decimal 8212)
   defining Unicode char U+2018 (decimal 8216)
   defining Unicode char U+2019 (decimal 8217)
   defining Unicode char U+201C (decimal 8220)
   defining Unicode char U+201D (decimal 8221)
)
Now handling font encoding OMS ...
... processing UTF-8 mapping file for font encoding OMS

(/usr/share/texlive/texmf-dist/tex/latex/base/omsenc.dfu
File: omsenc.dfu 2008/04/05 v1.1m UTF-8 support for inputenc
   defining Unicode char U+00A7 (decimal 167)
   defining Unicode char U+00B6 (decimal 182)
   defining Unicode char U+00B7 (decimal 183)
   defining Unicode char U+2020 (decimal 8224)
   defining Unicode char U+2021 (decimal 8225)
   defining Unicode char U+2022 (decimal 8226)
)
Now handling font encoding OMX ...
... no UTF-8 mapping file for font encoding OMX
Now handling font encoding U ...
... no UTF-8 mapping file for font encoding U
   defining Unicode char U+00A9 (decimal 169)
   defining Unicode char U+00AA (decimal 170)
   defining Unicode char U+00AE (decimal 174)
   defining Unicode char U+00BA (decimal 186)
   defining Unicode char U+02C6 (decimal 710)
   defining Unicode char U+02DC (decimal 732)
   defining Unicode char U+200C (decimal 8204)
   defining Unicode char U+2026 (decimal 8230)
   defining Unicode char U+2122 (decimal 8482)
   defining Unicode char U+2423 (decimal 9251)
)) (./main.aux)
\openout1 = `main.aux'.

LaTeX Font Info:    Checking defaults for OML/cmm/m/it on input line 7.
LaTeX Font Info:    ... okay on input line 7.
LaTeX Font Info:    Checking defaults for T1/cmr/m/n on input line 7.
LaTeX Font Info:    ... okay on input line 7.
LaTeX Font Info:    Checking defaults for OT1/cmr/m/n on input line 7.
LaTeX Font Info:    ... okay on input line 7.
LaTeX Font Info:    Checking defaults for OMS/cmsy/m/n on input line 7.
LaTeX Font Info:    ... okay on input line 7.
LaTeX Font Info:    Checking defaults for OMX/cmex/m/n on input line 7.
LaTeX Font Info:    ... okay on input line 7.
LaTeX Font Info:    Checking defaults for U/cmr/m/n on input line 7.
LaTeX Font Info:    ... okay on input line 7.

(/usr/share/texlive/texmf-dist/tex/context/base/supp-pdf.mkii
[Loading MPS to PDF converter (version 2006.09.02).]
\scratchcounter=\count152
\scratchdimen=\dimen181
\scratchbox=\box40
\nofMPsegments=\count153
\nofMParguments=\count154
\everyMPshowfont=\toks44
\MPscratchCnt=\count155
\MPscratchDim=\dimen182
\MPnumerator=\count156
\makeMPintoPDFobject=\count157
\everyMPtoPDFconversion=\toks45
) (/usr/share/texlive/texmf-dist/tex/generic/oberdiek/pdftexcmds.sty
Package: pdftexcmds 2011/11/29 v0.20 Utility functions of pdfTeX for LuaTeX (HO
)

(/usr/share/texlive/texmf-dist/tex/generic/oberdiek/ifluatex.sty
Package: ifluatex 2010/03/01 v1.3 Provides the ifluatex switch (HO)
Package ifluatex Info: LuaTeX not detected.
)
(/usr/share/texlive/texmf-dist/tex/generic/oberdiek/ifpdf.sty
Package: ifpdf 2011/01/30 v2.3 Provides the ifpdf switch (HO)
Package ifpdf Info: pdfTeX in PDF mode is detected.
)
Package pdftexcmds Info: LuaTeX not detected.
Package pdftexcmds Info: \pdf@primitive is available.
Package pdftexcmds Info: \pdf@ifprimitive is available.
Package pdftexcmds Info: \pdfdraftmode found.
)
(/usr/share/texlive/texmf-dist/tex/latex/oberdiek/epstopdf-base.sty
Package: epstopdf-base 2010/02/09 v2.5 Base part for package epstopdf

(/usr/share/texlive/texmf-dist/tex/latex/oberdiek/grfext.sty
Package: grfext 2010/08/19 v1.1 Manage graphics extensions (HO)

(/usr/share/texlive/texmf-dist/tex/generic/oberdiek/kvdefinekeys.sty
Package: kvdefinekeys 2011/04/07 v1.3 Define keys (HO)
))
(/usr/share/texlive/texmf-dist/tex/latex/oberdiek/kvoptions.sty
Package: kvoptions 2011/06/30 v3.11 Key value format for package options (HO)

(/usr/share/texlive/texmf-dist/tex/generic/oberdiek/kvsetkeys.sty
Package: kvsetkeys 2012/04/25 v1.16 Key value parser (HO)

(/usr/share/texlive/texmf-dist/tex/generic/oberdiek/etexcmds.sty
Package: etexcmds 2011/02/16 v1.5 Avoid name clashes with e-TeX commands (HO)
Package etexcmds Info: Could not find \expanded.
(etexcmds)             That can mean that you are not using pdfTeX 1.50 or
(etexcmds)             that some package has redefined \expanded.
(etexcmds)             In the latter case, load this package earlier.
)))
Package grfext Info: Graphics extension search list:
(grfext)             [.png,.pdf,.jpg,.mps,.jpeg,.jbig2,.jb2,.PNG,.PDF,.JPG,.JPE
G,.JBIG2,.JB2,.eps]
(grfext)             \AppendGraphicsExtensions on input line 452.

(/usr/share/texlive/texmf-dist/tex/latex/latexconfig/epstopdf-sys.cfg
File: epstopdf-sys.cfg 2010/07/13 v1.3 Configuration of (r)epstopdf for TeX Liv
e
))
ABD: EveryShipout initializing macros
Package caption Info: Begin \AtBeginDocument code.
Package caption Info: End \AtBeginDocument code.
 (./model.tex
LaTeX Font Info:    Try loading font information for U+msa on input line 5.

(/usr/share/texlive/texmf-dist/tex/latex/amsfonts/umsa.fd
File: umsa.fd 2013/01/14 v3.01 AMS symbols A
)
LaTeX Font Info:    Try loading font information for U+msb on input line 5.

(/usr/share/texlive/texmf-dist/tex/latex/amsfonts/umsb.fd
File: umsb.fd 2013/01/14 v3.01 AMS symbols B
)
<world_map.pdf, id=4, 642.4pt x 357.335pt>
File: world_map.pdf Graphic file (type pdf)
 <use world_map.pdf>
Package pdftex.def Info: world_map.pdf used on input line 6.
(pdftex.def)             Requested size: 194.88777pt x 108.405pt.

<world_map_belief.pdf, id=5, 170.76428pt x 364.99135pt>
File: world_map_belief.pdf Graphic file (type pdf)

<use world_map_belief.pdf>
Package pdftex.def Info: world_map_belief.pdf used on input line 7.
(pdftex.def)             Requested size: 50.71896pt x 108.405pt.

<random_block_marg.pdf, id=6, 646.5393pt x 362.22723pt>
File: random_block_marg.pdf Graphic file (type pdf)

<use random_block_marg.pdf>
Package pdftex.def Info: random_block_marg.pdf used on input line 27.
(pdftex.def)             Requested size: 128.98987pt x 72.26999pt.
 <random_block.pdf, id=7, 646.5393pt x 362.22723pt>
File: random_block.pdf Graphic file (type pdf)

<use random_block.pdf>
Package pdftex.def Info: random_block.pdf used on input line 27.
(pdftex.def)             Requested size: 128.98987pt x 72.26999pt.

<random_room_belief.pdf, id=8, 646.5393pt x 362.22795pt>
File: random_room_belief.pdf Graphic file (type pdf)

<use random_room_belief.pdf>
Package pdftex.def Info: random_room_belief.pdf used on input line 33.
(pdftex.def)             Requested size: 128.98987pt x 72.26999pt.
 <random_room.pdf, id=9, 642.4pt x 357.335pt>
File: random_room.pdf Graphic file (type pdf)

<use random_room.pdf>
Package pdftex.def Info: random_room.pdf used on input line 33.
(pdftex.def)             Requested size: 129.91864pt x 72.26999pt.
 <first_view.pdf, id=10, 311.564pt x 306.746pt>
File: first_view.pdf Graphic file (type pdf)

<use first_view.pdf>
Package pdftex.def Info: first_view.pdf used on input line 54.
(pdftex.def)             Requested size: 108.405pt x 106.72615pt.
 <first_hypoth.pdf, id=11, 311.564pt x 306.746pt>
File: first_hypoth.pdf Graphic file (type pdf)

<use first_hypoth.pdf>
Package pdftex.def Info: first_hypoth.pdf used on input line 56.
(pdftex.def)             Requested size: 108.405pt x 106.72615pt.
 <first_meas.pdf, id=12, 311.564pt x 306.746pt>
File: first_meas.pdf Graphic file (type pdf)

<use first_meas.pdf>
Package pdftex.def Info: first_meas.pdf used on input line 58.
(pdftex.def)             Requested size: 108.405pt x 106.72615pt.
 [1{/var/lib/texmf/fonts/map/pdftex/updmap/pdftex.map}

 <./world_map.pdf> <./world_map_belief.pdf

pdfTeX warning: /usr/bin/pdflatex (file ./world_map_belief.pdf): PDF inclusion:
 multiple pdfs with page group included in a single page
>] [2 <./random_block_marg.pdf> <./random_block.pdf

pdfTeX warning: /usr/bin/pdflatex (file ./random_block.pdf): PDF inclusion: mul
tiple pdfs with page group included in a single page
> <./random_room_belief.pdf

pdfTeX warning: /usr/bin/pdflatex (file ./random_room_belief.pdf): PDF inclusio
n: multiple pdfs with page group included in a single page
> <./random_room.pdf

pdfTeX warning: /usr/bin/pdflatex (file ./random_room.pdf): PDF inclusion: mult
iple pdfs with page group included in a single page
> <./first_view.pdf

pdfTeX warning: /usr/bin/pdflatex (file ./first_view.pdf): PDF inclusion: multi
ple pdfs with page group included in a single page
> <./first_hypoth.pdf

pdfTeX warning: /usr/bin/pdflatex (file ./first_hypoth.pdf): PDF inclusion: mul
tiple pdfs with page group included in a single page
> <./first_meas.pdf

pdfTeX warning: /usr/bin/pdflatex (file ./first_meas.pdf): PDF inclusion: multi
ple pdfs with page group included in a single page
>]
LaTeX Font Info:    Try loading font information for U+bbm on input line 140.
 (/usr/share/texlive/texmf-dist/tex/latex/bbm-macros/ubbm.fd
File: ubbm.fd 1999/03/15 V 1.2 Font definition for bbm font - TH
) [3]
Overfull \hbox (0.95528pt too wide) in paragraph at lines 207--207
[] 
 []

<JEnergy1.pdf, id=172, 324.21124pt x 275.0275pt>
File: JEnergy1.pdf Graphic file (type pdf)
 <use JEnergy1.pdf>
Package pdftex.def Info: JEnergy1.pdf used on input line 226.
(pdftex.def)             Requested size: 110.7498pt x 93.95122pt.

<JEnergy25.pdf, id=173, 335.2525pt x 275.0275pt>
File: JEnergy25.pdf Graphic file (type pdf)
 <use JEnergy25.pdf>
Package pdftex.def Info: JEnergy25.pdf used on input line 229.
(pdftex.def)             Requested size: 114.52147pt x 93.95122pt.

<penetration1.pdf, id=174, 272.01625pt x 274.02374pt>
File: penetration1.pdf Graphic file (type pdf)
 <use penetration1.pdf>
Package pdftex.def Info: penetration1.pdf used on input line 231.
(pdftex.def)             Requested size: 93.26462pt x 93.95122pt.


Package natbib Warning: Citation `valenteTS13' on page 4 undefined on input lin
e 248.

[4] [5 <./JEnergy1.pdf> <./JEnergy25.pdf> <./penetration1.pdf>]
<media/voronoi_grid.pdf, id=207, 412.54124pt x 413.545pt>
File: media/voronoi_grid.pdf Graphic file (type pdf)

<use media/voronoi_grid.pdf>
Package pdftex.def Info: media/voronoi_grid.pdf used on input line 339.
(pdftex.def)             Requested size: 86.51031pt x 86.72377pt.

<media/voronoi_grid_closeup.pdf, id=208, 422.97124pt x 413.75877pt>
File: media/voronoi_grid_closeup.pdf Graphic file (type pdf)

<use media/voronoi_grid_closeup.pdf>
Package pdftex.def Info: media/voronoi_grid_closeup.pdf used on input line 342.

(pdftex.def)             Requested size: 88.65231pt x 86.72377pt.

<media/weight_profile.pdf, id=209, 428.5016pt x 354.92245pt>
File: media/weight_profile.pdf Graphic file (type pdf)

<use media/weight_profile.pdf>
Package pdftex.def Info: media/weight_profile.pdf used on input line 345.
(pdftex.def)             Requested size: 104.69939pt x 86.72377pt.

<hilo_ising.pdf, id=210, 487.43231pt x 181.88358pt>
File: hilo_ising.pdf Graphic file (type pdf)
 <use hilo_ising.pdf>
Package pdftex.def Info: hilo_ising.pdf used on input line 369.
(pdftex.def)             Requested size: 154.94026pt x 57.81621pt.
File: hilo_ising.pdf Graphic file (type pdf)

<use hilo_ising.pdf>
Package pdftex.def Info: hilo_ising.pdf used on input line 371.
(pdftex.def)             Requested size: 154.94026pt x 57.81621pt.
 <min_ising.pdf, id=211, 490.40662pt x 181.47801pt>
File: min_ising.pdf Graphic file (type pdf)

<use min_ising.pdf>
Package pdftex.def Info: min_ising.pdf used on input line 374.
(pdftex.def)             Requested size: 156.22992pt x 57.81621pt.
File: min_ising.pdf Graphic file (type pdf)
 <use min_ising.pdf>
Package pdftex.def Info: min_ising.pdf used on input line 376.
(pdftex.def)             Requested size: 156.22992pt x 57.81621pt.

Overfull \hbox (20.83684pt too wide) in paragraph at lines 367--385
 [][] 
 []

[6]

Package natbib Warning: Citation `geyer91' on page 7 undefined on input line 40
1.

[7 <./media/voronoi_grid.pdf> <./media/voronoi_grid_closeup.pdf

pdfTeX warning: /usr/bin/pdflatex (file ./media/voronoi_grid_closeup.pdf): PDF 
inclusion: multiple pdfs with page group included in a single page
> <./media/weight_profile.pdf

pdfTeX warning: /usr/bin/pdflatex (file ./media/weight_profile.pdf): PDF inclus
ion: multiple pdfs with page group included in a single page
> <./hilo_ising.pdf

pdfTeX warning: /usr/bin/pdflatex (file ./hilo_ising.pdf): PDF inclusion: multi
ple pdfs with page group included in a single page
> <./min_ising.pdf

pdfTeX warning: /usr/bin/pdflatex (file ./min_ising.pdf): PDF inclusion: multip
le pdfs with page group included in a single page
>] <ising000.pdf, id=316, 375.4025pt x 288.07625pt>
File: ising000.pdf Graphic file (type pdf)
 <use ising000.pdf>
Package pdftex.def Info: ising000.pdf used on input line 419.
(pdftex.def)             Requested size: 54.2025pt x 44.99995pt.

<ising100.pdf, id=318, 375.4025pt x 288.07625pt>
File: ising100.pdf Graphic file (type pdf)
 <use ising100.pdf>
Package pdftex.def Info: ising100.pdf used on input line 420.
(pdftex.def)             Requested size: 54.2025pt x 44.99995pt.

<ising225.pdf, id=320, 375.4025pt x 288.07625pt>
File: ising225.pdf Graphic file (type pdf)
 <use ising225.pdf>
Package pdftex.def Info: ising225.pdf used on input line 421.
(pdftex.def)             Requested size: 54.2025pt x 44.99995pt.

<ising400.pdf, id=322, 375.4025pt x 288.07625pt>
File: ising400.pdf Graphic file (type pdf)
 <use ising400.pdf>
Package pdftex.def Info: ising400.pdf used on input line 422.
(pdftex.def)             Requested size: 54.2025pt x 44.99995pt.

<visibility.pdf, id=324, 375.4025pt x 288.07625pt>
File: visibility.pdf Graphic file (type pdf)
 <use visibility.pdf>
Package pdftex.def Info: visibility.pdf used on input line 423.
(pdftex.def)             Requested size: 54.2025pt x 44.99995pt.

<marg000.pdf, id=326, 375.4025pt x 288.07625pt>
File: marg000.pdf Graphic file (type pdf)
 <use marg000.pdf>
Package pdftex.def Info: marg000.pdf used on input line 424.
(pdftex.def)             Requested size: 54.2025pt x 44.99995pt.

<marg100.pdf, id=328, 375.4025pt x 288.07625pt>
File: marg100.pdf Graphic file (type pdf)
 <use marg100.pdf>
Package pdftex.def Info: marg100.pdf used on input line 425.
(pdftex.def)             Requested size: 54.2025pt x 44.99995pt.

<marg225.pdf, id=330, 375.4025pt x 288.07625pt>
File: marg225.pdf Graphic file (type pdf)
 <use marg225.pdf>
Package pdftex.def Info: marg225.pdf used on input line 426.
(pdftex.def)             Requested size: 54.2025pt x 44.99995pt.

<marg400.pdf, id=332, 375.4025pt x 288.07625pt>
File: marg400.pdf Graphic file (type pdf)
 <use marg400.pdf>
Package pdftex.def Info: marg400.pdf used on input line 427.
(pdftex.def)             Requested size: 54.2025pt x 44.99995pt.
File: marg000.pdf Graphic file (type pdf)

<use marg000.pdf>
Package pdftex.def Info: marg000.pdf used on input line 429.
(pdftex.def)             Requested size: 54.2025pt x 44.99995pt.
File: marg000.pdf Graphic file (type pdf)
 <use marg000.pdf>
Package pdftex.def Info: marg000.pdf used on input line 431.
(pdftex.def)             Requested size: 54.2025pt x 44.99995pt.
File: marg100.pdf Graphic file (type pdf)
 <use marg100.pdf>
Package pdftex.def Info: marg100.pdf used on input line 433.
(pdftex.def)             Requested size: 54.2025pt x 44.99995pt.
File: marg225.pdf Graphic file (type pdf)
 <use marg225.pdf>
Package pdftex.def Info: marg225.pdf used on input line 435.
(pdftex.def)             Requested size: 54.2025pt x 44.99995pt.
File: marg400.pdf Graphic file (type pdf)

<use marg400.pdf>
Package pdftex.def Info: marg400.pdf used on input line 437.
(pdftex.def)             Requested size: 54.2025pt x 44.99995pt.

Overfull \hbox (2.67914pt too wide) in paragraph at lines 417--444
 [][] 
 []

<Penetration/ising_cell_001.png, id=339, 219.219pt x 298.716pt>
File: Penetration/ising_cell_001.png Graphic file (type png)

<use Penetration/ising_cell_001.png>
Package pdftex.def Info: Penetration/ising_cell_001.png used on input line 466.

(pdftex.def)             Requested size: 63.64212pt x 86.72377pt.

<Penetration/ising_penetration_001.pdf, id=340, 471.7625pt x 393.47pt>
File: Penetration/ising_penetration_001.pdf Graphic file (type pdf)

<use Penetration/ising_penetration_001.pdf>
Package pdftex.def Info: Penetration/ising_penetration_001.pdf used on input li
ne 467.
(pdftex.def)             Requested size: 103.97522pt x 86.72377pt.

<Penetration/ising_extinction_001.pdf, id=341, 468.75125pt x 393.47pt>
File: Penetration/ising_extinction_001.pdf Graphic file (type pdf)

<use Penetration/ising_extinction_001.pdf>
Package pdftex.def Info: Penetration/ising_extinction_001.pdf used on input lin
e 468.
(pdftex.def)             Requested size: 103.31155pt x 86.72377pt.

<Penetration/ising_cell_004.png, id=342, 240.9pt x 321.2pt>
File: Penetration/ising_cell_004.png Graphic file (type png)

<use Penetration/ising_cell_004.png>
Package pdftex.def Info: Penetration/ising_cell_004.png used on input line 469.

(pdftex.def)             Requested size: 65.04018pt x 86.72377pt.

<Penetration/ising_penetration_004.pdf, id=343, 471.7625pt x 393.47pt>
File: Penetration/ising_penetration_004.pdf Graphic file (type pdf)

<use Penetration/ising_penetration_004.pdf>
Package pdftex.def Info: Penetration/ising_penetration_004.pdf used on input li
ne 470.
(pdftex.def)             Requested size: 103.97522pt x 86.72377pt.

<Penetration/ising_extinction_004.pdf, id=344, 468.75125pt x 393.47pt>
File: Penetration/ising_extinction_004.pdf Graphic file (type pdf)

<use Penetration/ising_extinction_004.pdf>
Package pdftex.def Info: Penetration/ising_extinction_004.pdf used on input lin
e 471.
(pdftex.def)             Requested size: 103.31155pt x 86.72377pt.

<Penetration/ising_cell_009.png, id=345, 219.219pt x 298.716pt>
File: Penetration/ising_cell_009.png Graphic file (type png)

<use Penetration/ising_cell_009.png>
Package pdftex.def Info: Penetration/ising_cell_009.png used on input line 472.

(pdftex.def)             Requested size: 63.64212pt x 86.72377pt.

<Penetration/ising_penetration_009.pdf, id=346, 471.7625pt x 393.47pt>
File: Penetration/ising_penetration_009.pdf Graphic file (type pdf)

<use Penetration/ising_penetration_009.pdf>
Package pdftex.def Info: Penetration/ising_penetration_009.pdf used on input li
ne 473.
(pdftex.def)             Requested size: 103.97522pt x 86.72377pt.

<Penetration/ising_extinction_009.pdf, id=347, 468.75125pt x 393.47pt>
File: Penetration/ising_extinction_009.pdf Graphic file (type pdf)

<use Penetration/ising_extinction_009.pdf>
Package pdftex.def Info: Penetration/ising_extinction_009.pdf used on input lin
e 474.
(pdftex.def)             Requested size: 103.31155pt x 86.72377pt.

<Penetration/ising_cell_016.png, id=348, 219.219pt x 298.716pt>
File: Penetration/ising_cell_016.png Graphic file (type png)

<use Penetration/ising_cell_016.png>
Package pdftex.def Info: Penetration/ising_cell_016.png used on input line 475.

(pdftex.def)             Requested size: 63.64212pt x 86.72377pt.

<Penetration/ising_penetration_016.pdf, id=349, 471.7625pt x 393.47pt>
File: Penetration/ising_penetration_016.pdf Graphic file (type pdf)

<use Penetration/ising_penetration_016.pdf>
Package pdftex.def Info: Penetration/ising_penetration_016.pdf used on input li
ne 476.
(pdftex.def)             Requested size: 103.97522pt x 86.72377pt.

<Penetration/ising_extinction_016.pdf, id=350, 468.75125pt x 393.47pt>
File: Penetration/ising_extinction_016.pdf Graphic file (type pdf)

<use Penetration/ising_extinction_016.pdf>
Package pdftex.def Info: Penetration/ising_extinction_016.pdf used on input lin
e 477.
(pdftex.def)             Requested size: 103.31155pt x 86.72377pt.

<Penetration/ising_cell_025.png, id=351, 219.219pt x 298.716pt>
File: Penetration/ising_cell_025.png Graphic file (type png)

<use Penetration/ising_cell_025.png>
Package pdftex.def Info: Penetration/ising_cell_025.png used on input line 478.

(pdftex.def)             Requested size: 63.64212pt x 86.72377pt.

<Penetration/ising_penetration_025.pdf, id=352, 471.7625pt x 393.47pt>
File: Penetration/ising_penetration_025.pdf Graphic file (type pdf)

<use Penetration/ising_penetration_025.pdf>
Package pdftex.def Info: Penetration/ising_penetration_025.pdf used on input li
ne 479.
(pdftex.def)             Requested size: 103.97522pt x 86.72377pt.

<Penetration/ising_extinction_025.pdf, id=353, 468.75125pt x 393.47pt>
File: Penetration/ising_extinction_025.pdf Graphic file (type pdf)

<use Penetration/ising_extinction_025.pdf>
Package pdftex.def Info: Penetration/ising_extinction_025.pdf used on input lin
e 480.
(pdftex.def)             Requested size: 103.31155pt x 86.72377pt.

<media/poisson_disk.pdf, id=354, 214.8025pt x 215.80624pt>
File: media/poisson_disk.pdf Graphic file (type pdf)

<use media/poisson_disk.pdf>
Package pdftex.def Info: media/poisson_disk.pdf used on input line 510.
(pdftex.def)             Requested size: 93.51372pt x 93.95122pt.

<media/voronoi.png, id=355, 210.897pt x 209.9115pt>
File: media/voronoi.png Graphic file (type png)
 <use media/voronoi.png>
Package pdftex.def Info: media/voronoi.png used on input line 514.
(pdftex.def)             Requested size: 94.39432pt x 93.95122pt.

<media/voronoi_chex.pdf, id=357, 204.765pt x 209.78375pt>
File: media/voronoi_chex.pdf Graphic file (type pdf)

<use media/voronoi_chex.pdf>
Package pdftex.def Info: media/voronoi_chex.pdf used on input line 518.
(pdftex.def)             Requested size: 91.70284pt x 93.95122pt.
 [8 <./ising000.pdf> <./ising100.pdf> <./ising225.pdf> <./ising400.pdf> <./visi
bility.pdf> <./marg000.pdf> <./marg100.pdf> <./marg225.pdf> <./marg400.pdf>] [9
 <./Penetration/ising_cell_001.png (PNG copy)> <./Penetration/ising_penetration
_001.pdf> <./Penetration/ising_extinction_001.pdf> <./Penetration/ising_cell_00
4.png> <./Penetration/ising_penetration_004.pdf> <./Penetration/ising_extinctio
n_004.pdf> <./Penetration/ising_cell_009.png> <./Penetration/ising_penetration_
009.pdf> <./Penetration/ising_extinction_009.pdf> <./Penetration/ising_cell_016
.png> <./Penetration/ising_penetration_016.pdf> <./Penetration/ising_extinction
_016.pdf> <./Penetration/ising_cell_025.png> <./Penetration/ising_penetration_0
25.pdf> <./Penetration/ising_extinction_025.pdf>]
<media/entropy_ising.pdf, id=661, 1907.125pt x 333.69916pt>
File: media/entropy_ising.pdf Graphic file (type pdf)

<use media/entropy_ising.pdf>
Package pdftex.def Info: media/entropy_ising.pdf used on input line 553.
(pdftex.def)             Requested size: 351.06659pt x 61.42993pt.

Overfull \hbox (12.73325pt too wide) in paragraph at lines 553--554
 [][] 
 []

<media/entropy_chex.pdf, id=662, 1907.125pt x 333.69916pt>
File: media/entropy_chex.pdf Graphic file (type pdf)

<use media/entropy_chex.pdf>
Package pdftex.def Info: media/entropy_chex.pdf used on input line 556.
(pdftex.def)             Requested size: 351.06659pt x 61.42993pt.

Overfull \hbox (9.39992pt too wide) in paragraph at lines 556--560
 [][] 
 []

[10 <./media/poisson_disk.pdf> <./media/voronoi.png> <./media/voronoi_chex.pdf>
 <./media/entropy_ising.pdf> <./media/entropy_chex.pdf

pdfTeX warning: /usr/bin/pdflatex (file ./media/entropy_chex.pdf): PDF inclusio
n: multiple pdfs with page group included in a single page
>] <media/weight_profiles.pdf, id=712, 607.54138pt x 271.13252pt>
File: media/weight_profiles.pdf Graphic file (type pdf)

<use media/weight_profiles.pdf>
Package pdftex.def Info: media/weight_profiles.pdf used on input line 583.
(pdftex.def)             Requested size: 361.34999pt x 161.26172pt.

Overfull \hbox (16.34999pt too wide) in paragraph at lines 583--590
 [][] 
 []

<samples.png, id=713, 541.02126pt x 583.17876pt>
File: samples.png Graphic file (type png)
 <use samples.png>
Package pdftex.def Info: samples.png used on input line 596.
(pdftex.def)             Requested size: 60.33804pt x 65.04256pt.

<W02.pdf, id=714, 416.55624pt x 313.17pt>
File: W02.pdf Graphic file (type pdf)
 <use W02.pdf>
Package pdftex.def Info: W02.pdf used on input line 600.
(pdftex.def)             Requested size: 65.04256pt x 48.89923pt.

<W04.pdf, id=715, 416.55624pt x 313.17pt>
File: W04.pdf Graphic file (type pdf)
 <use W04.pdf>
Package pdftex.def Info: W04.pdf used on input line 602.
(pdftex.def)             Requested size: 65.04256pt x 48.89923pt.

<W06.pdf, id=716, 422.57875pt x 312.16624pt>
File: W06.pdf Graphic file (type pdf)
 <use W06.pdf>
Package pdftex.def Info: W06.pdf used on input line 604.
(pdftex.def)             Requested size: 65.04256pt x 48.04707pt.

<W08.pdf, id=717, 422.57875pt x 313.17pt>
File: W08.pdf Graphic file (type pdf)
 <use W08.pdf>
Package pdftex.def Info: W08.pdf used on input line 606.
(pdftex.def)             Requested size: 65.04256pt x 48.20155pt.

<media/left_combos_hilite.pdf, id=718, 728.33421pt x 680.52713pt>
File: media/left_combos_hilite.pdf Graphic file (type pdf)

<use media/left_combos_hilite.pdf>
Package pdftex.def Info: media/left_combos_hilite.pdf used on input line 618.
(pdftex.def)             Requested size: 291.32852pt x 272.20602pt.

<media/right_combos_hilite.pdf, id=719, 728.33421pt x 680.52713pt>
File: media/right_combos_hilite.pdf Graphic file (type pdf)

<use media/right_combos_hilite.pdf>
Package pdftex.def Info: media/right_combos_hilite.pdf used on input line 619.
(pdftex.def)             Requested size: 291.32852pt x 272.20602pt.

<../Speedup/Parallel_Bits/iso-01.png, id=720, 335.2525pt x 222.8325pt>
File: ../Speedup/Parallel_Bits/iso-01.png Graphic file (type png)

<use ../Speedup/Parallel_Bits/iso-01.png>
Package pdftex.def Info: ../Speedup/Parallel_Bits/iso-01.png used on input line
 668.
(pdftex.def)             Requested size: 71.8576pt x 54.2025pt.

<../Speedup/Parallel_Bits/iso-02.png, id=722, 335.2525pt x 222.8325pt>
File: ../Speedup/Parallel_Bits/iso-02.png Graphic file (type png)

<use ../Speedup/Parallel_Bits/iso-02.png>
Package pdftex.def Info: ../Speedup/Parallel_Bits/iso-02.png used on input line
 669.
(pdftex.def)             Requested size: 71.8576pt x 54.2025pt.

<../Speedup/Parallel_Bits/iso-03.png, id=724, 335.2525pt x 222.8325pt>
File: ../Speedup/Parallel_Bits/iso-03.png Graphic file (type png)

<use ../Speedup/Parallel_Bits/iso-03.png>
Package pdftex.def Info: ../Speedup/Parallel_Bits/iso-03.png used on input line
 670.
(pdftex.def)             Requested size: 71.8576pt x 54.2025pt.

<../Speedup/Parallel_Bits/iso-04.png, id=726, 335.2525pt x 222.8325pt>
File: ../Speedup/Parallel_Bits/iso-04.png Graphic file (type png)

<use ../Speedup/Parallel_Bits/iso-04.png>
Package pdftex.def Info: ../Speedup/Parallel_Bits/iso-04.png used on input line
 671.
(pdftex.def)             Requested size: 71.8576pt x 54.2025pt.

<../Speedup/Parallel_Bits/par025.pdf, id=728, 376.40625pt x 288.07625pt>
File: ../Speedup/Parallel_Bits/par025.pdf Graphic file (type pdf)

<use ../Speedup/Parallel_Bits/par025.pdf>
Package pdftex.def Info: ../Speedup/Parallel_Bits/par025.pdf used on input line
 673.
(pdftex.def)             Requested size: 71.83784pt x 54.2025pt.

<../Speedup/Parallel_Bits/par100.pdf, id=730, 376.40625pt x 288.07625pt>
File: ../Speedup/Parallel_Bits/par100.pdf Graphic file (type pdf)

<use ../Speedup/Parallel_Bits/par100.pdf>
Package pdftex.def Info: ../Speedup/Parallel_Bits/par100.pdf used on input line
 674.
(pdftex.def)             Requested size: 71.83784pt x 54.2025pt.

<../Speedup/Parallel_Bits/par225.pdf, id=732, 376.40625pt x 288.07625pt>
File: ../Speedup/Parallel_Bits/par225.pdf Graphic file (type pdf)

<use ../Speedup/Parallel_Bits/par225.pdf>
Package pdftex.def Info: ../Speedup/Parallel_Bits/par225.pdf used on input line
 675.
(pdftex.def)             Requested size: 71.83784pt x 54.2025pt.

<../Speedup/Parallel_Bits/par400.pdf, id=734, 376.40625pt x 288.07625pt>
File: ../Speedup/Parallel_Bits/par400.pdf Graphic file (type pdf)

<use ../Speedup/Parallel_Bits/par400.pdf>
Package pdftex.def Info: ../Speedup/Parallel_Bits/par400.pdf used on input line
 676.
(pdftex.def)             Requested size: 71.83784pt x 54.2025pt.
 [11 <./media/weight_profiles.pdf>]
[12 <./samples.png (PNG copy)> <./W02.pdf> <./W04.pdf> <./W06.pdf> <./W08.pdf>]
[13 <./media/left_combos_hilite.pdf> <./media/right_combos_hilite.pdf

pdfTeX warning: /usr/bin/pdflatex (file ./media/right_combos_hilite.pdf): PDF i
nclusion: multiple pdfs with page group included in a single page
>] <../Speedup/Parallel_Bits/isingup.pdf, id=856, 386.44376pt x 317.185pt>
File: ../Speedup/Parallel_Bits/isingup.pdf Graphic file (type pdf)

<use ../Speedup/Parallel_Bits/isingup.pdf>
Package pdftex.def Info: ../Speedup/Parallel_Bits/isingup.pdf used on input lin
e 737.
(pdftex.def)             Requested size: 108.405pt x 88.97574pt.

<../Speedup/Parallel_Bits/bitup.pdf, id=857, 386.44376pt x 317.185pt>
File: ../Speedup/Parallel_Bits/bitup.pdf Graphic file (type pdf)

<use ../Speedup/Parallel_Bits/bitup.pdf>
Package pdftex.def Info: ../Speedup/Parallel_Bits/bitup.pdf used on input line 
738.
(pdftex.def)             Requested size: 108.405pt x 88.97574pt.

<../Speedup/Parallel_Bits/parcompare.pdf, id=858, 386.44376pt x 307.1475pt>
File: ../Speedup/Parallel_Bits/parcompare.pdf Graphic file (type pdf)

<use ../Speedup/Parallel_Bits/parcompare.pdf>
Package pdftex.def Info: ../Speedup/Parallel_Bits/parcompare.pdf used on input 
line 739.
(pdftex.def)             Requested size: 108.405pt x 86.16005pt.
 [14 <../Speedup/Parallel_Bits/iso-01.png> <../Speedup/Parallel_Bits/iso-02.png
> <../Speedup/Parallel_Bits/iso-03.png> <../Speedup/Parallel_Bits/iso-04.png> <
../Speedup/Parallel_Bits/par025.pdf> <../Speedup/Parallel_Bits/par100.pdf> <../
Speedup/Parallel_Bits/par225.pdf> <../Speedup/Parallel_Bits/par400.pdf>] [15 <.
./Speedup/Parallel_Bits/isingup.pdf> <../Speedup/Parallel_Bits/bitup.pdf> <../S
peedup/Parallel_Bits/parcompare.pdf>] <2D/scene_01.png, id=920, 353.6412pt x 35
4.123pt>
File: 2D/scene_01.png Graphic file (type png)
 <use 2D/scene_01.png>
Package pdftex.def Info: 2D/scene_01.png used on input line 823.
(pdftex.def)             Requested size: 93.95122pt x 94.0799pt.

<2D/marginal_01.png, id=921, 353.6412pt x 354.123pt>
File: 2D/marginal_01.png Graphic file (type png)
 <use 2D/marginal_01.png>
Package pdftex.def Info: 2D/marginal_01.png used on input line 824.
(pdftex.def)             Requested size: 93.95122pt x 94.0799pt.

<2D/energy_01.png, id=922, 353.6412pt x 354.123pt>
File: 2D/energy_01.png Graphic file (type png)
 <use 2D/energy_01.png>
Package pdftex.def Info: 2D/energy_01.png used on input line 825.
(pdftex.def)             Requested size: 93.95122pt x 94.0799pt.

<2D/scene_02.png, id=923, 353.6412pt x 354.123pt>
File: 2D/scene_02.png Graphic file (type png)
 <use 2D/scene_02.png>
Package pdftex.def Info: 2D/scene_02.png used on input line 826.
(pdftex.def)             Requested size: 93.95122pt x 94.0799pt.

<2D/marginal_02.png, id=924, 353.6412pt x 354.123pt>
File: 2D/marginal_02.png Graphic file (type png)
 <use 2D/marginal_02.png>
Package pdftex.def Info: 2D/marginal_02.png used on input line 827.
(pdftex.def)             Requested size: 93.95122pt x 94.0799pt.
File: 2D/energy_01.png Graphic file (type png)

<use 2D/energy_01.png>
Package pdftex.def Info: 2D/energy_01.png used on input line 828.
(pdftex.def)             Requested size: 93.95122pt x 94.0799pt.
 <2D/scene_03.png, id=925, 353.6412pt x 354.123pt>
File: 2D/scene_03.png Graphic file (type png)

<use 2D/scene_03.png>
Package pdftex.def Info: 2D/scene_03.png used on input line 829.
(pdftex.def)             Requested size: 93.95122pt x 94.0799pt.
 <2D/marginal_03.png, id=926, 353.6412pt x 354.123pt>
File: 2D/marginal_03.png Graphic file (type png)

<use 2D/marginal_03.png>
Package pdftex.def Info: 2D/marginal_03.png used on input line 830.
(pdftex.def)             Requested size: 93.95122pt x 94.0799pt.
 <2D/energy_03.png, id=927, 353.6412pt x 354.123pt>
File: 2D/energy_03.png Graphic file (type png)

<use 2D/energy_03.png>
Package pdftex.def Info: 2D/energy_03.png used on input line 831.
(pdftex.def)             Requested size: 93.95122pt x 94.0799pt.
 <2D/scene_04.png, id=928, 353.6412pt x 354.123pt>
File: 2D/scene_04.png Graphic file (type png)

<use 2D/scene_04.png>
Package pdftex.def Info: 2D/scene_04.png used on input line 832.
(pdftex.def)             Requested size: 93.95122pt x 94.0799pt.
 <2D/marginal_04.png, id=929, 353.6412pt x 354.123pt>
File: 2D/marginal_04.png Graphic file (type png)

<use 2D/marginal_04.png>
Package pdftex.def Info: 2D/marginal_04.png used on input line 833.
(pdftex.def)             Requested size: 93.95122pt x 94.0799pt.
 <2D/energy_04.png, id=930, 353.6412pt x 354.123pt>
File: 2D/energy_04.png Graphic file (type png)

<use 2D/energy_04.png>
Package pdftex.def Info: 2D/energy_04.png used on input line 834.
(pdftex.def)             Requested size: 93.95122pt x 94.0799pt.
 <2D/scene_05.png, id=931, 353.6412pt x 354.123pt>
File: 2D/scene_05.png Graphic file (type png)

<use 2D/scene_05.png>
Package pdftex.def Info: 2D/scene_05.png used on input line 835.
(pdftex.def)             Requested size: 93.95122pt x 94.0799pt.
 <2D/marginal_05.png, id=932, 353.6412pt x 354.123pt>
File: 2D/marginal_05.png Graphic file (type png)

<use 2D/marginal_05.png>
Package pdftex.def Info: 2D/marginal_05.png used on input line 836.
(pdftex.def)             Requested size: 93.95122pt x 94.0799pt.
 <2D/energy_05.png, id=933, 353.6412pt x 354.123pt>
File: 2D/energy_05.png Graphic file (type png)

<use 2D/energy_05.png>
Package pdftex.def Info: 2D/energy_05.png used on input line 837.
(pdftex.def)             Requested size: 93.95122pt x 94.0799pt.
File: 2D/scene_05.png Graphic file (type png)
 <use 2D/scene_05.png>
Package pdftex.def Info: 2D/scene_05.png used on input line 839.
(pdftex.def)             Requested size: 108.405pt x 108.5504pt.
File: 2D/marginal_05.png Graphic file (type png)
 <use 2D/marginal_05.png>
Package pdftex.def Info: 2D/marginal_05.png used on input line 841.
(pdftex.def)             Requested size: 108.405pt x 108.5504pt.
File: 2D/energy_05.png Graphic file (type png)

<use 2D/energy_05.png>
Package pdftex.def Info: 2D/energy_05.png used on input line 843.
(pdftex.def)             Requested size: 108.405pt x 108.5504pt.

Overfull \hbox (26.21498pt too wide) in paragraph at lines 822--849
 [][] 
 []

<view_01.png, id=934, 421.575pt x 345.29pt>
File: view_01.png Graphic file (type png)
 <use view_01.png>
Package pdftex.def Info: view_01.png used on input line 854.
(pdftex.def)             Requested size: 108.405pt x 88.78802pt.

<marginal_01.png, id=935, 421.575pt x 351.3125pt>
File: marginal_01.png Graphic file (type png)
 <use marginal_01.png>
Package pdftex.def Info: marginal_01.png used on input line 855.
(pdftex.def)             Requested size: 108.405pt x 90.33665pt.

<energy_01.png, id=936, 421.575pt x 351.3125pt>
File: energy_01.png Graphic file (type png)
 <use energy_01.png>
Package pdftex.def Info: energy_01.png used on input line 856.
(pdftex.def)             Requested size: 108.405pt x 90.33665pt.

<view_02.png, id=937, 421.575pt x 345.29pt>
File: view_02.png Graphic file (type png)
 <use view_02.png>
Package pdftex.def Info: view_02.png used on input line 857.
(pdftex.def)             Requested size: 108.405pt x 88.78802pt.

<marginal_02.png, id=938, 421.575pt x 351.3125pt>
File: marginal_02.png Graphic file (type png)
 <use marginal_02.png>
Package pdftex.def Info: marginal_02.png used on input line 858.
(pdftex.def)             Requested size: 108.405pt x 90.33665pt.

<energy_02.png, id=939, 421.575pt x 351.3125pt>
File: energy_02.png Graphic file (type png)
 <use energy_02.png>
Package pdftex.def Info: energy_02.png used on input line 859.
(pdftex.def)             Requested size: 108.405pt x 90.33665pt.

<view_03.png, id=940, 421.575pt x 345.29pt>
File: view_03.png Graphic file (type png)
 <use view_03.png>
Package pdftex.def Info: view_03.png used on input line 860.
(pdftex.def)             Requested size: 108.405pt x 88.78802pt.

<marginal_03.png, id=941, 421.575pt x 351.3125pt>
File: marginal_03.png Graphic file (type png)
 <use marginal_03.png>
Package pdftex.def Info: marginal_03.png used on input line 861.
(pdftex.def)             Requested size: 108.405pt x 90.33665pt.

<energy_03.png, id=942, 421.575pt x 351.3125pt>
File: energy_03.png Graphic file (type png)
 <use energy_03.png>
Package pdftex.def Info: energy_03.png used on input line 862.
(pdftex.def)             Requested size: 108.405pt x 90.33665pt.

<view_04.png, id=943, 421.575pt x 345.29pt>
File: view_04.png Graphic file (type png)
 <use view_04.png>
Package pdftex.def Info: view_04.png used on input line 863.
(pdftex.def)             Requested size: 108.405pt x 88.78802pt.

<marginal_04.png, id=944, 421.575pt x 350.30875pt>
File: marginal_04.png Graphic file (type png)
 <use marginal_04.png>
Package pdftex.def Info: marginal_04.png used on input line 864.
(pdftex.def)             Requested size: 108.405pt x 90.07855pt.

<energy_04.png, id=945, 421.575pt x 351.3125pt>
File: energy_04.png Graphic file (type png)
 <use energy_04.png>
Package pdftex.def Info: energy_04.png used on input line 865.
(pdftex.def)             Requested size: 108.405pt x 90.33665pt.

<view_05.png, id=946, 421.575pt x 345.29pt>
File: view_05.png Graphic file (type png)
 <use view_05.png>
Package pdftex.def Info: view_05.png used on input line 866.
(pdftex.def)             Requested size: 108.405pt x 88.78802pt.

<marginal_05.png, id=947, 421.575pt x 350.30875pt>
File: marginal_05.png Graphic file (type png)
 <use marginal_05.png>
Package pdftex.def Info: marginal_05.png used on input line 867.
(pdftex.def)             Requested size: 108.405pt x 90.07855pt.

<energy_05.png, id=948, 453.695pt x 410.53375pt>
File: energy_05.png Graphic file (type png)
 <use energy_05.png>
Package pdftex.def Info: energy_05.png used on input line 868.
(pdftex.def)             Requested size: 108.405pt x 98.09161pt.
File: view_05.png Graphic file (type png)

<use view_05.png>
Package pdftex.def Info: view_05.png used on input line 870.
(pdftex.def)             Requested size: 108.405pt x 88.78802pt.
File: marginal_05.png Graphic file (type png)
 <use marginal_05.png>
Package pdftex.def Info: marginal_05.png used on input line 872.
(pdftex.def)             Requested size: 108.405pt x 90.07855pt.
File: energy_05.png Graphic file (type png)
 <use energy_05.png>
Package pdftex.def Info: energy_05.png used on input line 874.
(pdftex.def)             Requested size: 108.405pt x 98.09161pt.

Overfull \hbox (26.21498pt too wide) in paragraph at lines 853--876
 [][] 
 []


Package natbib Warning: Citation `lacoin2011zero' on page 16 undefined on input
 line 882.


LaTeX Warning: Reference `equi' on page 16 undefined on input line 910.

[16] [17 <./2D/scene_01.png> <./2D/marginal_01.png (PNG copy)> <./2D/energy_01.
png (PNG copy)> <./2D/scene_02.png> <./2D/marginal_02.png> <./2D/scene_03.png (
PNG copy)> <./2D/marginal_03.png> <./2D/energy_03.png (PNG copy)> <./2D/scene_0
4.png (PNG copy)> <./2D/marginal_04.png> <./2D/energy_04.png (PNG copy)> <./2D/
scene_05.png> <./2D/marginal_05.png (PNG copy)> <./2D/energy_05.png>] [18 <./vi
ew_01.png (PNG copy)> <./marginal_01.png (PNG copy)> <./energy_01.png (PNG copy
)> <./view_02.png (PNG copy)> <./marginal_02.png (PNG copy)> <./energy_02.png (
PNG copy)> <./view_03.png (PNG copy)> <./marginal_03.png (PNG copy)> <./energy_
03.png (PNG copy)> <./view_04.png (PNG copy)> <./marginal_04.png (PNG copy)> <.
/energy_04.png (PNG copy)> <./view_05.png (PNG copy)> <./marginal_05.png (PNG c
opy)> <./energy_05.png (PNG copy)>]
<simple_stats.pdf, id=958, 532.99126pt x 117.43875pt>
File: simple_stats.pdf Graphic file (type pdf)
 <use simple_stats.pdf>
Package pdftex.def Info: simple_stats.pdf used on input line 961.
(pdftex.def)             Requested size: 433.62pt x 95.54596pt.

<ising_cropped.pdf, id=959, 532.99126pt x 118.4425pt>
File: ising_cropped.pdf Graphic file (type pdf)
 <use ising_cropped.pdf>
Package pdftex.def Info: ising_cropped.pdf used on input line 964.
(pdftex.def)             Requested size: 433.62pt x 96.3626pt.

Overfull \hbox (95.28665pt too wide) in paragraph at lines 961--966
 [][] 
 []


Overfull \hbox (95.28665pt too wide) in paragraph at lines 961--966
 [] 
 []


Package natbib Warning: Citation `valenteTS13' on page 19 undefined on input li
ne 969.

)

Package natbib Warning: There were undefined citations.

[19] [20 <./simple_stats.pdf> <./ising_cropped.pdf>] (./main.aux)

LaTeX Warning: There were undefined references.

 ) 
Here is how much of TeX's memory you used:
 14549 strings out of 495028
 259835 string characters out of 6181497
 308554 words of memory out of 5000000
 17329 multiletter control sequences out of 15000+600000
 12370 words of font info for 50 fonts, out of 8000000 for 9000
 14 hyphenation exceptions out of 8191
 65i,23n,92p,1181b,486s stack positions out of 5000i,500n,10000p,200000b,80000s
 </home/josh/.texmf-var/fonts/pk/ljfour/public/bbm/bbm10.600pk></usr/share/te
xlive/texmf-dist/fonts/type1/public/amsfonts/cm/cmbx10.pfb></usr/share/texlive/
texmf-dist/fonts/type1/public/amsfonts/cm/cmbx12.pfb></usr/share/texlive/texmf-
dist/fonts/type1/public/amsfonts/cm/cmex10.pfb></usr/share/texlive/texmf-dist/f
onts/type1/public/amsfonts/cm/cmmi10.pfb></usr/share/texlive/texmf-dist/fonts/t
ype1/public/amsfonts/cm/cmmi5.pfb></usr/share/texlive/texmf-dist/fonts/type1/pu
blic/amsfonts/cm/cmmi7.pfb></usr/share/texlive/texmf-dist/fonts/type1/public/am
sfonts/cm/cmmi8.pfb></usr/share/texlive/texmf-dist/fonts/type1/public/amsfonts/
cm/cmr10.pfb></usr/share/texlive/texmf-dist/fonts/type1/public/amsfonts/cm/cmr5
.pfb></usr/share/texlive/texmf-dist/fonts/type1/public/amsfonts/cm/cmr6.pfb></u
sr/share/texlive/texmf-dist/fonts/type1/public/amsfonts/cm/cmr7.pfb></usr/share
/texlive/texmf-dist/fonts/type1/public/amsfonts/cm/cmr8.pfb></usr/share/texlive
/texmf-dist/fonts/type1/public/amsfonts/cm/cmsy10.pfb></usr/share/texlive/texmf
-dist/fonts/type1/public/amsfonts/cm/cmsy5.pfb></usr/share/texlive/texmf-dist/f
onts/type1/public/amsfonts/cm/cmsy7.pfb></usr/share/texlive/texmf-dist/fonts/ty
pe1/public/amsfonts/cm/cmti10.pfb></usr/share/texlive/texmf-dist/fonts/type1/pu
blic/amsfonts/cm/cmtt8.pfb></usr/share/texlive/texmf-dist/fonts/type1/public/am
sfonts/symbols/msam10.pfb></usr/share/texlive/texmf-dist/fonts/type1/public/ams
fonts/symbols/msbm10.pfb></usr/share/texlive/texmf-dist/fonts/type1/public/amsf
onts/symbols/msbm7.pfb></usr/share/texmf/fonts/type1/public/tex-gyre/qbkr.pfb><
/usr/share/texmf/fonts/type1/public/tex-gyre/qbkri.pfb></usr/share/texmf/fonts/
type1/public/tex-gyre/qzcmi.pfb></usr/share/texlive/texmf-dist/fonts/type1/urw/
helvetic/uhvr8a.pfb></usr/share/texlive/texmf-dist/fonts/type1/urw/helvetic/uhv
ro8a.pfb>
Output written on main.pdf (20 pages, 4755377 bytes).
PDF statistics:
 1168 PDF objects out of 1200 (max. 8388607)
 740 compressed objects within 8 object streams
 0 named destinations out of 1000 (max. 500000)
 625 words of extra memory for PDF output out of 10000 (max. 10000000)

