This is XeTeX, Version 3.14159265-2.6-0.99992 (TeX Live 2015/dev/Debian) (preloaded format=xelatex 2015.6.2)  10 SEP 2015 17:04
entering extended mode
 restricted \write18 enabled.
 %&-line parsing enabled.
**HernandezThesis.tex
(./HernandezThesis.tex
LaTeX2e <2014/05/01>
Babel <3.9l> and hyphenation patterns for 79 languages loaded.
(./uclathes.cls
Document Class: uclathes 2012/05/02, 2.0
UCLA 2.0 port copyright (C) 2012 by Jose Hales-Garcia.
Please send bug reports and graduation notices to <jolohaga@me.com>.
LaTeX2e port copyright (C) 1995 by John Heidemann.
Copyright (C) 1988 by Richard B. Wales, copyright (C) 1985 by Leslie Lamport.
(/usr/share/texlive/texmf-dist/tex/latex/base/ifthen.sty
Package: ifthen 2014/09/29 v1.1c Standard LaTeX ifthen package (DPC)
) (./uclathma.clo
File: uclathma 2012/05/03, 2.0
)
(./uclath12.clo
File: uclath12.clo 2012/05/03, 2.0
)
\descriptionmargin=\dimen102
\c@part=\count80
\c@chapter=\count81
\c@section=\count82
\c@subsection=\count83
\c@subsubsection=\count84
\c@paragraph=\count85
\c@subparagraph=\count86
\c@figure=\count87
\c@table=\count88
 (./uclathti.clo
File: uclathti 2012/05/03, 2.0
\c@chairs=\count89
\c@members=\count90
\c@vitaitems=\count91
\c@publications=\count92
)) (./mymacros.tex
(/usr/share/texlive/texmf-dist/tex/latex/amscls/amsthm.sty
Package: amsthm 2009/07/02 v2.20.1
\thm@style=\toks14
\thm@bodyfont=\toks15
\thm@headfont=\toks16
\thm@notefont=\toks17
\thm@headpunct=\toks18
\thm@preskip=\skip41
\thm@postskip=\skip42
\thm@headsep=\skip43
\dth@everypar=\toks19
)
(/usr/share/texlive/texmf-dist/tex/latex/amsmath/amsmath.sty
Package: amsmath 2013/01/14 v2.14 AMS math features
\@mathmargin=\skip44

For additional information on amsmath, use the `?' option.
(/usr/share/texlive/texmf-dist/tex/latex/amsmath/amstext.sty
Package: amstext 2000/06/29 v2.01

(/usr/share/texlive/texmf-dist/tex/latex/amsmath/amsgen.sty
File: amsgen.sty 1999/11/30 v2.0
\@emptytoks=\toks20
\ex@=\dimen103
))
(/usr/share/texlive/texmf-dist/tex/latex/amsmath/amsbsy.sty
Package: amsbsy 1999/11/29 v1.2d
\pmbraise@=\dimen104
)
(/usr/share/texlive/texmf-dist/tex/latex/amsmath/amsopn.sty
Package: amsopn 1999/12/14 v2.01 operator names
)
\inf@bad=\count93
LaTeX Info: Redefining \frac on input line 210.
\uproot@=\count94
\leftroot@=\count95
LaTeX Info: Redefining \overline on input line 306.
\classnum@=\count96
\DOTSCASE@=\count97
LaTeX Info: Redefining \ldots on input line 378.
LaTeX Info: Redefining \dots on input line 381.
LaTeX Info: Redefining \cdots on input line 466.
\Mathstrutbox@=\box26
\strutbox@=\box27
\big@size=\dimen105
LaTeX Font Info:    Redeclaring font encoding OML on input line 566.
LaTeX Font Info:    Redeclaring font encoding OMS on input line 567.
\macc@depth=\count98
\c@MaxMatrixCols=\count99
\dotsspace@=\muskip10
\c@parentequation=\count100
\dspbrk@lvl=\count101
\tag@help=\toks21
\row@=\count102
\column@=\count103
\maxfields@=\count104
\andhelp@=\toks22
\eqnshift@=\dimen106
\alignsep@=\dimen107
\tagshift@=\dimen108
\tagwidth@=\dimen109
\totwidth@=\dimen110
\lineht@=\dimen111
\@envbody=\toks23
\multlinegap=\skip45
\multlinetaggap=\skip46
\mathdisplay@stack=\toks24
LaTeX Info: Redefining \[ on input line 2665.
LaTeX Info: Redefining \] on input line 2666.
)
(/usr/share/texlive/texmf-dist/tex/latex/amsfonts/amssymb.sty
Package: amssymb 2013/01/14 v3.01 AMS font symbols

(/usr/share/texlive/texmf-dist/tex/latex/amsfonts/amsfonts.sty
Package: amsfonts 2013/01/14 v3.01 Basic AMSFonts support
\symAMSa=\mathgroup4
\symAMSb=\mathgroup5
LaTeX Font Info:    Overwriting math alphabet `\mathfrak' in version `bold'
(Font)                  U/euf/m/n --> U/euf/b/n on input line 106.
))
(/usr/share/texlive/texmf-dist/tex/latex/bbm-macros/bbm.sty
Package: bbm 1999/03/15 V 1.2 provides fonts for set symbols - TH
LaTeX Font Info:    Overwriting math alphabet `\mathbbm' in version `bold'
(Font)                  U/bbm/m/n --> U/bbm/bx/n on input line 33.
LaTeX Font Info:    Overwriting math alphabet `\mathbbmss' in version `bold'
(Font)                  U/bbmss/m/n --> U/bbmss/bx/n on input line 35.
)
(/usr/share/texlive/texmf-dist/tex/latex/mathtools/mathtools.sty
Package: mathtools 2014/07/16 v1.15 mathematical typesetting tools

(/usr/share/texlive/texmf-dist/tex/latex/graphics/keyval.sty
Package: keyval 2014/05/08 v1.15 key=value parser (DPC)
\KV@toks@=\toks25
)
(/usr/share/texlive/texmf-dist/tex/latex/tools/calc.sty
Package: calc 2014/10/28 v4.3 Infix arithmetic (KKT,FJ)
\calc@Acount=\count105
\calc@Bcount=\count106
\calc@Adimen=\dimen112
\calc@Bdimen=\dimen113
\calc@Askip=\skip47
\calc@Bskip=\skip48
LaTeX Info: Redefining \setlength on input line 75.
LaTeX Info: Redefining \addtolength on input line 76.
\calc@Ccount=\count107
\calc@Cskip=\skip49
)
(/usr/share/texlive/texmf-dist/tex/latex/mathtools/mhsetup.sty
Package: mhsetup 2010/01/21 v1.2a programming setup (MH)
)
LaTeX Info: Thecontrolsequence`\['isalreadyrobust on input line 129.
LaTeX Info: Thecontrolsequence`\]'isalreadyrobust on input line 129.
\g_MT_multlinerow_int=\count108
\l_MT_multwidth_dim=\dimen114
\origjot=\skip50
\l_MT_shortvdotswithinadjustabove_dim=\dimen115
\l_MT_shortvdotswithinadjustbelow_dim=\dimen116
\l_MT_above_intertext_sep=\dimen117
\l_MT_below_intertext_sep=\dimen118
\l_MT_above_shortintertext_sep=\dimen119
\l_MT_below_shortintertext_sep=\dimen120
)
(/usr/share/texlive/texmf-dist/tex/latex/subfigure/subfigure.sty
Package: subfigure 2002/03/15 v2.1.5 subfigure package


Package subfigure Warning: Your document class has a bad definition
 of \endfigure, most likely
 \let\endfigure=\end@float
 which has now been changed to
 \def\endfigure{\end@float}
 because otherwise subsequent changes to \end@float
 (like done by several packages changing float behaviour)
 can't take effect on \endfigure.
 Please complain to your document class author.


Package subfigure Warning: Your document class has a bad definition
 of \endtable, most likely
 \let\endtable=\end@float
 which has now been changed to
 \def\endtable{\end@float}
 because otherwise subsequent changes to \end@float
 (like done by several packages changing float behaviour)
 can't take effect on \endtable.
 Please complain to your document class author.

\subfigtopskip=\skip51
\subfigcapskip=\skip52
\subfigcaptopadj=\dimen121
\subfigbottomskip=\skip53
\subfigcapmargin=\dimen122
\subfiglabelskip=\skip54
\c@subfigure=\count109
\c@lofdepth=\count110
\c@subtable=\count111
\c@lotdepth=\count112
****************************************
* Local config file subfigure.cfg used *
****************************************
(/usr/share/texlive/texmf-dist/tex/latex/subfigure/subfigure.cfg)
\subfig@top=\skip55
\subfig@bottom=\skip56
)
(/usr/share/texlive/texmf-dist/tex/latex/placeins/placeins.sty
Package: placeins 2005/04/18  v 2.2
)
(/usr/share/texlive/texmf-dist/tex/latex/import/import.sty
Package: import 2009/03/23  v 5.1
)
(/usr/share/texlive/texmf-dist/tex/latex/graphics/graphicx.sty
Package: graphicx 2014/04/25 v1.0g Enhanced LaTeX Graphics (DPC,SPQR)

(/usr/share/texlive/texmf-dist/tex/latex/graphics/graphics.sty
Package: graphics 2009/02/05 v1.0o Standard LaTeX Graphics (DPC,SPQR)

(/usr/share/texlive/texmf-dist/tex/latex/graphics/trig.sty
Package: trig 1999/03/16 v1.09 sin cos tan (DPC)
)
(/usr/share/texlive/texmf-dist/tex/latex/latexconfig/graphics.cfg
File: graphics.cfg 2010/04/23 v1.9 graphics configuration of TeX Live
)
Package graphics Info: Driver file: xetex.def on input line 91.

(/usr/share/texlive/texmf-dist/tex/xelatex/xetex-def/xetex.def
File: xetex.def 2014/07/25 v4.03 LaTeX color/graphics driver for XeTeX (RRM/JK)

))
\Gin@req@height=\dimen123
\Gin@req@width=\dimen124
)
(/usr/share/texlive/texmf-dist/tex/latex/todonotes/todonotes.sty
Package: todonotes 2012/07/25 .dtx Todonotes source and documentation.
Package: todonotes 2012/07/25

(/usr/share/texlive/texmf-dist/tex/latex/xkeyval/xkeyval.sty
Package: xkeyval 2014/05/25 v2.7 package option processing (HA)

(/usr/share/texlive/texmf-dist/tex/generic/xkeyval/xkeyval.tex
(/usr/share/texlive/texmf-dist/tex/generic/xkeyval/xkvutils.tex
\XKV@toks=\toks26
\XKV@tempa@toks=\toks27
)
\XKV@depth=\count113
File: xkeyval.tex 2014/05/25 v2.7 key=value parser (HA)
))
(/usr/share/texlive/texmf-dist/tex/latex/xcolor/xcolor.sty
Package: xcolor 2007/01/21 v2.11 LaTeX color extensions (UK)

(/usr/share/texlive/texmf-dist/tex/latex/latexconfig/color.cfg
File: color.cfg 2007/01/18 v1.5 color configuration of teTeX/TeXLive
)
Package xcolor Info: Driver file: xetex.def on input line 225.
Package xcolor Info: Model `cmy' substituted by `cmy0' on input line 1337.
Package xcolor Info: Model `RGB' extended on input line 1353.
Package xcolor Info: Model `HTML' substituted by `rgb' on input line 1355.
Package xcolor Info: Model `Hsb' substituted by `hsb' on input line 1356.
Package xcolor Info: Model `tHsb' substituted by `hsb' on input line 1357.
Package xcolor Info: Model `HSB' substituted by `hsb' on input line 1358.
Package xcolor Info: Model `Gray' substituted by `gray' on input line 1359.
Package xcolor Info: Model `wave' substituted by `hsb' on input line 1360.
)
(/usr/share/texlive/texmf-dist/tex/latex/pgf/frontendlayer/tikz.sty
(/usr/share/texlive/texmf-dist/tex/latex/pgf/basiclayer/pgf.sty
(/usr/share/texlive/texmf-dist/tex/latex/pgf/utilities/pgfrcs.sty
(/usr/share/texlive/texmf-dist/tex/generic/pgf/utilities/pgfutil-common.tex
\pgfutil@everybye=\toks28
\pgfutil@tempdima=\dimen125
\pgfutil@tempdimb=\dimen126

(/usr/share/texlive/texmf-dist/tex/generic/pgf/utilities/pgfutil-common-lists.t
ex)) (/usr/share/texlive/texmf-dist/tex/generic/pgf/utilities/pgfutil-latex.def
\pgfutil@abb=\box28
(/usr/share/texlive/texmf-dist/tex/latex/ms/everyshi.sty
Package: everyshi 2001/05/15 v3.00 EveryShipout Package (MS)
))
(/usr/share/texlive/texmf-dist/tex/generic/pgf/utilities/pgfrcs.code.tex
Package: pgfrcs 2013/12/20 v3.0.0 (rcs-revision 1.28)
))
Package: pgf 2013/12/18 v3.0.0 (rcs-revision 1.14)

(/usr/share/texlive/texmf-dist/tex/latex/pgf/basiclayer/pgfcore.sty
(/usr/share/texlive/texmf-dist/tex/latex/pgf/systemlayer/pgfsys.sty
(/usr/share/texlive/texmf-dist/tex/generic/pgf/systemlayer/pgfsys.code.tex
Package: pgfsys 2013/11/30 v3.0.0 (rcs-revision 1.47)

(/usr/share/texlive/texmf-dist/tex/generic/pgf/utilities/pgfkeys.code.tex
\pgfkeys@pathtoks=\toks29
\pgfkeys@temptoks=\toks30

(/usr/share/texlive/texmf-dist/tex/generic/pgf/utilities/pgfkeysfiltered.code.t
ex
\pgfkeys@tmptoks=\toks31
))
\pgf@x=\dimen127
\pgf@y=\dimen128
\pgf@xa=\dimen129
\pgf@ya=\dimen130
\pgf@xb=\dimen131
\pgf@yb=\dimen132
\pgf@xc=\dimen133
\pgf@yc=\dimen134
\w@pgf@writea=\write3
\r@pgf@reada=\read1
\c@pgf@counta=\count114
\c@pgf@countb=\count115
\c@pgf@countc=\count116
\c@pgf@countd=\count117
\t@pgf@toka=\toks32
\t@pgf@tokb=\toks33
\t@pgf@tokc=\toks34
 (/usr/share/texlive/texmf-dist/tex/generic/pgf/systemlayer/pgf.cfg
File: pgf.cfg 2008/05/14  (rcs-revision 1.7)
)
Driver file for pgf: pgfsys-xetex.def

(/usr/share/texlive/texmf-dist/tex/generic/pgf/systemlayer/pgfsys-xetex.def
File: pgfsys-xetex.def 2013/07/16  (rcs-revision 1.9)

(/usr/share/texlive/texmf-dist/tex/generic/pgf/systemlayer/pgfsys-dvipdfmx.def
File: pgfsys-dvipdfmx.def 2013/08/28  (rcs-revision 1.12)

(/usr/share/texlive/texmf-dist/tex/generic/pgf/systemlayer/pgfsys-common-pdf.de
f
File: pgfsys-common-pdf.def 2013/10/10  (rcs-revision 1.13)
)
\pgfsys@objnum=\count118
)))
(/usr/share/texlive/texmf-dist/tex/generic/pgf/systemlayer/pgfsyssoftpath.code.
tex
File: pgfsyssoftpath.code.tex 2013/09/09  (rcs-revision 1.9)
\pgfsyssoftpath@smallbuffer@items=\count119
\pgfsyssoftpath@bigbuffer@items=\count120
)
(/usr/share/texlive/texmf-dist/tex/generic/pgf/systemlayer/pgfsysprotocol.code.
tex
File: pgfsysprotocol.code.tex 2006/10/16  (rcs-revision 1.4)
))
(/usr/share/texlive/texmf-dist/tex/generic/pgf/basiclayer/pgfcore.code.tex
Package: pgfcore 2010/04/11 v3.0.0 (rcs-revision 1.7)

(/usr/share/texlive/texmf-dist/tex/generic/pgf/math/pgfmath.code.tex
(/usr/share/texlive/texmf-dist/tex/generic/pgf/math/pgfmathcalc.code.tex
(/usr/share/texlive/texmf-dist/tex/generic/pgf/math/pgfmathutil.code.tex)
(/usr/share/texlive/texmf-dist/tex/generic/pgf/math/pgfmathparser.code.tex
\pgfmath@dimen=\dimen135
\pgfmath@count=\count121
\pgfmath@box=\box29
\pgfmath@toks=\toks35
\pgfmath@stack@operand=\toks36
\pgfmath@stack@operation=\toks37
)
(/usr/share/texlive/texmf-dist/tex/generic/pgf/math/pgfmathfunctions.code.tex
(/usr/share/texlive/texmf-dist/tex/generic/pgf/math/pgfmathfunctions.basic.code
.tex)
(/usr/share/texlive/texmf-dist/tex/generic/pgf/math/pgfmathfunctions.trigonomet
ric.code.tex)
(/usr/share/texlive/texmf-dist/tex/generic/pgf/math/pgfmathfunctions.random.cod
e.tex)
(/usr/share/texlive/texmf-dist/tex/generic/pgf/math/pgfmathfunctions.comparison
.code.tex)
(/usr/share/texlive/texmf-dist/tex/generic/pgf/math/pgfmathfunctions.base.code.
tex)
(/usr/share/texlive/texmf-dist/tex/generic/pgf/math/pgfmathfunctions.round.code
.tex)
(/usr/share/texlive/texmf-dist/tex/generic/pgf/math/pgfmathfunctions.misc.code.
tex)
(/usr/share/texlive/texmf-dist/tex/generic/pgf/math/pgfmathfunctions.integerari
thmetics.code.tex)))
(/usr/share/texlive/texmf-dist/tex/generic/pgf/math/pgfmathfloat.code.tex
\c@pgfmathroundto@lastzeros=\count122
))
(/usr/share/texlive/texmf-dist/tex/generic/pgf/basiclayer/pgfcorepoints.code.te
x
File: pgfcorepoints.code.tex 2013/10/07  (rcs-revision 1.27)
\pgf@picminx=\dimen136
\pgf@picmaxx=\dimen137
\pgf@picminy=\dimen138
\pgf@picmaxy=\dimen139
\pgf@pathminx=\dimen140
\pgf@pathmaxx=\dimen141
\pgf@pathminy=\dimen142
\pgf@pathmaxy=\dimen143
\pgf@xx=\dimen144
\pgf@xy=\dimen145
\pgf@yx=\dimen146
\pgf@yy=\dimen147
\pgf@zx=\dimen148
\pgf@zy=\dimen149
)
(/usr/share/texlive/texmf-dist/tex/generic/pgf/basiclayer/pgfcorepathconstruct.
code.tex
File: pgfcorepathconstruct.code.tex 2013/10/07  (rcs-revision 1.29)
\pgf@path@lastx=\dimen150
\pgf@path@lasty=\dimen151
)
(/usr/share/texlive/texmf-dist/tex/generic/pgf/basiclayer/pgfcorepathusage.code
.tex
File: pgfcorepathusage.code.tex 2013/12/13  (rcs-revision 1.23)
\pgf@shorten@end@additional=\dimen152
\pgf@shorten@start@additional=\dimen153
)
(/usr/share/texlive/texmf-dist/tex/generic/pgf/basiclayer/pgfcorescopes.code.te
x
File: pgfcorescopes.code.tex 2013/10/09  (rcs-revision 1.44)
\pgfpic=\box30
\pgf@hbox=\box31
\pgf@layerbox@main=\box32
\pgf@picture@serial@count=\count123
)
(/usr/share/texlive/texmf-dist/tex/generic/pgf/basiclayer/pgfcoregraphicstate.c
ode.tex
File: pgfcoregraphicstate.code.tex 2013/09/19  (rcs-revision 1.11)
\pgflinewidth=\dimen154
)
(/usr/share/texlive/texmf-dist/tex/generic/pgf/basiclayer/pgfcoretransformation
s.code.tex
File: pgfcoretransformations.code.tex 2013/10/10  (rcs-revision 1.17)
\pgf@pt@x=\dimen155
\pgf@pt@y=\dimen156
\pgf@pt@temp=\dimen157
)
(/usr/share/texlive/texmf-dist/tex/generic/pgf/basiclayer/pgfcorequick.code.tex
File: pgfcorequick.code.tex 2008/10/09  (rcs-revision 1.3)
)
(/usr/share/texlive/texmf-dist/tex/generic/pgf/basiclayer/pgfcoreobjects.code.t
ex
File: pgfcoreobjects.code.tex 2006/10/11  (rcs-revision 1.2)
)
(/usr/share/texlive/texmf-dist/tex/generic/pgf/basiclayer/pgfcorepathprocessing
.code.tex
File: pgfcorepathprocessing.code.tex 2013/09/09  (rcs-revision 1.9)
)
(/usr/share/texlive/texmf-dist/tex/generic/pgf/basiclayer/pgfcorearrows.code.te
x
File: pgfcorearrows.code.tex 2013/11/07  (rcs-revision 1.40)
\pgfarrowsep=\dimen158
)
(/usr/share/texlive/texmf-dist/tex/generic/pgf/basiclayer/pgfcoreshade.code.tex
File: pgfcoreshade.code.tex 2013/07/15  (rcs-revision 1.15)
\pgf@max=\dimen159
\pgf@sys@shading@range@num=\count124
)
(/usr/share/texlive/texmf-dist/tex/generic/pgf/basiclayer/pgfcoreimage.code.tex
File: pgfcoreimage.code.tex 2013/07/15  (rcs-revision 1.18)

(/usr/share/texlive/texmf-dist/tex/generic/pgf/basiclayer/pgfcoreexternal.code.
tex
File: pgfcoreexternal.code.tex 2013/07/15  (rcs-revision 1.20)
\pgfexternal@startupbox=\box33
))
(/usr/share/texlive/texmf-dist/tex/generic/pgf/basiclayer/pgfcorelayers.code.te
x
File: pgfcorelayers.code.tex 2013/07/18  (rcs-revision 1.7)
)
(/usr/share/texlive/texmf-dist/tex/generic/pgf/basiclayer/pgfcoretransparency.c
ode.tex
File: pgfcoretransparency.code.tex 2013/09/30  (rcs-revision 1.5)
)
(/usr/share/texlive/texmf-dist/tex/generic/pgf/basiclayer/pgfcorepatterns.code.
tex
File: pgfcorepatterns.code.tex 2013/11/07  (rcs-revision 1.5)
)))
(/usr/share/texlive/texmf-dist/tex/generic/pgf/modules/pgfmoduleshapes.code.tex
File: pgfmoduleshapes.code.tex 2013/10/31  (rcs-revision 1.34)
\pgfnodeparttextbox=\box34
) (/usr/share/texlive/texmf-dist/tex/generic/pgf/modules/pgfmoduleplot.code.tex
File: pgfmoduleplot.code.tex 2013/07/31  (rcs-revision 1.12)
)
(/usr/share/texlive/texmf-dist/tex/latex/pgf/compatibility/pgfcomp-version-0-65
.sty
Package: pgfcomp-version-0-65 2007/07/03 v3.0.0 (rcs-revision 1.7)
\pgf@nodesepstart=\dimen160
\pgf@nodesepend=\dimen161
)
(/usr/share/texlive/texmf-dist/tex/latex/pgf/compatibility/pgfcomp-version-1-18
.sty
Package: pgfcomp-version-1-18 2007/07/23 v3.0.0 (rcs-revision 1.1)
)) (/usr/share/texlive/texmf-dist/tex/latex/pgf/utilities/pgffor.sty
(/usr/share/texlive/texmf-dist/tex/latex/pgf/utilities/pgfkeys.sty
(/usr/share/texlive/texmf-dist/tex/generic/pgf/utilities/pgfkeys.code.tex))
(/usr/share/texlive/texmf-dist/tex/latex/pgf/math/pgfmath.sty
(/usr/share/texlive/texmf-dist/tex/generic/pgf/math/pgfmath.code.tex))
(/usr/share/texlive/texmf-dist/tex/generic/pgf/utilities/pgffor.code.tex
Package: pgffor 2013/12/13 v3.0.0 (rcs-revision 1.25)

(/usr/share/texlive/texmf-dist/tex/generic/pgf/math/pgfmath.code.tex)
\pgffor@iter=\dimen162
\pgffor@skip=\dimen163
\pgffor@stack=\toks38
\pgffor@toks=\toks39
))
(/usr/share/texlive/texmf-dist/tex/generic/pgf/frontendlayer/tikz/tikz.code.tex
Package: tikz 2013/12/13 v3.0.0 (rcs-revision 1.142)

(/usr/share/texlive/texmf-dist/tex/generic/pgf/libraries/pgflibraryplothandlers
.code.tex
File: pgflibraryplothandlers.code.tex 2013/08/31 v3.0.0 (rcs-revision 1.20)
\pgf@plot@mark@count=\count125
\pgfplotmarksize=\dimen164
)
\tikz@lastx=\dimen165
\tikz@lasty=\dimen166
\tikz@lastxsaved=\dimen167
\tikz@lastysaved=\dimen168
\tikzleveldistance=\dimen169
\tikzsiblingdistance=\dimen170
\tikz@figbox=\box35
\tikz@figbox@bg=\box36
\tikz@tempbox=\box37
\tikz@tempbox@bg=\box38
\tikztreelevel=\count126
\tikznumberofchildren=\count127
\tikznumberofcurrentchild=\count128
\tikz@fig@count=\count129

(/usr/share/texlive/texmf-dist/tex/generic/pgf/modules/pgfmodulematrix.code.tex
File: pgfmodulematrix.code.tex 2013/09/17  (rcs-revision 1.8)
\pgfmatrixcurrentrow=\count130
\pgfmatrixcurrentcolumn=\count131
\pgf@matrix@numberofcolumns=\count132
)
\tikz@expandcount=\count133

(/usr/share/texlive/texmf-dist/tex/generic/pgf/frontendlayer/tikz/libraries/tik
zlibrarytopaths.code.tex
File: tikzlibrarytopaths.code.tex 2008/06/17 v3.0.0 (rcs-revision 1.2)
)))
(/usr/share/texlive/texmf-dist/tex/generic/pgf/frontendlayer/tikz/libraries/tik
zlibrarypositioning.code.tex
File: tikzlibrarypositioning.code.tex 2008/10/06 v3.0.0 (rcs-revision 1.7)
)
\c@@todonotes@numberoftodonotes=\count134
)
(/usr/share/texlive/texmf-dist/tex/latex/tools/array.sty
Package: array 2014/10/28 v2.4c Tabular extension package (FMi)
\col@sep=\dimen171
\extrarowheight=\dimen172
\NC@list=\toks40
\extratabsurround=\skip57
\backup@length=\skip58
)
(/usr/share/texlive/texmf-dist/tex/latex/natbib/natbib.sty
Package: natbib 2010/09/13 8.31b (PWD, AO)
\bibhang=\skip59
\bibsep=\skip60
LaTeX Info: Redefining \cite on input line 694.
\c@NAT@ctr=\count135
)
(/usr/share/texlive/texmf-dist/tex/latex/appendix/appendix.sty
Package: appendix 2009/09/02 v1.2b extra appendix facilities
\c@@pps=\count136
\c@@ppsavesec=\count137
\c@@ppsaveapp=\count138
)
(/usr/share/texlive/texmf-dist/tex/latex/floatrow/floatrow.sty
Package: floatrow 2008/08/02 v0.3b floatrow: float package extension

(/usr/share/texlive/texmf-dist/tex/latex/caption/caption3.sty
Package: caption3 2013/05/02 v1.6-88 caption3 kernel (AR)
Package caption3 Info: TeX engine: e-TeX on input line 57.
\captionmargin=\dimen173
\captionmargin@=\dimen174
\captionwidth=\dimen175
\caption@tempdima=\dimen176
\caption@indent=\dimen177
\caption@parindent=\dimen178
\caption@hangindent=\dimen179
\abovecaptionskip=\skip61
\belowcaptionskip=\skip62
Package caption Info: Unknown document class (or package),
(caption)             standard defaults will be used.
)
\c@float@type=\count139
\float@exts=\toks41
\float@box=\box39
\@floatcapt=\box40
Package floatrow Info: Modified float package code loaded on input line 455.
Package floatrow Info: Modified rotfloat package code loaded on input line 473.

\FR@everyfloat=\toks42
\flrow@foot=\insert233
\FB@wd=\dimen180
\FBo@wd=\dimen181
\FBc@wd=\dimen182
\FBo@ht=\skip63
\FBc@ht=\skip64
\FBf@ht=\skip65
\FBo@max=\skip66
\FBc@max=\skip67
\FBf@max=\skip68
\c@FBl@b=\count140
\floatbox@depth=\count141
\c@FRobj=\count142
\c@FRsobj=\count143
\Xhsize=\skip69
\sXhsize=\skip70
\Zhsize=\skip71
\sZhsize=\skip72
\flrow@rowbox=\box41
\FR@Zunitlength=\dimen183
\c@FBcnt=\count144
\FPOScnt=\count145
\LTleft=\skip73
\LTright=\skip74
\LTleft=\skip75
\LTright=\skip76
\flrow@types=\toks43
)
(/usr/share/texlive/texmf-dist/tex/latex/colortbl/colortbl.sty
Package: colortbl 2012/02/13 v1.0a Color table columns (DPC)
\everycr=\toks44
\minrowclearance=\skip77
)
(/usr/share/texlive/texmf-dist/tex/latex/algorithms/algorithm.sty
Invalid UTF-8 byte or sequence at line 11 replaced by U+FFFD.
Package: algorithm 2009/08/24 v0.1 Document Style `algorithm' - floating enviro
nment
\c@algorithm=\count146
)
(/usr/share/texlive/texmf-dist/tex/latex/algorithms/algorithmic.sty
Invalid UTF-8 byte or sequence at line 11 replaced by U+FFFD.
Package: algorithmic 2009/08/24 v0.1 Document Style `algorithmic'
\c@ALC@unique=\count147
\c@ALC@line=\count148
\c@ALC@rem=\count149
\c@ALC@depth=\count150
\ALC@tlm=\skip78
\algorithmicindent=\skip79
)
(/usr/share/texlive/texmf-dist/tex/latex/cite/chapterbib.sty
\c@inputfile=\count151
Package: chapterbib 2010/09/18  v 1.17
)
\c@example=\count152
\c@definition=\count153
\c@conj=\count154
\c@lemma=\count155
\c@prop=\count156
\c@notation=\count157
)
(./HernandezThesis.aux)
Runaway argument?
{\contentsline {figure}{\numberline {4.12}{\ignorespaces \emph {3D We\ETC.
! File ended while scanning use of \@writefile.
<inserted text> 
                \par 
l.82 \begin {document}
                      
I suspect you have forgotten a `}', causing me
to read past where you wanted me to stop.
I'll try to recover; but if the error is serious,
you'd better type `E' or `X' now and fix your file.

\openout1 = `HernandezThesis.aux'.

LaTeX Font Info:    Checking defaults for OML/cmm/m/it on input line 82.
LaTeX Font Info:    ... okay on input line 82.
LaTeX Font Info:    Checking defaults for T1/cmr/m/n on input line 82.
LaTeX Font Info:    ... okay on input line 82.
LaTeX Font Info:    Checking defaults for OT1/cmr/m/n on input line 82.
LaTeX Font Info:    ... okay on input line 82.
LaTeX Font Info:    Checking defaults for OMS/cmsy/m/n on input line 82.
LaTeX Font Info:    ... okay on input line 82.
LaTeX Font Info:    Checking defaults for OMX/cmex/m/n on input line 82.
LaTeX Font Info:    ... okay on input line 82.
LaTeX Font Info:    Checking defaults for U/cmr/m/n on input line 82.
LaTeX Font Info:    ... okay on input line 82.
ABD: EveryShipout initializing macros
Package caption Info: Begin \AtBeginDocument code.
Package caption Info: End \AtBeginDocument code.
 [0


]
LaTeX Font Info:    Try loading font information for OMS+cmr on input line 83.

(/usr/share/texlive/texmf-dist/tex/latex/base/omscmr.fd
File: omscmr.fd 2014/09/29 v2.5h Standard LaTeX font definitions
)
LaTeX Font Info:    Font shape `OMS/cmr/m/n' in size <12> not available
(Font)              Font shape `OMS/cmsy/m/n' tried instead on input line 83.

No abstract.
[1

] [2

] (./HernandezThesis.toc)
\tf@toc=\write4
\openout4 = `HernandezThesis.toc'.

 [3

]
LaTeX Font Info:    Try loading font information for U+msa on input line 83.

(/usr/share/texlive/texmf-dist/tex/latex/amsfonts/umsa.fd
File: umsa.fd 2013/01/14 v3.01 AMS symbols A
)
LaTeX Font Info:    Try loading font information for U+msb on input line 83.

(/usr/share/texlive/texmf-dist/tex/latex/amsfonts/umsb.fd
File: umsb.fd 2013/01/14 v3.01 AMS symbols B
)
Overfull \hbox (2.38628pt too wide) in paragraph at lines 83--83
[]
 []


Overfull \hbox (2.38628pt too wide) in paragraph at lines 83--83
[]
 []


Overfull \hbox (2.38628pt too wide) in paragraph at lines 83--83
[]
 []


Underfull \hbox (badness 10000) in paragraph at lines 83--83

 []

[4

] [5]
CHAPTER 1.
[1

]
Overfull \hbox (32.11786pt too wide) in paragraph at lines 114--115
\OT1/cmr/m/n/12 To this end, we ex-plore the pos-si-bil-ity of di-rectly en-cod
-ing/representing/optimizing
 []

[2] [3]
CHAPTER 2.
(./Observability/soatto14imu.tex
\c@defn=\count158
\c@rem=\count159
\c@theorem=\count160
\c@claim=\count161
\c@corollary=\count162


Package natbib Warning: Citation `kellyS09' on page 4 undefined on input line 6
4.


Package natbib Warning: Citation `mourikisR07' on page 4 undefined on input lin
e 64.


Package natbib Warning: Citation `jonesS07' on page 4 undefined on input line 6
4.

[4

]
LaTeX Font Info:    Try loading font information for U+euf on input line 78.
 (/usr/share/texlive/texmf-dist/tex/latex/amsfonts/ueuf.fd
File: ueuf.fd 2013/01/14 v3.01 Euler Fraktur
) [5] [6] [7]
[8] [9] [10] [11] [12] [13]
Overfull \hbox (15.2026pt too wide) detected at line 626
\OMS/cmsy/m/n/12 I[]\OT1/cmr/m/n/12 (\OML/cmm/m/it/12 y[]\OMS/cmsy/m/n/12 j\OML
/cmm/m/it/12 u[]\OT1/cmr/m/n/12 ; []) [] \OMS/cmsy/m/n/12 f[] j 9 \OML/cmm/m/it
/12 v[] [] y[] \OT1/cmr/m/n/12 = \OML/cmm/m/it/12 h\OT1/cmr/m/n/12 ([])\OML/cmm
/m/it/12 ;  []x\OT1/cmr/m/n/12 (\OML/cmm/m/it/12 t\OT1/cmr/m/n/12 ) = \OML/cmm/
m/it/12 f\OT1/cmr/m/n/12 ([]) + \OML/cmm/m/it/12 c\OT1/cmr/m/n/12 ([])\OML/cmm/
m/it/12 u\OT1/cmr/m/n/12 (\OML/cmm/m/it/12 t\OT1/cmr/m/n/12 ) + \OML/cmm/m/it/1
2 Dv\OT1/cmr/m/n/12 (\OML/cmm/m/it/12 t\OT1/cmr/m/n/12 ) \OMS/cmsy/m/n/12 8 \OM
L/cmm/m/it/12 t\OT1/cmr/m/n/12 ;  [](0) = []\OMS/cmsy/m/n/12 g
 []

[14]

Package natbib Warning: Citation `basile1969observability' on page 15 undefined
 on input line 637.


Package natbib Warning: Citation `hamano1983unknown' on page 15 undefined on in
put line 637.


Package natbib Warning: Citation `hammouri2010unknown' on page 15 undefined on 
input line 637.


Package natbib Warning: Citation `dimassi2010robust' on page 15 undefined on in
put line 637.


Package natbib Warning: Citation `liberzon2012invertibility' on page 15 undefin
ed on input line 637.


Package natbib Warning: Citation `bezzaoucha2011unknown' on page 15 undefined o
n input line 637.

[15] [16] [17]
Overfull \hbox (39.8145pt too wide) in paragraph at lines 775--775
[] 
 []


Underfull \hbox (badness 10000) in paragraph at lines 789--791
\OT1/cmr/bx/n/12 cit-ing \OT1/cmr/m/n/12 rel-a-tive to a point-
 []

[18]
Overfull \hbox (51.41753pt too wide) in paragraph at lines 805--805
[] 
 []

[19] [20]
Overfull \hbox (38.74355pt too wide) in paragraph at lines 903--903
[] 
 []


Overfull \hbox (29.95602pt too wide) in paragraph at lines 913--913
[] 
 []


Package natbib Warning: Citation `soatto97' on page 21 undefined on input line 
918.

[21] [22] [23]
Overfull \hbox (5.61751pt too wide) in paragraph at lines 994--995
[]\OT1/cmr/bx/n/12 Claim 5 \OT1/cmr/m/n/12 (In-dis-tin-guish-able Tra-jec-to-ri
es from IMU Data)\OT1/cmr/bx/n/12 . []\OT1/cmr/m/n/12 Let $[]\OML/cmm/m/it/12 g
\OT1/cmr/m/n/12 (\OML/cmm/m/it/12 t\OT1/cmr/m/n/12 ) = (\OML/cmm/m/it/12 R\OT1/
cmr/m/n/12 (\OML/cmm/m/it/12 t\OT1/cmr/m/n/12 )\OML/cmm/m/it/12 ; T\OT1/cmr/m/n
/12 (\OML/cmm/m/it/12 t\OT1/cmr/m/n/12 )) \OMS/cmsy/m/n/12 2[]
 []

[24]
Overfull \hbox (46.96297pt too wide) in paragraph at lines 1075--1075
[] 
 []

[25]
Overfull \hbox (53.28363pt too wide) in paragraph at lines 1121--1121
[] 
 []

[26] [27] [28]

Package natbib Warning: Citation `jonesS09' on page 29 undefined on input line 
1333.


Overfull \hbox (9.24736pt too wide) in alignment at lines 1339--1357
 [][][] []
 []

[29]

Package natbib Warning: Citation `roumeliotis2002augmenting' on page 30 undefin
ed on input line 1361.

) [30] [31]
CHAPTER 3.
(./SolidObjects/cvpr2015_solobj/tex/solobj.tex
(./SolidObjects/cvpr2015_solobj/tex/abst_intro.tex
File: SolidObjects/cvpr2015_solobj/figs/pipeline.pdf Graphic file (type QTm)

<use  "SolidObjects/cvpr2015_solobj/figs/pipeline.pdf" > [32

]

Package natbib Warning: Citation `VittorioFerrari:2006uf' on page 33 undefined 
on input line 67.


Package natbib Warning: Citation `AlexanderVezhnevets:2012tw' on page 33 undefi
ned on input line 67.


Package natbib Warning: Citation `Martnez:2004dz' on page 33 undefined on input
 line 67.


Package natbib Warning: Citation `WeiFeng:cw' on page 33 undefined on input lin
e 67.


Package natbib Warning: Citation `GuofengZhang:jma' on page 33 undefined on inp
ut line 67.


Package natbib Warning: Citation `ulen-strandmark-etal-itmi-12' on page 33 unde
fined on input line 67.


Package natbib Warning: Citation `Russell06' on page 33 undefined on input line
 67.


Package natbib Warning: Citation `ics_nips11' on page 33 undefined on input lin
e 67.


Package natbib Warning: Citation `Lempitsky11' on page 33 undefined on input li
ne 67.


Package natbib Warning: Citation `Kumar10' on page 33 undefined on input line 6
7.


Package natbib Warning: Citation `nieuwenhuis-et-al-ijcv12' on page 33 undefine
d on input line 67.


Package natbib Warning: Citation `vezhneva:2012tb' on page 33 undefined on inpu
t line 71.


Package natbib Warning: Citation `GuofengZhang:jmb' on page 33 undefined on inp
ut line 71.


Package natbib Warning: Citation `Cremers-et-al-11' on page 33 undefined on inp
ut line 71.


Package natbib Warning: Citation `Schoenemann-Cremers-pami10' on page 33 undefi
ned on input line 71.


Package natbib Warning: Citation `lezama11' on page 33 undefined on input line 
71.


Package natbib Warning: Citation `carreira_eccv12' on page 33 undefined on inpu
t line 71.


Package natbib Warning: Citation `wangA94' on page 33 undefined on input line 7
7.


Package natbib Warning: Citation `Reid:2010ca' on page 33 undefined on input li
ne 77.


Package natbib Warning: Citation `GuofengZhang:jm' on page 33 undefined on inpu
t line 77.


Package natbib Warning: Citation `Cremers-12' on page 33 undefined on input lin
e 77.


Package natbib Warning: Citation `Kumar08' on page 33 undefined on input line 7
7.


Package natbib Warning: Citation `Kumar05a' on page 33 undefined on input line 
77.


Package natbib Warning: Citation `Cremers-et-al-11' on page 33 undefined on inp
ut line 78.

[33]

Package natbib Warning: Citation `davison' on page 34 undefined on input line 9
1.


Package natbib Warning: Citation `cremers' on page 34 undefined on input line 9
1.


Package natbib Warning: Citation `pock' on page 34 undefined on input line 91.


Package natbib Warning: Citation `RobFergus:2012vh' on page 34 undefined on inp
ut line 92.


Package natbib Warning: Citation `Newcombe2011a' on page 34 undefined on input 
line 92.


Package natbib Warning: Citation `Kalogerakis:2010:labelMeshes' on page 34 unde
fined on input line 96.


Package natbib Warning: Citation `fei-fei' on page 34 undefined on input line 9
8.


Package natbib Warning: Citation `baoS12' on page 34 undefined on input line 98
.

[34]

Package natbib Warning: Citation `khler2013efficient' on page 35 undefined on i
nput line 100.


Package natbib Warning: Citation `ren2012rgbd' on page 35 undefined on input li
ne 101.


Package natbib Warning: Citation `bleyerRR12' on page 35 undefined on input lin
e 102.


Package natbib Warning: Citation `zhangJB11' on page 35 undefined on input line
 108.


Package natbib Warning: Citation `stucklerBB12' on page 35 undefined on input l
ine 108.


Package natbib Warning: Citation `atanasovSLKPD13' on page 35 undefined on inpu
t line 108.


Package natbib Warning: Citation `zheng2013beyond' on page 35 undefined on inpu
t line 109.


Package natbib Warning: Citation `haene2013' on page 35 undefined on input line
 111.


Package natbib Warning: Citation `slampp2013' on page 35 undefined on input lin
e 111.


Package natbib Warning: Citation `sengupta2013' on page 35 undefined on input l
ine 111.


Package natbib Warning: Citation `kundu2014' on page 35 undefined on input line
 111.


Package natbib Warning: Citation `Chen:2009:ABF' on page 35 undefined on input 
line 118.


Package natbib Warning: Citation `AZCXT11' on page 35 undefined on input line 1
18.


Package natbib Warning: Citation `lafarge2010' on page 35 undefined on input li
ne 118.

[35]) (./SolidObjects/cvpr2015_solobj/tex/methodology.tex [36]

Package natbib Warning: Citation `Klein2007' on page 37 undefined on input line
 118.


Package natbib Warning: Citation `Zach2007' on page 37 undefined on input line 
121.


Package natbib Warning: Citation `Zach2008' on page 37 undefined on input line 
121.


Package natbib Warning: Citation `Graber2011' on page 37 undefined on input lin
e 121.


Package natbib Warning: Citation `Collins1996' on page 37 undefined on input li
ne 121.


Package natbib Warning: Citation `Newcombe2011a' on page 37 undefined on input 
line 123.

[37]
File: SolidObjects/cvpr2015_solobj/figs/cos/depth.png Graphic file (type QTm)
 <use  "SolidObjects/cvpr2015_solobj/figs/cos/depth.png" >
File: SolidObjects/cvpr2015_solobj/figs/cos/normal.png Graphic file (type QTm)

<use  "SolidObjects/cvpr2015_solobj/figs/cos/normal.png" >
File: SolidObjects/cvpr2015_solobj/figs/park4/depth.png Graphic file (type QTm)


<use  "SolidObjects/cvpr2015_solobj/figs/park4/depth.png" >
File: SolidObjects/cvpr2015_solobj/figs/park4/normal.png Graphic file (type QTm
)

<use  "SolidObjects/cvpr2015_solobj/figs/park4/normal.png" >
File: SolidObjects/cvpr2015_solobj/figs/pipes2/depth.png Graphic file (type QTm
)

<use  "SolidObjects/cvpr2015_solobj/figs/pipes2/depth.png" >
File: SolidObjects/cvpr2015_solobj/figs/pipes2/normal.png Graphic file (type QT
m)

<use  "SolidObjects/cvpr2015_solobj/figs/pipes2/normal.png" >
File: SolidObjects/cvpr2015_solobj/figs/pipes3/depth.png Graphic file (type QTm
)

<use  "SolidObjects/cvpr2015_solobj/figs/pipes3/depth.png" >
File: SolidObjects/cvpr2015_solobj/figs/pipes3/normal.png Graphic file (type QT
m)

<use  "SolidObjects/cvpr2015_solobj/figs/pipes3/normal.png" >)
(./SolidObjects/cvpr2015_solobj/tex/methodology2.tex

Package natbib Warning: Citation `Chen:2009:ABF' on page 38 undefined on input 
line 5.


Package natbib Warning: Citation `AZCXT11' on page 38 undefined on input line 5
.


Package natbib Warning: Citation `lafarge2010' on page 38 undefined on input li
ne 5.

[38] [39]
File: SolidObjects/cvpr2015_solobj/figs/concavity.pdf Graphic file (type QTm)
 <use  "SolidObjects/cvpr2015_solobj/figs/concavity.pdf" >
File: SolidObjects/cvpr2015_solobj/figs/concavity_vectors.pdf Graphic file (typ
e QTm)

<use  "SolidObjects/cvpr2015_solobj/figs/concavity_vectors.pdf" >

Package natbib Warning: Citation `haene2013' on page 40 undefined on input line
 50.


Package natbib Warning: Citation `kundu2014' on page 40 undefined on input line
 50.

[40]

Package natbib Warning: Citation `ayvaciS12PAMI' on page 41 undefined on input 
line 59.

[41]
File: SolidObjects/cvpr2015_solobj/figs/layer_histories.pdf Graphic file (type 
QTm)
 <use  "SolidObjects/cvpr2015_solobj/figs/layer_histories.pdf" >
File: SolidObjects/cvpr2015_solobj/figs/traversed_distances.pdf Graphic file (t
ype QTm)

<use  "SolidObjects/cvpr2015_solobj/figs/traversed_distances.pdf" > [42]
[43]
File: SolidObjects/cvpr2015_solobj/figs/saturating_distances.pdf Graphic file (
type QTm)
 <use  "SolidObjects/cvpr2015_solobj/figs/saturating_distances.pdf" >
File: SolidObjects/cvpr2015_solobj/figs/cos/geotrav.png Graphic file (type QTm)


<use  "SolidObjects/cvpr2015_solobj/figs/cos/geotrav.png" >
File: SolidObjects/cvpr2015_solobj/figs/park4/geotrav.png Graphic file (type QT
m)

<use  "SolidObjects/cvpr2015_solobj/figs/park4/geotrav.png" >
File: SolidObjects/cvpr2015_solobj/figs/pipes2/geotrav.png Graphic file (type Q
Tm)

<use  "SolidObjects/cvpr2015_solobj/figs/pipes2/geotrav.png" >
File: SolidObjects/cvpr2015_solobj/figs/pipes3/geotrav.png Graphic file (type Q
Tm)

<use  "SolidObjects/cvpr2015_solobj/figs/pipes3/geotrav.png" >

Package natbib Warning: Citation `Kulis12_ICML' on page 44 undefined on input l
ine 226.


Package natbib Warning: Citation `Teh10_EML' on page 44 undefined on input line
 227.


Package natbib Warning: Citation `Zha01_NIPS' on page 44 undefined on input lin
e 231.


Package natbib Warning: Citation `Yu03_ICCV' on page 44 undefined on input line
 231.


Package natbib Warning: Citation `Dhillon07_TPAMI' on page 44 undefined on inpu
t line 232.

[44] [45]

Package natbib Warning: Citation `Campbell13_NIPS' on page 46 undefined on inpu
t line 236.


Package natbib Warning: Citation `Lin10_NIPS' on page 46 undefined on input lin
e 238.

) (./SolidObjects/cvpr2015_solobj/tex/evaluation.tex

Package natbib Warning: Citation `xiao2013sun3d' on page 46 undefined on input 
line 25.


Package natbib Warning: Citation `Silberman:ECCV12' on page 46 undefined on inp
ut line 25.


Package natbib Warning: Citation `sturm12iros' on page 46 undefined on input li
ne 25.


Package natbib Warning: Citation `anand2012contextually' on page 46 undefined o
n input line 25.


Package natbib Warning: Citation `Graber2011' on page 46 undefined on input lin
e 29.


Package natbib Warning: Citation `OB14b' on page 46 undefined on input line 40.


[46] [47]

Package natbib Warning: Citation `Graber2011' on page 48 undefined on input lin
e 67.

[48]
File: SolidObjects/cvpr2015_solobj/figs/cos/im_0001.png Graphic file (type QTm)

 <use  "SolidObjects/cvpr2015_solobj/figs/cos/im_0001.png" >
File: SolidObjects/cvpr2015_solobj/figs/cos/gtseg_0001.png Graphic file (type Q
Tm)

<use  "SolidObjects/cvpr2015_solobj/figs/cos/gtseg_0001.png" >
File: SolidObjects/cvpr2015_solobj/figs/park4/im_0024.png Graphic file (type QT
m)

<use  "SolidObjects/cvpr2015_solobj/figs/park4/im_0024.png" >
File: SolidObjects/cvpr2015_solobj/figs/park4/gtseg_0024.png Graphic file (type
 QTm)

<use  "SolidObjects/cvpr2015_solobj/figs/park4/gtseg_0024.png" >
File: SolidObjects/cvpr2015_solobj/figs/pipes2/im_0059.png Graphic file (type Q
Tm)

<use  "SolidObjects/cvpr2015_solobj/figs/pipes2/im_0059.png" >
File: SolidObjects/cvpr2015_solobj/figs/pipes2/gtseg_0059.png Graphic file (typ
e QTm)

<use  "SolidObjects/cvpr2015_solobj/figs/pipes2/gtseg_0059.png" >
File: SolidObjects/cvpr2015_solobj/figs/pipes3/im_0007.png Graphic file (type Q
Tm)

<use  "SolidObjects/cvpr2015_solobj/figs/pipes3/im_0007.png" >
File: SolidObjects/cvpr2015_solobj/figs/pipes3/gtseg_0007.png Graphic file (typ
e QTm)

<use  "SolidObjects/cvpr2015_solobj/figs/pipes3/gtseg_0007.png" >
File: SolidObjects/cvpr2015_solobj/figs/cos/det_0024.png Graphic file (type QTm
)

<use  "SolidObjects/cvpr2015_solobj/figs/cos/det_0024.png" >
File: SolidObjects/cvpr2015_solobj/figs/park4/det_0034.png Graphic file (type Q
Tm)

<use  "SolidObjects/cvpr2015_solobj/figs/park4/det_0034.png" >
File: SolidObjects/cvpr2015_solobj/figs/pipes2/det_0059.png Graphic file (type 
QTm)

<use  "SolidObjects/cvpr2015_solobj/figs/pipes2/det_0059.png" >
File: SolidObjects/cvpr2015_solobj/figs/pipes3/det_0081.png Graphic file (type 
QTm)

<use  "SolidObjects/cvpr2015_solobj/figs/pipes3/det_0081.png" >
File: SolidObjects/cvpr2015_solobj/figs/cos/tra_0024.png Graphic file (type QTm
)

<use  "SolidObjects/cvpr2015_solobj/figs/cos/tra_0024.png" >
File: SolidObjects/cvpr2015_solobj/figs/park4/tra_0072.png Graphic file (type Q
Tm)

<use  "SolidObjects/cvpr2015_solobj/figs/park4/tra_0072.png" >
File: SolidObjects/cvpr2015_solobj/figs/pipes2/tra_0003.png Graphic file (type 
QTm)

<use  "SolidObjects/cvpr2015_solobj/figs/pipes2/tra_0003.png" >
File: SolidObjects/cvpr2015_solobj/figs/pipes3/tra_0059.png Graphic file (type 
QTm)

<use  "SolidObjects/cvpr2015_solobj/figs/pipes3/tra_0059.png" >
File: SolidObjects/cvpr2015_solobj/figs/cos/geoseg_0001.png Graphic file (type 
QTm)

<use  "SolidObjects/cvpr2015_solobj/figs/cos/geoseg_0001.png" >
File: SolidObjects/cvpr2015_solobj/figs/park4/geoseg_0001.png Graphic file (typ
e QTm)

<use  "SolidObjects/cvpr2015_solobj/figs/park4/geoseg_0001.png" >
File: SolidObjects/cvpr2015_solobj/figs/pipes2/geoseg_0059.png Graphic file (ty
pe QTm)

<use  "SolidObjects/cvpr2015_solobj/figs/pipes2/geoseg_0059.png" >
File: SolidObjects/cvpr2015_solobj/figs/pipes3/geoseg_0065.png Graphic file (ty
pe QTm)

<use  "SolidObjects/cvpr2015_solobj/figs/pipes3/geoseg_0065.png" >
File: SolidObjects/cvpr2015_solobj/figs/cos/sceneseg_0001.png Graphic file (typ
e QTm)

<use  "SolidObjects/cvpr2015_solobj/figs/cos/sceneseg_0001.png" >
File: SolidObjects/cvpr2015_solobj/figs/cos/sceneseg_0150.png Graphic file (typ
e QTm)

<use  "SolidObjects/cvpr2015_solobj/figs/cos/sceneseg_0150.png" >
File: SolidObjects/cvpr2015_solobj/figs/park4/sceneseg_0001.png Graphic file (t
ype QTm)

<use  "SolidObjects/cvpr2015_solobj/figs/park4/sceneseg_0001.png" >
File: SolidObjects/cvpr2015_solobj/figs/park4/sceneseg_0034.png Graphic file (t
ype QTm)

<use  "SolidObjects/cvpr2015_solobj/figs/park4/sceneseg_0034.png" >
File: SolidObjects/cvpr2015_solobj/figs/pipes2/sceneseg_0059.png Graphic file (
type QTm)

<use  "SolidObjects/cvpr2015_solobj/figs/pipes2/sceneseg_0059.png" >
File: SolidObjects/cvpr2015_solobj/figs/pipes2/sceneseg_0045.png Graphic file (
type QTm)

<use  "SolidObjects/cvpr2015_solobj/figs/pipes2/sceneseg_0045.png" >
File: SolidObjects/cvpr2015_solobj/figs/pipes3/sceneseg_0007.png Graphic file (
type QTm)

<use  "SolidObjects/cvpr2015_solobj/figs/pipes3/sceneseg_0007.png" >
File: SolidObjects/cvpr2015_solobj/figs/pipes3/sceneseg_0081.png Graphic file (
type QTm)

<use  "SolidObjects/cvpr2015_solobj/figs/pipes3/sceneseg_0081.png" >
File: SolidObjects/cvpr2015_solobj/figs/cos/validation.pdf Graphic file (type Q
Tm)

<use  "SolidObjects/cvpr2015_solobj/figs/cos/validation.pdf" >
File: SolidObjects/cvpr2015_solobj/figs/cos/frame_validation.pdf Graphic file (
type QTm)

<use  "SolidObjects/cvpr2015_solobj/figs/cos/frame_validation.pdf" >
File: SolidObjects/cvpr2015_solobj/figs/park4/validation.pdf Graphic file (type
 QTm)

<use  "SolidObjects/cvpr2015_solobj/figs/park4/validation.pdf" >
File: SolidObjects/cvpr2015_solobj/figs/park4/frame_validation.pdf Graphic file
 (type QTm)

<use  "SolidObjects/cvpr2015_solobj/figs/park4/frame_validation.pdf" >
File: SolidObjects/cvpr2015_solobj/figs/pipes2/validation.pdf Graphic file (typ
e QTm)

<use  "SolidObjects/cvpr2015_solobj/figs/pipes2/validation.pdf" >
File: SolidObjects/cvpr2015_solobj/figs/pipes2/frame_validation.pdf Graphic fil
e (type QTm)

<use  "SolidObjects/cvpr2015_solobj/figs/pipes2/frame_validation.pdf" >
File: SolidObjects/cvpr2015_solobj/figs/pipes3/validation.pdf Graphic file (typ
e QTm)

<use  "SolidObjects/cvpr2015_solobj/figs/pipes3/validation.pdf" >
File: SolidObjects/cvpr2015_solobj/figs/pipes3/frame_validation.pdf Graphic fil
e (type QTm)

<use  "SolidObjects/cvpr2015_solobj/figs/pipes3/frame_validation.pdf" >

LaTeX Warning: Float too large for page by 92.0711pt on input line 240.

)) [49] [50] [51] [52] [53] [54] [55] [56]
CHAPTER 4.
(./Exploration/exploration.tex

Package natbib Warning: Citation `whaiteF97' on page 57 undefined on input line
 43.


Package natbib Warning: Citation `arbelF01' on page 57 undefined on input line 
43.


Package natbib Warning: Citation `yuG00' on page 57 undefined on input line 43.



Package natbib Warning: Citation `burnsB03' on page 57 undefined on input line 
43.


Package natbib Warning: Citation `connolly85' on page 57 undefined on input lin
e 44.


Package natbib Warning: Citation `yuWY96' on page 57 undefined on input line 44
.


Package natbib Warning: Citation `yamauchi97' on page 57 undefined on input lin
e 44.


Package natbib Warning: Citation `grabowskiKC03' on page 57 undefined on input 
line 44.


Package natbib Warning: Citation `valenteTS12' on page 57 undefined on input li
ne 45.


Package natbib Warning: Citation `grabowskiKC03' on page 57 undefined on input 
line 45.


Package natbib Warning: Citation `denzlerB02' on page 57 undefined on input lin
e 46.


Package natbib Warning: Citation `royCB04' on page 57 undefined on input line 4
6.


Package natbib Warning: Citation `cassandraKL94' on page 57 undefined on input 
line 47.


Package natbib Warning: Citation `SimD04' on page 57 undefined on input line 47
.


Package natbib Warning: Citation `algoet94' on page 57 undefined on input line 
47.


Package natbib Warning: Citation `dearden99' on page 57 undefined on input line
 47.


Package natbib Warning: Citation `hauskrecht00' on page 57 undefined on input l
ine 48.


Package natbib Warning: Citation `kearnsMN99' on page 57 undefined on input lin
e 48.


Package natbib Warning: Citation `krauseG07' on page 57 undefined on input line
 49.


Package natbib Warning: Citation `hollinger12' on page 57 undefined on input li
ne 49.

[57

] (./Exploration/Model/model.tex
File: Exploration/IDE/world_map.pdf Graphic file (type QTm)
 <use  "Exploration/IDE/world_map.pdf" >
File: Exploration/IDE/world_map_belief.pdf Graphic file (type QTm)

<use  "Exploration/IDE/world_map_belief.pdf" >
File: Exploration/IDE/random_block_marg.pdf Graphic file (type QTm)

<use  "Exploration/IDE/random_block_marg.pdf" >
File: Exploration/IDE/random_block.pdf Graphic file (type QTm)

<use  "Exploration/IDE/random_block.pdf" >
File: Exploration/IDE/random_room_belief.pdf Graphic file (type QTm)

<use  "Exploration/IDE/random_room_belief.pdf" >
File: Exploration/IDE/random_room.pdf Graphic file (type QTm)

<use  "Exploration/IDE/random_room.pdf" >
File: Exploration/first_view.pdf Graphic file (type QTm)
 <use  "Exploration/first_view.pdf" >
File: Exploration/first_hypoth.pdf Graphic file (type QTm)

<use  "Exploration/first_hypoth.pdf" >
File: Exploration/Model/first_meas.pdf Graphic file (type QTm)

<use  "Exploration/Model/first_meas.pdf" > [58]
Missing character: There is no “ in font cmr12!
Missing character: There is no ” in font cmr12!
 [59] [60]
LaTeX Font Info:    Try loading font information for U+bbm on input line 140.

(/usr/share/texlive/texmf-dist/tex/latex/bbm-macros/ubbm.fd
File: ubbm.fd 1999/03/15 V 1.2 Font definition for bbm font - TH
) [61] [62]
File: Exploration/Model/JEnergy1.pdf Graphic file (type QTm)

<use  "Exploration/Model/JEnergy1.pdf" >
File: Exploration/Model/JEnergy25.pdf Graphic file (type QTm)

<use  "Exploration/Model/JEnergy25.pdf" >
File: Exploration/Model/penetration1.pdf Graphic file (type QTm)

<use  "Exploration/Model/penetration1.pdf" >

Package natbib Warning: Citation `valenteTS13' on page 63 undefined on input li
ne 248.

[63] [64] [65]
File: Exploration/Model/media/voronoi_grid.pdf Graphic file (type QTm)
 <use  "Exploration/Model/media/voronoi_grid.pdf" >
Underfull \hbox (badness 10000) in paragraph at lines 339--339
[]\OT1/cmr/m/n/10 (a) Sam-pling Grid
 []


Underfull \hbox (badness 4378) in paragraph at lines 339--339
\OT1/cmr/m/n/10 over ran-dom par-ti-
 []

File: Exploration/Model/media/voronoi_grid_closeup.pdf Graphic file (type QTm)
<use  "Exploration/Model/media/voronoi_grid_closeup.pdf" >
Underfull \hbox (badness 4713) in paragraph at lines 342--342
[]\OT1/cmr/m/n/10 (b) Count-ing neigh-
 []

File: Exploration/Model/media/weight_profile.pdf Graphic file (type QTm)
<use  "Exploration/Model/media/weight_profile.pdf" >
File: Exploration/Model/hilo_ising.pdf Graphic file (type QTm)

<use  "Exploration/Model/hilo_ising.pdf" >
File: Exploration/Model/hilo_ising.pdf Graphic file (type QTm)

<use  "Exploration/Model/hilo_ising.pdf" >
File: Exploration/Model/min_ising.pdf Graphic file (type QTm)

<use  "Exploration/Model/min_ising.pdf" >
File: Exploration/Model/min_ising.pdf Graphic file (type QTm)

<use  "Exploration/Model/min_ising.pdf" > [66]

Package natbib Warning: Citation `geyer91' on page 67 undefined on input line 4
01.

File: Exploration/Model/ising000.pdf Graphic file (type QTm)
<use  "Exploration/Model/ising000.pdf" >
File: Exploration/Model/ising100.pdf Graphic file (type QTm)

<use  "Exploration/Model/ising100.pdf" >
File: Exploration/Model/ising225.pdf Graphic file (type QTm)

<use  "Exploration/Model/ising225.pdf" >
File: Exploration/Model/ising400.pdf Graphic file (type QTm)

<use  "Exploration/Model/ising400.pdf" >
File: Exploration/Model/visibility.pdf Graphic file (type QTm)

<use  "Exploration/Model/visibility.pdf" >
File: Exploration/Model/marg000.pdf Graphic file (type QTm)

<use  "Exploration/Model/marg000.pdf" >
File: Exploration/Model/marg100.pdf Graphic file (type QTm)

<use  "Exploration/Model/marg100.pdf" >
File: Exploration/Model/marg225.pdf Graphic file (type QTm)

<use  "Exploration/Model/marg225.pdf" >
File: Exploration/Model/marg400.pdf Graphic file (type QTm)

<use  "Exploration/Model/marg400.pdf" >
File: Exploration/Model/marg000.pdf Graphic file (type QTm)

<use  "Exploration/Model/marg000.pdf" >
File: Exploration/Model/marg000.pdf Graphic file (type QTm)

<use  "Exploration/Model/marg000.pdf" >
Underfull \hbox (badness 10000) in paragraph at lines 431--431
[]\OT1/cmr/m/n/10 (b) \OT1/cmr/m/n/8 0 It-er-a-
 []

File: Exploration/Model/marg100.pdf Graphic file (type QTm)
<use  "Exploration/Model/marg100.pdf" >
File: Exploration/Model/marg225.pdf Graphic file (type QTm)

<use  "Exploration/Model/marg225.pdf" >
File: Exploration/Model/marg400.pdf Graphic file (type QTm)

<use  "Exploration/Model/marg400.pdf" >
File: Exploration/Model/Penetration/ising_cell_001.png Graphic file (type QTm)

<use  "Exploration/Model/Penetration/ising_cell_001.png" >
File: Exploration/Model/Penetration/ising_penetration_001.pdf Graphic file (typ
e QTm)

<use  "Exploration/Model/Penetration/ising_penetration_001.pdf" >
File: Exploration/Model/Penetration/ising_extinction_001.pdf Graphic file (type
 QTm)

<use  "Exploration/Model/Penetration/ising_extinction_001.pdf" >
File: Exploration/Model/Penetration/ising_cell_004.png Graphic file (type QTm)

<use  "Exploration/Model/Penetration/ising_cell_004.png" >
File: Exploration/Model/Penetration/ising_penetration_004.pdf Graphic file (typ
e QTm)

<use  "Exploration/Model/Penetration/ising_penetration_004.pdf" >
File: Exploration/Model/Penetration/ising_extinction_004.pdf Graphic file (type
 QTm)

<use  "Exploration/Model/Penetration/ising_extinction_004.pdf" >
File: Exploration/Model/Penetration/ising_cell_009.png Graphic file (type QTm)

<use  "Exploration/Model/Penetration/ising_cell_009.png" >
File: Exploration/Model/Penetration/ising_penetration_009.pdf Graphic file (typ
e QTm)

<use  "Exploration/Model/Penetration/ising_penetration_009.pdf" >
File: Exploration/Model/Penetration/ising_extinction_009.pdf Graphic file (type
 QTm)

<use  "Exploration/Model/Penetration/ising_extinction_009.pdf" >
File: Exploration/Model/Penetration/ising_cell_016.png Graphic file (type QTm)

<use  "Exploration/Model/Penetration/ising_cell_016.png" >
File: Exploration/Model/Penetration/ising_penetration_016.pdf Graphic file (typ
e QTm)

<use  "Exploration/Model/Penetration/ising_penetration_016.pdf" >
File: Exploration/Model/Penetration/ising_extinction_016.pdf Graphic file (type
 QTm)

<use  "Exploration/Model/Penetration/ising_extinction_016.pdf" >
File: Exploration/Model/Penetration/ising_cell_025.png Graphic file (type QTm)

<use  "Exploration/Model/Penetration/ising_cell_025.png" >
File: Exploration/Model/Penetration/ising_penetration_025.pdf Graphic file (typ
e QTm)

<use  "Exploration/Model/Penetration/ising_penetration_025.pdf" >
File: Exploration/Model/Penetration/ising_extinction_025.pdf Graphic file (type
 QTm)

<use  "Exploration/Model/Penetration/ising_extinction_025.pdf" > [67]
File: Exploration/Model/media/poisson_disk.pdf Graphic file (type QTm)

<use  "Exploration/Model/media/poisson_disk.pdf" >
File: Exploration/Model/media/voronoi.pdf Graphic file (type QTm)

<use  "Exploration/Model/media/voronoi.pdf" >
File: Exploration/Model/media/voronoi_chex.pdf Graphic file (type QTm)

<use  "Exploration/Model/media/voronoi_chex.pdf" >

LaTeX Warning: Reference `fig:comparisons' on page 68 undefined on input line 5
45.

File: Exploration/Model/media/entropy_ising.pdf Graphic file (type QTm)
<use  "Exploration/Model/media/entropy_ising.pdf" >
File: Exploration/Model/media/entropy_chex.pdf Graphic file (type QTm)

<use  "Exploration/Model/media/entropy_chex.pdf" >

LaTeX Warning: `h' float specifier changed to `ht'.

[68]
File: Exploration/Model/media/weight_profiles.pdf Graphic file (type QTm)
 <use  "Exploration/Model/media/weight_profiles.pdf" >
File: Exploration/Model/samples.png Graphic file (type QTm)

<use  "Exploration/Model/samples.png" >
File: Exploration/Model/W02.pdf Graphic file (type QTm)
 <use  "Exploration/Model/W02.pdf" >
File: Exploration/Model/W04.pdf Graphic file (type QTm)

<use  "Exploration/Model/W04.pdf" >
File: Exploration/Model/W06.pdf Graphic file (type QTm)
 <use  "Exploration/Model/W06.pdf" >
File: Exploration/Model/W08.pdf Graphic file (type QTm)

<use  "Exploration/Model/W08.pdf" >
File: Exploration/Model/media/left_combos_hilite.pdf Graphic file (type QTm)

<use  "Exploration/Model/media/left_combos_hilite.pdf" >
File: Exploration/Model/media/right_combos_hilite.pdf Graphic file (type QTm)

<use  "Exploration/Model/media/right_combos_hilite.pdf" >
File: Exploration/IDE/../Speedup/Parallel_Bits/iso-01.png Graphic file (type QT
m)

<use  "Exploration/IDE/../Speedup/Parallel_Bits/iso-01.png" >
File: Exploration/IDE/../Speedup/Parallel_Bits/iso-02.png Graphic file (type QT
m)

<use  "Exploration/IDE/../Speedup/Parallel_Bits/iso-02.png" >
File: Exploration/IDE/../Speedup/Parallel_Bits/iso-03.png Graphic file (type QT
m)

<use  "Exploration/IDE/../Speedup/Parallel_Bits/iso-03.png" >
File: Exploration/IDE/../Speedup/Parallel_Bits/iso-04.png Graphic file (type QT
m)

<use  "Exploration/IDE/../Speedup/Parallel_Bits/iso-04.png" >
File: Exploration/IDE/../Speedup/Parallel_Bits/par025.pdf Graphic file (type QT
m)

<use  "Exploration/IDE/../Speedup/Parallel_Bits/par025.pdf" >
File: Exploration/IDE/../Speedup/Parallel_Bits/par100.pdf Graphic file (type QT
m)

<use  "Exploration/IDE/../Speedup/Parallel_Bits/par100.pdf" >
File: Exploration/IDE/../Speedup/Parallel_Bits/par225.pdf Graphic file (type QT
m)

<use  "Exploration/IDE/../Speedup/Parallel_Bits/par225.pdf" >
File: Exploration/IDE/../Speedup/Parallel_Bits/par400.pdf Graphic file (type QT
m)

<use  "Exploration/IDE/../Speedup/Parallel_Bits/par400.pdf" > [69]
File: Exploration/IDE/../Speedup/Parallel_Bits/isingup.pdf Graphic file (type Q
Tm)

<use  "Exploration/IDE/../Speedup/Parallel_Bits/isingup.pdf" >
File: Exploration/IDE/../Speedup/Parallel_Bits/bitup.pdf Graphic file (type QTm
)

<use  "Exploration/IDE/../Speedup/Parallel_Bits/bitup.pdf" >
File: Exploration/IDE/../Speedup/Parallel_Bits/parcompare.pdf Graphic file (typ
e QTm)

<use  "Exploration/IDE/../Speedup/Parallel_Bits/parcompare.pdf" > [70] [71]
File: Exploration/Model/2D/scene_01.png Graphic file (type QTm)

<use  "Exploration/Model/2D/scene_01.png" >
File: Exploration/Model/2D/marginal_01.png Graphic file (type QTm)

<use  "Exploration/Model/2D/marginal_01.png" >
File: Exploration/Model/2D/energy_01.png Graphic file (type QTm)

<use  "Exploration/Model/2D/energy_01.png" >
File: Exploration/Model/2D/scene_02.png Graphic file (type QTm)

<use  "Exploration/Model/2D/scene_02.png" >
File: Exploration/Model/2D/marginal_02.png Graphic file (type QTm)

<use  "Exploration/Model/2D/marginal_02.png" >
File: Exploration/Model/2D/energy_01.png Graphic file (type QTm)

<use  "Exploration/Model/2D/energy_01.png" >
File: Exploration/Model/2D/scene_03.png Graphic file (type QTm)

<use  "Exploration/Model/2D/scene_03.png" >
File: Exploration/Model/2D/marginal_03.png Graphic file (type QTm)

<use  "Exploration/Model/2D/marginal_03.png" >
File: Exploration/Model/2D/energy_03.png Graphic file (type QTm)

<use  "Exploration/Model/2D/energy_03.png" >
File: Exploration/Model/2D/scene_04.png Graphic file (type QTm)

<use  "Exploration/Model/2D/scene_04.png" >
File: Exploration/Model/2D/marginal_04.png Graphic file (type QTm)

<use  "Exploration/Model/2D/marginal_04.png" >
File: Exploration/Model/2D/energy_04.png Graphic file (type QTm)

<use  "Exploration/Model/2D/energy_04.png" >
File: Exploration/Model/2D/scene_05.png Graphic file (type QTm)

<use  "Exploration/Model/2D/scene_05.png" >
File: Exploration/Model/2D/marginal_05.png Graphic file (type QTm)

<use  "Exploration/Model/2D/marginal_05.png" >
File: Exploration/Model/2D/energy_05.png Graphic file (type QTm)

<use  "Exploration/Model/2D/energy_05.png" >
File: Exploration/Model/2D/scene_05.png Graphic file (type QTm)

<use  "Exploration/Model/2D/scene_05.png" >
File: Exploration/Model/2D/marginal_05.png Graphic file (type QTm)

<use  "Exploration/Model/2D/marginal_05.png" >
File: Exploration/Model/2D/energy_05.png Graphic file (type QTm)

<use  "Exploration/Model/2D/energy_05.png" >

LaTeX Warning: Float too large for page by 20.8315pt on input line 850.

File: Exploration/Model/view_01.png Graphic file (type QTm)
<use  "Exploration/Model/view_01.png" >
File: Exploration/Model/marginal_01.png Graphic file (type QTm)

<use  "Exploration/Model/marginal_01.png" >
File: Exploration/Model/energy_01.png Graphic file (type QTm)

<use  "Exploration/Model/energy_01.png" >
File: Exploration/Model/view_02.png Graphic file (type QTm)

<use  "Exploration/Model/view_02.png" >
File: Exploration/Model/marginal_02.png Graphic file (type QTm)

<use  "Exploration/Model/marginal_02.png" >
File: Exploration/Model/energy_02.png Graphic file (type QTm)

<use  "Exploration/Model/energy_02.png" >
File: Exploration/Model/view_03.png Graphic file (type QTm)

<use  "Exploration/Model/view_03.png" >
File: Exploration/Model/marginal_03.png Graphic file (type QTm)

<use  "Exploration/Model/marginal_03.png" >
File: Exploration/Model/energy_03.png Graphic file (type QTm)

<use  "Exploration/Model/energy_03.png" >
File: Exploration/Model/view_04.png Graphic file (type QTm)

<use  "Exploration/Model/view_04.png" >
File: Exploration/Model/marginal_04.png Graphic file (type QTm)

<use  "Exploration/Model/marginal_04.png" >
File: Exploration/Model/energy_04.png Graphic file (type QTm)

<use  "Exploration/Model/energy_04.png" >
File: Exploration/Model/view_05.png Graphic file (type QTm)

<use  "Exploration/Model/view_05.png" >
File: Exploration/Model/marginal_05.png Graphic file (type QTm)

<use  "Exploration/Model/marginal_05.png" >
File: Exploration/Model/energy_05.png Graphic file (type QTm)

<use  "Exploration/Model/energy_05.png" >
File: Exploration/Model/view_05.png Graphic file (type QTm)

<use  "Exploration/Model/view_05.png" >
File: Exploration/Model/marginal_05.png Graphic file (type QTm)

<use  "Exploration/Model/marginal_05.png" >
File: Exploration/Model/energy_05.png Graphic file (type QTm)

<use  "Exploration/Model/energy_05.png" >

Package natbib Warning: Citation `lacoin2011zero' on page 72 undefined on input
 line 882.

[72] [73]
File: Exploration/Model/simple_stats.pdf Graphic file (type QTm)
 <use  "Exploration/Model/simple_stats.pdf" >
File: Exploration/Model/ising_cropped.pdf Graphic file (type QTm)

<use  "Exploration/Model/ising_cropped.pdf" >
Overfull \hbox (25.90076pt too wide) in paragraph at lines 960--965
 [][] 
 []


Overfull \hbox (25.90076pt too wide) in paragraph at lines 960--965
 [] 
 []


Package natbib Warning: Citation `valenteTS13' on page 74 undefined on input li
ne 968.


LaTeX Warning: Reference `fig:valente' on page 74 undefined on input line 971.

)) [74] [75] [76] [77] [78] [79] [80] [81] [82] [83] [84] [85]
CHAPTER 5.
(./MinRep/repredux.tex
Missing character: There is no “ in font cmr12!
Missing character: There is no ” in font cmr12!
Missing character: There is no “ in font cmr12!
Missing character: There is no ” in font cmr12!
Missing character: There is no ’ in font cmr12!
Missing character: There is no ’ in font cmr12!
Missing character: There is no “ in font cmr12!
Missing character: There is no ” in font cmr12!
File: MinRep/agent.pdf Graphic file (type QTm)
 <use  "MinRep/agent.pdf" >
File: MinRep/reduced_agent.pdf Graphic file (type QTm)

<use  "MinRep/reduced_agent.pdf" >

Package natbib Warning: Citation `hopcroft1971n' on page 86 undefined on input 
line 30.


Package natbib Warning: Citation `Pfleeger:1973:SRI:1311965.1312829' on page 86
 undefined on input line 36.


Package natbib Warning: Citation `grasselli1965method' on page 86 undefined on 
input line 36.


Package natbib Warning: Citation `goren2007state' on page 86 undefined on input
 line 36.

[86

] [87]
File: MinRep/media/overcomplete_decision.pdf Graphic file (type QTm)
 <use  "MinRep/media/overcomplete_decision.pdf" >
File: MinRep/media/overcomplete_decision.pdf Graphic file (type QTm)

<use  "MinRep/media/overcomplete_decision.pdf" >
File: MinRep/media/overcomplete_decision.pdf Graphic file (type QTm)

<use  "MinRep/media/overcomplete_decision.pdf" >
File: MinRep/media/overcomplete-2.pdf Graphic file (type QTm)

<use  "MinRep/media/overcomplete-2.pdf" >
File: MinRep/media/overcomplete-2.pdf Graphic file (type QTm)

<use  "MinRep/media/overcomplete-2.pdf" >
File: MinRep/m