This is pdfTeX, Version 3.1415926-2.5-1.40.14 (TeX Live 2013/Debian) (format=pdflatex 2015.8.15)  9 SEP 2015 08:28
entering extended mode
 restricted \write18 enabled.
 %&-line parsing enabled.
**main.tex
(./main.tex
LaTeX2e <2011/06/27>
Babel <3.9h> and hyphenation patterns for 2 languages loaded.
(/usr/share/texlive/texmf-dist/tex/latex/base/article.cls
Document Class: article 2007/10/19 v1.4h Standard LaTeX document class
(/usr/share/texlive/texmf-dist/tex/latex/base/size10.clo
File: size10.clo 2007/10/19 v1.4h Standard LaTeX file (size option)
)
\c@part=\count79
\c@section=\count80
\c@subsection=\count81
\c@subsubsection=\count82
\c@paragraph=\count83
\c@subparagraph=\count84
\c@figure=\count85
\c@table=\count86
\abovecaptionskip=\skip41
\belowcaptionskip=\skip42
\bibindent=\dimen102
) (../../mymacros.tex
(/usr/share/texlive/texmf-dist/tex/latex/amscls/amsthm.sty
Package: amsthm 2004/08/06 v2.20
\thm@style=\toks14
\thm@bodyfont=\toks15
\thm@headfont=\toks16
\thm@notefont=\toks17
\thm@headpunct=\toks18
\thm@preskip=\skip43
\thm@postskip=\skip44
\thm@headsep=\skip45
\dth@everypar=\toks19
)
(/usr/share/texlive/texmf-dist/tex/latex/amsmath/amsmath.sty
Package: amsmath 2013/01/14 v2.14 AMS math features
\@mathmargin=\skip46

For additional information on amsmath, use the `?' option.
(/usr/share/texlive/texmf-dist/tex/latex/amsmath/amstext.sty
Package: amstext 2000/06/29 v2.01

(/usr/share/texlive/texmf-dist/tex/latex/amsmath/amsgen.sty
File: amsgen.sty 1999/11/30 v2.0
\@emptytoks=\toks20
\ex@=\dimen103
))
(/usr/share/texlive/texmf-dist/tex/latex/amsmath/amsbsy.sty
Package: amsbsy 1999/11/29 v1.2d
\pmbraise@=\dimen104
)
(/usr/share/texlive/texmf-dist/tex/latex/amsmath/amsopn.sty
Package: amsopn 1999/12/14 v2.01 operator names
)
\inf@bad=\count87
LaTeX Info: Redefining \frac on input line 210.
\uproot@=\count88
\leftroot@=\count89
LaTeX Info: Redefining \overline on input line 306.
\classnum@=\count90
\DOTSCASE@=\count91
LaTeX Info: Redefining \ldots on input line 378.
LaTeX Info: Redefining \dots on input line 381.
LaTeX Info: Redefining \cdots on input line 466.
\Mathstrutbox@=\box26
\strutbox@=\box27
\big@size=\dimen105
LaTeX Font Info:    Redeclaring font encoding OML on input line 566.
LaTeX Font Info:    Redeclaring font encoding OMS on input line 567.
\macc@depth=\count92
\c@MaxMatrixCols=\count93
\dotsspace@=\muskip10
\c@parentequation=\count94
\dspbrk@lvl=\count95
\tag@help=\toks21
\row@=\count96
\column@=\count97
\maxfields@=\count98
\andhelp@=\toks22
\eqnshift@=\dimen106
\alignsep@=\dimen107
\tagshift@=\dimen108
\tagwidth@=\dimen109
\totwidth@=\dimen110
\lineht@=\dimen111
\@envbody=\toks23
\multlinegap=\skip47
\multlinetaggap=\skip48
\mathdisplay@stack=\toks24
LaTeX Info: Redefining \[ on input line 2665.
LaTeX Info: Redefining \] on input line 2666.
)
(/usr/share/texlive/texmf-dist/tex/latex/amsfonts/amssymb.sty
Package: amssymb 2013/01/14 v3.01 AMS font symbols

(/usr/share/texlive/texmf-dist/tex/latex/amsfonts/amsfonts.sty
Package: amsfonts 2013/01/14 v3.01 Basic AMSFonts support
\symAMSa=\mathgroup4
\symAMSb=\mathgroup5
LaTeX Font Info:    Overwriting math alphabet `\mathfrak' in version `bold'
(Font)                  U/euf/m/n --> U/euf/b/n on input line 106.
))
(/usr/share/texlive/texmf-dist/tex/latex/bbm-macros/bbm.sty
Package: bbm 1999/03/15 V 1.2 provides fonts for set symbols - TH
LaTeX Font Info:    Overwriting math alphabet `\mathbbm' in version `bold'
(Font)                  U/bbm/m/n --> U/bbm/bx/n on input line 33.
LaTeX Font Info:    Overwriting math alphabet `\mathbbmss' in version `bold'
(Font)                  U/bbmss/m/n --> U/bbmss/bx/n on input line 35.
)
(/usr/share/texlive/texmf-dist/tex/latex/mh/mathtools.sty
Package: mathtools 2013/02/12 v1.13 mathematical typesetting tools

(/usr/share/texlive/texmf-dist/tex/latex/graphics/keyval.sty
Package: keyval 1999/03/16 v1.13 key=value parser (DPC)
\KV@toks@=\toks25
)
(/usr/share/texlive/texmf-dist/tex/latex/tools/calc.sty
Package: calc 2007/08/22 v4.3 Infix arithmetic (KKT,FJ)
\calc@Acount=\count99
\calc@Bcount=\count100
\calc@Adimen=\dimen112
\calc@Bdimen=\dimen113
\calc@Askip=\skip49
\calc@Bskip=\skip50
LaTeX Info: Redefining \setlength on input line 76.
LaTeX Info: Redefining \addtolength on input line 77.
\calc@Ccount=\count101
\calc@Cskip=\skip51
)
(/usr/share/texlive/texmf-dist/tex/latex/mh/mhsetup.sty
Package: mhsetup 2010/01/21 v1.2a programming setup (MH)
)
LaTeX Info: Thecontrolsequence`\['isalreadyrobust on input line 129.
LaTeX Info: Thecontrolsequence`\]'isalreadyrobust on input line 129.
\g_MT_multlinerow_int=\count102
\l_MT_multwidth_dim=\dimen114
\origjot=\skip52
\l_MT_shortvdotswithinadjustabove_dim=\dimen115
\l_MT_shortvdotswithinadjustbelow_dim=\dimen116
\l_MT_above_intertext_sep=\dimen117
\l_MT_below_intertext_sep=\dimen118
\l_MT_above_shortintertext_sep=\dimen119
\l_MT_below_shortintertext_sep=\dimen120
)
(/usr/share/texlive/texmf-dist/tex/latex/subfigure/subfigure.sty
Package: subfigure 2002/03/15 v2.1.5 subfigure package
\subfigtopskip=\skip53
\subfigcapskip=\skip54
\subfigcaptopadj=\dimen121
\subfigbottomskip=\skip55
\subfigcapmargin=\dimen122
\subfiglabelskip=\skip56
\c@subfigure=\count103
\c@lofdepth=\count104
\c@subtable=\count105
\c@lotdepth=\count106

****************************************
* Local config file subfigure.cfg used *
****************************************
(/usr/share/texlive/texmf-dist/tex/latex/subfigure/subfigure.cfg)
\subfig@top=\skip57
\subfig@bottom=\skip58
)
(/usr/share/texlive/texmf-dist/tex/latex/placeins/placeins.sty
Package: placeins 2005/04/18  v 2.2
)
(/usr/share/texlive/texmf-dist/tex/latex/import/import.sty
Package: import 2009/03/23  v 5.1
)
(/usr/share/texlive/texmf-dist/tex/latex/graphics/graphicx.sty
Package: graphicx 1999/02/16 v1.0f Enhanced LaTeX Graphics (DPC,SPQR)

(/usr/share/texlive/texmf-dist/tex/latex/graphics/graphics.sty
Package: graphics 2009/02/05 v1.0o Standard LaTeX Graphics (DPC,SPQR)

(/usr/share/texlive/texmf-dist/tex/latex/graphics/trig.sty
Package: trig 1999/03/16 v1.09 sin cos tan (DPC)
)
(/usr/share/texlive/texmf-dist/tex/latex/latexconfig/graphics.cfg
File: graphics.cfg 2010/04/23 v1.9 graphics configuration of TeX Live
)
Package graphics Info: Driver file: pdftex.def on input line 91.

(/usr/share/texlive/texmf-dist/tex/latex/pdftex-def/pdftex.def
File: pdftex.def 2011/05/27 v0.06d Graphics/color for pdfTeX

(/usr/share/texlive/texmf-dist/tex/generic/oberdiek/infwarerr.sty
Package: infwarerr 2010/04/08 v1.3 Providing info/warning/error messages (HO)
)
(/usr/share/texlive/texmf-dist/tex/generic/oberdiek/ltxcmds.sty
Package: ltxcmds 2011/11/09 v1.22 LaTeX kernel commands for general use (HO)
)
\Gread@gobject=\count107
))
\Gin@req@height=\dimen123
\Gin@req@width=\dimen124
)
(/usr/share/texlive/texmf-dist/tex/latex/todonotes/todonotes.sty
Package: todonotes 2012/07/25 .dtx Todonotes source and documentation.
Package: todonotes 2012/07/25

(/usr/share/texlive/texmf-dist/tex/latex/base/ifthen.sty
Package: ifthen 2001/05/26 v1.1c Standard LaTeX ifthen package (DPC)
)
(/usr/share/texlive/texmf-dist/tex/latex/xkeyval/xkeyval.sty
Package: xkeyval 2012/10/14 v2.6b package option processing (HA)

(/usr/share/texlive/texmf-dist/tex/generic/xkeyval/xkeyval.tex
\XKV@toks=\toks26
\XKV@tempa@toks=\toks27
\XKV@depth=\count108
File: xkeyval.tex 2012/10/14 v2.6b key=value parser (HA)
))
(/usr/share/texmf/tex/latex/xcolor/xcolor.sty
Package: xcolor 2007/01/21 v2.11 LaTeX color extensions (UK)

(/usr/share/texlive/texmf-dist/tex/latex/latexconfig/color.cfg
File: color.cfg 2007/01/18 v1.5 color configuration of teTeX/TeXLive
)
Package xcolor Info: Driver file: pdftex.def on input line 225.
Package xcolor Info: Model `cmy' substituted by `cmy0' on input line 1337.
Package xcolor Info: Model `hsb' substituted by `rgb' on input line 1341.
Package xcolor Info: Model `RGB' extended on input line 1353.
Package xcolor Info: Model `HTML' substituted by `rgb' on input line 1355.
Package xcolor Info: Model `Hsb' substituted by `hsb' on input line 1356.
Package xcolor Info: Model `tHsb' substituted by `hsb' on input line 1357.
Package xcolor Info: Model `HSB' substituted by `hsb' on input line 1358.
Package xcolor Info: Model `Gray' substituted by `gray' on input line 1359.
Package xcolor Info: Model `wave' substituted by `hsb' on input line 1360.
)
(/usr/share/texmf/tex/latex/pgf/frontendlayer/tikz.sty
(/usr/share/texmf/tex/latex/pgf/basiclayer/pgf.sty
(/usr/share/texmf/tex/latex/pgf/utilities/pgfrcs.sty
(/usr/share/texmf/tex/generic/pgf/utilities/pgfutil-common.tex
\pgfutil@everybye=\toks28
)
(/usr/share/texmf/tex/generic/pgf/utilities/pgfutil-latex.def
\pgfutil@abb=\box28

(/usr/share/texlive/texmf-dist/tex/latex/ms/everyshi.sty
Package: everyshi 2001/05/15 v3.00 EveryShipout Package (MS)
))
(/usr/share/texmf/tex/generic/pgf/utilities/pgfrcs.code.tex
Package: pgfrcs 2010/10/25 v2.10 (rcs-revision 1.24)
))
Package: pgf 2008/01/15 v2.10 (rcs-revision 1.12)

(/usr/share/texmf/tex/latex/pgf/basiclayer/pgfcore.sty
(/usr/share/texmf/tex/latex/pgf/systemlayer/pgfsys.sty
(/usr/share/texmf/tex/generic/pgf/systemlayer/pgfsys.code.tex
Package: pgfsys 2010/06/30 v2.10 (rcs-revision 1.37)

(/usr/share/texmf/tex/generic/pgf/utilities/pgfkeys.code.tex
\pgfkeys@pathtoks=\toks29
\pgfkeys@temptoks=\toks30

(/usr/share/texmf/tex/generic/pgf/utilities/pgfkeysfiltered.code.tex
\pgfkeys@tmptoks=\toks31
))
\pgf@x=\dimen125
\pgf@y=\dimen126
\pgf@xa=\dimen127
\pgf@ya=\dimen128
\pgf@xb=\dimen129
\pgf@yb=\dimen130
\pgf@xc=\dimen131
\pgf@yc=\dimen132
\w@pgf@writea=\write3
\r@pgf@reada=\read1
\c@pgf@counta=\count109
\c@pgf@countb=\count110
\c@pgf@countc=\count111
\c@pgf@countd=\count112

(/usr/share/texmf/tex/generic/pgf/systemlayer/pgf.cfg
File: pgf.cfg 2008/05/14  (rcs-revision 1.7)
)
Package pgfsys Info: Driver file for pgf: pgfsys-pdftex.def on input line 900.

(/usr/share/texmf/tex/generic/pgf/systemlayer/pgfsys-pdftex.def
File: pgfsys-pdftex.def 2009/05/22  (rcs-revision 1.26)

(/usr/share/texmf/tex/generic/pgf/systemlayer/pgfsys-common-pdf.def
File: pgfsys-common-pdf.def 2008/05/19  (rcs-revision 1.10)
)))
(/usr/share/texmf/tex/generic/pgf/systemlayer/pgfsyssoftpath.code.tex
File: pgfsyssoftpath.code.tex 2008/07/18  (rcs-revision 1.7)
\pgfsyssoftpath@smallbuffer@items=\count113
\pgfsyssoftpath@bigbuffer@items=\count114
)
(/usr/share/texmf/tex/generic/pgf/systemlayer/pgfsysprotocol.code.tex
File: pgfsysprotocol.code.tex 2006/10/16  (rcs-revision 1.4)
))
(/usr/share/texmf/tex/generic/pgf/basiclayer/pgfcore.code.tex
Package: pgfcore 2010/04/11 v2.10 (rcs-revision 1.7)

(/usr/share/texmf/tex/generic/pgf/math/pgfmath.code.tex
(/usr/share/texmf/tex/generic/pgf/math/pgfmathcalc.code.tex
(/usr/share/texmf/tex/generic/pgf/math/pgfmathutil.code.tex)
(/usr/share/texmf/tex/generic/pgf/math/pgfmathparser.code.tex
\pgfmath@dimen=\dimen133
\pgfmath@count=\count115
\pgfmath@box=\box29
\pgfmath@toks=\toks32
\pgfmath@stack@operand=\toks33
\pgfmath@stack@operation=\toks34
)
(/usr/share/texmf/tex/generic/pgf/math/pgfmathfunctions.code.tex
(/usr/share/texmf/tex/generic/pgf/math/pgfmathfunctions.basic.code.tex)
(/usr/share/texmf/tex/generic/pgf/math/pgfmathfunctions.trigonometric.code.tex)
(/usr/share/texmf/tex/generic/pgf/math/pgfmathfunctions.random.code.tex)
(/usr/share/texmf/tex/generic/pgf/math/pgfmathfunctions.comparison.code.tex)
(/usr/share/texmf/tex/generic/pgf/math/pgfmathfunctions.base.code.tex)
(/usr/share/texmf/tex/generic/pgf/math/pgfmathfunctions.round.code.tex)
(/usr/share/texmf/tex/generic/pgf/math/pgfmathfunctions.misc.code.tex)))
(/usr/share/texmf/tex/generic/pgf/math/pgfmathfloat.code.tex
\c@pgfmathroundto@lastzeros=\count116
))
(/usr/share/texmf/tex/generic/pgf/basiclayer/pgfcorepoints.code.tex
File: pgfcorepoints.code.tex 2010/04/09  (rcs-revision 1.20)
\pgf@picminx=\dimen134
\pgf@picmaxx=\dimen135
\pgf@picminy=\dimen136
\pgf@picmaxy=\dimen137
\pgf@pathminx=\dimen138
\pgf@pathmaxx=\dimen139
\pgf@pathminy=\dimen140
\pgf@pathmaxy=\dimen141
\pgf@xx=\dimen142
\pgf@xy=\dimen143
\pgf@yx=\dimen144
\pgf@yy=\dimen145
\pgf@zx=\dimen146
\pgf@zy=\dimen147
)
(/usr/share/texmf/tex/generic/pgf/basiclayer/pgfcorepathconstruct.code.tex
File: pgfcorepathconstruct.code.tex 2010/08/03  (rcs-revision 1.24)
\pgf@path@lastx=\dimen148
\pgf@path@lasty=\dimen149
)
(/usr/share/texmf/tex/generic/pgf/basiclayer/pgfcorepathusage.code.tex
File: pgfcorepathusage.code.tex 2008/04/22  (rcs-revision 1.12)
\pgf@shorten@end@additional=\dimen150
\pgf@shorten@start@additional=\dimen151
)
(/usr/share/texmf/tex/generic/pgf/basiclayer/pgfcorescopes.code.tex
File: pgfcorescopes.code.tex 2010/09/08  (rcs-revision 1.34)
\pgfpic=\box30
\pgf@hbox=\box31
\pgf@layerbox@main=\box32
\pgf@picture@serial@count=\count117
)
(/usr/share/texmf/tex/generic/pgf/basiclayer/pgfcoregraphicstate.code.tex
File: pgfcoregraphicstate.code.tex 2008/04/22  (rcs-revision 1.9)
\pgflinewidth=\dimen152
)
(/usr/share/texmf/tex/generic/pgf/basiclayer/pgfcoretransformations.code.tex
File: pgfcoretransformations.code.tex 2009/06/10  (rcs-revision 1.11)
\pgf@pt@x=\dimen153
\pgf@pt@y=\dimen154
\pgf@pt@temp=\dimen155
)
(/usr/share/texmf/tex/generic/pgf/basiclayer/pgfcorequick.code.tex
File: pgfcorequick.code.tex 2008/10/09  (rcs-revision 1.3)
)
(/usr/share/texmf/tex/generic/pgf/basiclayer/pgfcoreobjects.code.tex
File: pgfcoreobjects.code.tex 2006/10/11  (rcs-revision 1.2)
)
(/usr/share/texmf/tex/generic/pgf/basiclayer/pgfcorepathprocessing.code.tex
File: pgfcorepathprocessing.code.tex 2008/10/09  (rcs-revision 1.8)
)
(/usr/share/texmf/tex/generic/pgf/basiclayer/pgfcorearrows.code.tex
File: pgfcorearrows.code.tex 2008/04/23  (rcs-revision 1.11)
)
(/usr/share/texmf/tex/generic/pgf/basiclayer/pgfcoreshade.code.tex
File: pgfcoreshade.code.tex 2008/11/23  (rcs-revision 1.13)
\pgf@max=\dimen156
\pgf@sys@shading@range@num=\count118
)
(/usr/share/texmf/tex/generic/pgf/basiclayer/pgfcoreimage.code.tex
File: pgfcoreimage.code.tex 2010/03/25  (rcs-revision 1.16)

(/usr/share/texmf/tex/generic/pgf/basiclayer/pgfcoreexternal.code.tex
File: pgfcoreexternal.code.tex 2010/09/01  (rcs-revision 1.17)
\pgfexternal@startupbox=\box33
))
(/usr/share/texmf/tex/generic/pgf/basiclayer/pgfcorelayers.code.tex
File: pgfcorelayers.code.tex 2010/08/27  (rcs-revision 1.2)
)
(/usr/share/texmf/tex/generic/pgf/basiclayer/pgfcoretransparency.code.tex
File: pgfcoretransparency.code.tex 2008/01/17  (rcs-revision 1.2)
)
(/usr/share/texmf/tex/generic/pgf/basiclayer/pgfcorepatterns.code.tex
File: pgfcorepatterns.code.tex 2009/07/02  (rcs-revision 1.3)
)))
(/usr/share/texmf/tex/generic/pgf/modules/pgfmoduleshapes.code.tex
File: pgfmoduleshapes.code.tex 2010/09/09  (rcs-revision 1.13)
\pgfnodeparttextbox=\box34
)
(/usr/share/texmf/tex/generic/pgf/modules/pgfmoduleplot.code.tex
File: pgfmoduleplot.code.tex 2010/10/22  (rcs-revision 1.8)
)
(/usr/share/texmf/tex/latex/pgf/compatibility/pgfcomp-version-0-65.sty
Package: pgfcomp-version-0-65 2007/07/03 v2.10 (rcs-revision 1.7)
\pgf@nodesepstart=\dimen157
\pgf@nodesepend=\dimen158
)
(/usr/share/texmf/tex/latex/pgf/compatibility/pgfcomp-version-1-18.sty
Package: pgfcomp-version-1-18 2007/07/23 v2.10 (rcs-revision 1.1)
))
(/usr/share/texmf/tex/latex/pgf/utilities/pgffor.sty
(/usr/share/texmf/tex/latex/pgf/utilities/pgfkeys.sty
(/usr/share/texmf/tex/generic/pgf/utilities/pgfkeys.code.tex))
(/usr/share/texmf/tex/generic/pgf/utilities/pgffor.code.tex
Package: pgffor 2010/03/23 v2.10 (rcs-revision 1.18)
\pgffor@iter=\dimen159
\pgffor@skip=\dimen160
\pgffor@stack=\toks35
\pgffor@toks=\toks36
))
(/usr/share/texmf/tex/generic/pgf/frontendlayer/tikz/tikz.code.tex
Package: tikz 2010/10/13 v2.10 (rcs-revision 1.76)

(/usr/share/texmf/tex/generic/pgf/libraries/pgflibraryplothandlers.code.tex
File: pgflibraryplothandlers.code.tex 2010/05/31 v2.10 (rcs-revision 1.15)
\pgf@plot@mark@count=\count119
\pgfplotmarksize=\dimen161
)
\tikz@lastx=\dimen162
\tikz@lasty=\dimen163
\tikz@lastxsaved=\dimen164
\tikz@lastysaved=\dimen165
\tikzleveldistance=\dimen166
\tikzsiblingdistance=\dimen167
\tikz@figbox=\box35
\tikz@tempbox=\box36
\tikztreelevel=\count120
\tikznumberofchildren=\count121
\tikznumberofcurrentchild=\count122
\tikz@fig@count=\count123

(/usr/share/texmf/tex/generic/pgf/modules/pgfmodulematrix.code.tex
File: pgfmodulematrix.code.tex 2010/08/24  (rcs-revision 1.4)
\pgfmatrixcurrentrow=\count124
\pgfmatrixcurrentcolumn=\count125
\pgf@matrix@numberofcolumns=\count126
)
\tikz@expandcount=\count127

(/usr/share/texmf/tex/generic/pgf/frontendlayer/tikz/libraries/tikzlibrarytopat
hs.code.tex
File: tikzlibrarytopaths.code.tex 2008/06/17 v2.10 (rcs-revision 1.2)
)))
(/usr/share/texmf/tex/generic/pgf/frontendlayer/tikz/libraries/tikzlibraryposit
ioning.code.tex
File: tikzlibrarypositioning.code.tex 2008/10/06 v2.10 (rcs-revision 1.7)
)
\c@@todonotes@numberoftodonotes=\count128
) (/usr/share/texlive/texmf-dist/tex/latex/tools/array.sty
Package: array 2008/09/09 v2.4c Tabular extension package (FMi)
\col@sep=\dimen168
\extrarowheight=\dimen169
\NC@list=\toks37
\extratabsurround=\skip59
\backup@length=\skip60
)
(/usr/share/texlive/texmf-dist/tex/latex/natbib/natbib.sty
Package: natbib 2010/09/13 8.31b (PWD, AO)
\bibhang=\skip61
\bibsep=\skip62
LaTeX Info: Redefining \cite on input line 694.
\c@NAT@ctr=\count129
)
(/usr/share/texlive/texmf-dist/tex/latex/appendix/appendix.sty
Package: appendix 2009/09/02 v1.2b extra appendix facilities
\c@@pps=\count130
\c@@ppsavesec=\count131
\c@@ppsaveapp=\count132
)
(/usr/share/texlive/texmf-dist/tex/latex/floatrow/floatrow.sty
Package: floatrow 2008/08/02 v0.3b floatrow: float package extension

(/usr/share/texlive/texmf-dist/tex/latex/caption/caption3.sty
Package: caption3 2013/05/02 v1.6-88 caption3 kernel (AR)
Package caption3 Info: TeX engine: e-TeX on input line 57.
\captionmargin=\dimen170
\captionmargin@=\dimen171
\captionwidth=\dimen172
\caption@tempdima=\dimen173
\caption@indent=\dimen174
\caption@parindent=\dimen175
\caption@hangindent=\dimen176
)
\c@float@type=\count133
\float@exts=\toks38
\float@box=\box37
\@floatcapt=\box38
Package floatrow Info: Modified float package code loaded on input line 455.
Package floatrow Info: Modified rotfloat package code loaded on input line 473.

\FR@everyfloat=\toks39
\flrow@foot=\insert233
\FB@wd=\dimen177
\FBo@wd=\dimen178
\FBc@wd=\dimen179
\FBo@ht=\skip63
\FBc@ht=\skip64
\FBf@ht=\skip65
\FBo@max=\skip66
\FBc@max=\skip67
\FBf@max=\skip68
\c@FBl@b=\count134
\floatbox@depth=\count135
\c@FRobj=\count136
\c@FRsobj=\count137
\Xhsize=\skip69
\sXhsize=\skip70
\Zhsize=\skip71
\sZhsize=\skip72
\flrow@rowbox=\box39
\FR@Zunitlength=\dimen180
\c@FBcnt=\count138
\FPOScnt=\count139
\LTleft=\skip73
\LTright=\skip74
\LTleft=\skip75
\LTright=\skip76
\flrow@types=\toks40
)
(/usr/share/texlive/texmf-dist/tex/latex/colortbl/colortbl.sty
Package: colortbl 2012/02/13 v1.0a Color table columns (DPC)
\everycr=\toks41
\minrowclearance=\skip77
)
(/usr/share/texlive/texmf-dist/tex/latex/algorithms/algorithm.sty
Package: algorithm 2009/08/24 v0.1 Document Style `algorithm' - floating enviro
nment
\c@algorithm=\count140
)
(/usr/share/texlive/texmf-dist/tex/latex/algorithms/algorithmic.sty
Package: algorithmic 2009/08/24 v0.1 Document Style `algorithmic'
\c@ALC@unique=\count141
\c@ALC@line=\count142
\c@ALC@rem=\count143
\c@ALC@depth=\count144
\ALC@tlm=\skip78
\algorithmicindent=\skip79
)
(/usr/share/texlive/texmf-dist/tex/latex/cite/chapterbib.sty
\c@inputfile=\count145
Package: chapterbib 2010/09/18  v 1.17
)
\c@example=\count146
\c@definition=\count147
\c@conj=\count148
\c@lemma=\count149
\c@prop=\count150
\c@notation=\count151
) (./main.aux)
\openout1 = `main.aux'.

LaTeX Font Info:    Checking defaults for OML/cmm/m/it on input line 5.
LaTeX Font Info:    ... okay on input line 5.
LaTeX Font Info:    Checking defaults for T1/cmr/m/n on input line 5.
LaTeX Font Info:    ... okay on input line 5.
LaTeX Font Info:    Checking defaults for OT1/cmr/m/n on input line 5.
LaTeX Font Info:    ... okay on input line 5.
LaTeX Font Info:    Checking defaults for OMS/cmsy/m/n on input line 5.
LaTeX Font Info:    ... okay on input line 5.
LaTeX Font Info:    Checking defaults for OMX/cmex/m/n on input line 5.
LaTeX Font Info:    ... okay on input line 5.
LaTeX Font Info:    Checking defaults for U/cmr/m/n on input line 5.
LaTeX Font Info:    ... okay on input line 5.

(/usr/share/texlive/texmf-dist/tex/context/base/supp-pdf.mkii
[Loading MPS to PDF converter (version 2006.09.02).]
\scratchcounter=\count152
\scratchdimen=\dimen181
\scratchbox=\box40
\nofMPsegments=\count153
\nofMParguments=\count154
\everyMPshowfont=\toks42
\MPscratchCnt=\count155
\MPscratchDim=\dimen182
\MPnumerator=\count156
\makeMPintoPDFobject=\count157
\everyMPtoPDFconversion=\toks43
) (/usr/share/texlive/texmf-dist/tex/generic/oberdiek/pdftexcmds.sty
Package: pdftexcmds 2011/11/29 v0.20 Utility functions of pdfTeX for LuaTeX (HO
)

(/usr/share/texlive/texmf-dist/tex/generic/oberdiek/ifluatex.sty
Package: ifluatex 2010/03/01 v1.3 Provides the ifluatex switch (HO)
Package ifluatex Info: LuaTeX not detected.
)
(/usr/share/texlive/texmf-dist/tex/generic/oberdiek/ifpdf.sty
Package: ifpdf 2011/01/30 v2.3 Provides the ifpdf switch (HO)
Package ifpdf Info: pdfTeX in PDF mode is detected.
)
Package pdftexcmds Info: LuaTeX not detected.
Package pdftexcmds Info: \pdf@primitive is available.
Package pdftexcmds Info: \pdf@ifprimitive is available.
Package pdftexcmds Info: \pdfdraftmode found.
)
(/usr/share/texlive/texmf-dist/tex/latex/oberdiek/epstopdf-base.sty
Package: epstopdf-base 2010/02/09 v2.5 Base part for package epstopdf

(/usr/share/texlive/texmf-dist/tex/latex/oberdiek/grfext.sty
Package: grfext 2010/08/19 v1.1 Manage graphics extensions (HO)

(/usr/share/texlive/texmf-dist/tex/generic/oberdiek/kvdefinekeys.sty
Package: kvdefinekeys 2011/04/07 v1.3 Define keys (HO)
))
(/usr/share/texlive/texmf-dist/tex/latex/oberdiek/kvoptions.sty
Package: kvoptions 2011/06/30 v3.11 Key value format for package options (HO)

(/usr/share/texlive/texmf-dist/tex/generic/oberdiek/kvsetkeys.sty
Package: kvsetkeys 2012/04/25 v1.16 Key value parser (HO)

(/usr/share/texlive/texmf-dist/tex/generic/oberdiek/etexcmds.sty
Package: etexcmds 2011/02/16 v1.5 Avoid name clashes with e-TeX commands (HO)
Package etexcmds Info: Could not find \expanded.
(etexcmds)             That can mean that you are not using pdfTeX 1.50 or
(etexcmds)             that some package has redefined \expanded.
(etexcmds)             In the latter case, load this package earlier.
)))
Package grfext Info: Graphics extension search list:
(grfext)             [.png,.pdf,.jpg,.mps,.jpeg,.jbig2,.jb2,.PNG,.PDF,.JPG,.JPE
G,.JBIG2,.JB2,.eps]
(grfext)             \AppendGraphicsExtensions on input line 452.

(/usr/share/texlive/texmf-dist/tex/latex/latexconfig/epstopdf-sys.cfg
File: epstopdf-sys.cfg 2010/07/13 v1.3 Configuration of (r)epstopdf for TeX Liv
e
))
ABD: EveryShipout initializing macros
Package caption Info: Begin \AtBeginDocument code.
Package caption Info: End \AtBeginDocument code.
 (./tex/solobj.tex (./tex/abst_intro.tex

LaTeX Warning: Reference `fig:pipeline' on page 1 undefined on input line 39.


Package natbib Warning: Citation `VittorioFerrari:2006uf' on page 1 undefined o
n input line 61.


Package natbib Warning: Citation `AlexanderVezhnevets:2012tw' on page 1 undefin
ed on input line 61.


Package natbib Warning: Citation `Martnez:2004dz' on page 1 undefined on input 
line 61.


Package natbib Warning: Citation `WeiFeng:cw' on page 1 undefined on input line
 61.


Package natbib Warning: Citation `GuofengZhang:jma' on page 1 undefined on inpu
t line 61.


Package natbib Warning: Citation `ulen-strandmark-etal-itmi-12' on page 1 undef
ined on input line 61.


Package natbib Warning: Citation `Russell06' on page 1 undefined on input line 
61.


Package natbib Warning: Citation `ics_nips11' on page 1 undefined on input line
 61.


Package natbib Warning: Citation `Lempitsky11' on page 1 undefined on input lin
e 61.


Package natbib Warning: Citation `Kumar10' on page 1 undefined on input line 61
.


Package natbib Warning: Citation `nieuwenhuis-et-al-ijcv12' on page 1 undefined
 on input line 61.


Package natbib Warning: Citation `vezhneva:2012tb' on page 1 undefined on input
 line 65.


Package natbib Warning: Citation `GuofengZhang:jmb' on page 1 undefined on inpu
t line 65.


Package natbib Warning: Citation `Cremers-et-al-11' on page 1 undefined on inpu
t line 65.


Package natbib Warning: Citation `Schoenemann-Cremers-pami10' on page 1 undefin
ed on input line 65.


Package natbib Warning: Citation `lezama11' on page 1 undefined on input line 6
5.


Package natbib Warning: Citation `carreira_eccv12' on page 1 undefined on input
 line 65.


Package natbib Warning: Citation `wangA94' on page 1 undefined on input line 71
.


Package natbib Warning: Citation `Reid:2010ca' on page 1 undefined on input lin
e 71.


Package natbib Warning: Citation `GuofengZhang:jm' on page 1 undefined on input
 line 71.


Package natbib Warning: Citation `Cremers-12' on page 1 undefined on input line
 71.


Package natbib Warning: Citation `Kumar08' on page 1 undefined on input line 71
.


Package natbib Warning: Citation `Kumar05a' on page 1 undefined on input line 7
1.


Package natbib Warning: Citation `Cremers-et-al-11' on page 1 undefined on inpu
t line 72.

[1

{/var/lib/texmf/fonts/map/pdftex/updmap/pdftex.map}]

Package natbib Warning: Citation `davison' on page 2 undefined on input line 85
.


Package natbib Warning: Citation `cremers' on page 2 undefined on input line 85
.


Package natbib Warning: Citation `pock' on page 2 undefined on input line 85.


Package natbib Warning: Citation `RobFergus:2012vh' on page 2 undefined on inpu
t line 86.


Package natbib Warning: Citation `Newcombe2011a' on page 2 undefined on input l
ine 86.


Package natbib Warning: Citation `Kalogerakis:2010:labelMeshes' on page 2 undef
ined on input line 90.


Package natbib Warning: Citation `fei-fei' on page 2 undefined on input line 92
.


Package natbib Warning: Citation `baoS12' on page 2 undefined on input line 92.



Package natbib Warning: Citation `khler2013efficient' on page 2 undefined on in
put line 94.


Package natbib Warning: Citation `ren2012rgbd' on page 2 undefined on input lin
e 95.


Package natbib Warning: Citation `bleyerRR12' on page 2 undefined on input line
 96.


Package natbib Warning: Citation `zhangJB11' on page 2 undefined on input line 
102.


Package natbib Warning: Citation `stucklerBB12' on page 2 undefined on input li
ne 102.


Package natbib Warning: Citation `atanasovSLKPD13' on page 2 undefined on input
 line 102.


Package natbib Warning: Citation `zheng2013beyond' on page 2 undefined on input
 line 103.


Package natbib Warning: Citation `haene2013' on page 2 undefined on input line 
105.


Package natbib Warning: Citation `slampp2013' on page 2 undefined on input line
 105.


Package natbib Warning: Citation `sengupta2013' on page 2 undefined on input li
ne 105.


Package natbib Warning: Citation `kundu2014' on page 2 undefined on input line 
105.


Package natbib Warning: Citation `Chen:2009:ABF' on page 2 undefined on input l
ine 112.


Package natbib Warning: Citation `AZCXT11' on page 2 undefined on input line 11
2.


Package natbib Warning: Citation `lafarge2010' on page 2 undefined on input lin
e 112.


Overfull \hbox (6.1951pt too wide) in paragraph at lines 114--124
\OT1/cmr/m/n/10 spa-tial con-sis-tency of tem-po-rally in-con-sis-tent im-age c
ues, (b) an adap-tive geodesic
 []

[2]) (./tex/methodology.tex
LaTeX Font Info:    Try loading font information for U+msa on input line 16.

(/usr/share/texlive/texmf-dist/tex/latex/amsfonts/umsa.fd
File: umsa.fd 2013/01/14 v3.01 AMS symbols A
)
LaTeX Font Info:    Try loading font information for U+msb on input line 16.

(/usr/share/texlive/texmf-dist/tex/latex/amsfonts/umsb.fd
File: umsb.fd 2013/01/14 v3.01 AMS symbols B
)
LaTeX Font Info:    Try loading font information for U+euf on input line 40.

(/usr/share/texlive/texmf-dist/tex/latex/amsfonts/ueuf.fd
File: ueuf.fd 2013/01/14 v3.01 Euler Fraktur
)
Overfull \hbox (4.03468pt too wide) in paragraph at lines 112--112
[]\OT1/cmr/bx/n/12 Curvature Aug-mented Ge-om-e-try and Ge-o-met-ric Affin-
 []

[3]

Package natbib Warning: Citation `Klein2007' on page 4 undefined on input line 
118.


Package natbib Warning: Citation `Zach2007' on page 4 undefined on input line 1
21.


Package natbib Warning: Citation `Zach2008' on page 4 undefined on input line 1
21.


Package natbib Warning: Citation `Graber2011' on page 4 undefined on input line
 121.


Package natbib Warning: Citation `Collins1996' on page 4 undefined on input lin
e 121.


Package natbib Warning: Citation `Newcombe2011a' on page 4 undefined on input l
ine 123.

<figs/cos/depth.png, id=29, 642.4pt x 481.8pt>
File: figs/cos/depth.png Graphic file (type png)
 <use figs/cos/depth.png>
Package pdftex.def Info: figs/cos/depth.png used on input line 196.
(pdftex.def)             Requested size: 137.9979pt x 103.49675pt.

<figs/cos/normal.png, id=30, 642.4pt x 481.8pt>
File: figs/cos/normal.png Graphic file (type png)
 <use figs/cos/normal.png>
Package pdftex.def Info: figs/cos/normal.png used on input line 196.
(pdftex.def)             Requested size: 137.9979pt x 103.49675pt.

<figs/park4/depth.png, id=31, 1027.84pt x 770.88pt>
File: figs/park4/depth.png Graphic file (type png)
 <use figs/park4/depth.png>
Package pdftex.def Info: figs/park4/depth.png used on input line 196.
(pdftex.def)             Requested size: 137.9979pt x 103.48793pt.

<figs/park4/normal.png, id=32, 1027.84pt x 770.88pt>
File: figs/park4/normal.png Graphic file (type png)

<use figs/park4/normal.png>
Package pdftex.def Info: figs/park4/normal.png used on input line 196.
(pdftex.def)             Requested size: 137.9979pt x 103.48793pt.

<figs/pipes2/depth.png, id=33, 1027.84pt x 770.88pt>
File: figs/pipes2/depth.png Graphic file (type png)

<use figs/pipes2/depth.png>
Package pdftex.def Info: figs/pipes2/depth.png used on input line 196.
(pdftex.def)             Requested size: 137.9979pt x 103.48793pt.

<figs/pipes2/normal.png, id=34, 1027.84pt x 770.88pt>
File: figs/pipes2/normal.png Graphic file (type png)

<use figs/pipes2/normal.png>
Package pdftex.def Info: figs/pipes2/normal.png used on input line 196.
(pdftex.def)             Requested size: 137.9979pt x 103.48793pt.

<figs/pipes3/depth.png, id=35, 1027.84pt x 770.88pt>
File: figs/pipes3/depth.png Graphic file (type png)

<use figs/pipes3/depth.png>
Package pdftex.def Info: figs/pipes3/depth.png used on input line 196.
(pdftex.def)             Requested size: 137.9979pt x 103.48793pt.

<figs/pipes3/normal.png, id=36, 1027.84pt x 770.88pt>
File: figs/pipes3/normal.png Graphic file (type png)

<use figs/pipes3/normal.png>
Package pdftex.def Info: figs/pipes3/normal.png used on input line 196.
(pdftex.def)             Requested size: 137.9979pt x 103.48793pt.
) (./tex/methodology2.tex

Package natbib Warning: Citation `Chen:2009:ABF' on page 4 undefined on input l
ine 5.


Package natbib Warning: Citation `AZCXT11' on page 4 undefined on input line 5.



Package natbib Warning: Citation `lafarge2010' on page 4 undefined on input lin
e 5.


Overfull \hbox (45.48933pt too wide) in paragraph at lines 2--16
\OT1/cmr/m/n/10 geodesic, that is, as the min-i-mum path length $\OML/cmm/m/it/
10 d[]\OT1/cmr/m/n/10 (\OML/cmm/m/it/10 q[]; q[]\OT1/cmr/m/n/10 ) = [][] \OML/c
mm/m/it/10 d[]\OT1/cmr/m/n/10 (\OML/cmm/m/it/10 s[]; [] ; s[]\OT1/cmr/m/n/10 )$
,
 []

[4] [5 <./figs/cos/depth.png> <./figs/cos/normal.png> <./figs/park4/depth.png> 
<./figs/park4/normal.png> <./figs/pipes2/depth.png> <./figs/pipes2/normal.png> 
<./figs/pipes3/depth.png> <./figs/pipes3/normal.png>]
<figs/concavity.pdf, id=46, 387.4475pt x 292.09125pt>
File: figs/concavity.pdf Graphic file (type pdf)
 <use figs/concavity.pdf>
Package pdftex.def Info: figs/concavity.pdf used on input line 34.
(pdftex.def)             Requested size: 155.24895pt x 117.03943pt.

<figs/concavity_vectors.pdf, id=47, 154.74997pt x 120.93388pt>
File: figs/concavity_vectors.pdf Graphic file (type pdf)

<use figs/concavity_vectors.pdf>
Package pdftex.def Info: figs/concavity_vectors.pdf used on input line 35.
(pdftex.def)             Requested size: 155.24895pt x 121.334pt.


Package natbib Warning: Citation `haene2013' on page 6 undefined on input line 
50.


Package natbib Warning: Citation `kundu2014' on page 6 undefined on input line 
50.


Package natbib Warning: Citation `ayvaciS12PAMI' on page 6 undefined on input l
ine 59.

[6 <./figs/concavity.pdf> <./figs/concavity_vectors.pdf>]
<figs/layer_histories.pdf, id=71, 452.08002pt x 259.10638pt>
File: figs/layer_histories.pdf Graphic file (type pdf)

<use figs/layer_histories.pdf>
Package pdftex.def Info: figs/layer_histories.pdf used on input line 107.
(pdftex.def)             Requested size: 155.24895pt x 88.97665pt.

<figs/traversed_distances.pdf, id=72, 426.23116pt x 239.40494pt>
File: figs/traversed_distances.pdf Graphic file (type pdf)

<use figs/traversed_distances.pdf>
Package pdftex.def Info: figs/traversed_distances.pdf used on input line 108.
(pdftex.def)             Requested size: 155.24895pt x 87.20125pt.
 [7 <./figs/layer_histories.pdf> <./figs/traversed_distances.pdf

pdfTeX warning: /usr/bin/pdflatex (file ./figs/traversed_distances.pdf): PDF in
clusion: multiple pdfs with page group included in a single page
>] <figs/saturating_distances.pdf, id=112, 397.94188pt x 171.3938pt>
File: figs/saturating_distances.pdf Graphic file (type pdf)

<use figs/saturating_distances.pdf>
Package pdftex.def Info: figs/saturating_distances.pdf used on input line 158.
(pdftex.def)             Requested size: 327.74895pt x 141.16101pt.

<figs/cos/geotrav.png, id=113, 642.4pt x 481.8pt>
File: figs/cos/geotrav.png Graphic file (type png)
 <use figs/cos/geotrav.png>
Package pdftex.def Info: figs/cos/geotrav.png used on input line 211.
(pdftex.def)             Requested size: 155.24895pt x 116.43568pt.

<figs/park4/geotrav.png, id=114, 1027.84pt x 770.88pt>
File: figs/park4/geotrav.png Graphic file (type png)

<use figs/park4/geotrav.png>
Package pdftex.def Info: figs/park4/geotrav.png used on input line 211.
(pdftex.def)             Requested size: 155.24895pt x 116.42686pt.

<figs/pipes2/geotrav.png, id=115, 1027.84pt x 770.88pt>
File: figs/pipes2/geotrav.png Graphic file (type png)

<use figs/pipes2/geotrav.png>
Package pdftex.def Info: figs/pipes2/geotrav.png used on input line 211.
(pdftex.def)             Requested size: 155.24895pt x 116.42686pt.

<figs/pipes3/geotrav.png, id=116, 1027.84pt x 770.88pt>
File: figs/pipes3/geotrav.png Graphic file (type png)

<use figs/pipes3/geotrav.png>
Package pdftex.def Info: figs/pipes3/geotrav.png used on input line 211.
(pdftex.def)             Requested size: 155.24895pt x 116.42686pt.


Package natbib Warning: Citation `Kulis12_ICML' on page 8 undefined on input li
ne 226.


Package natbib Warning: Citation `Teh10_EML' on page 8 undefined on input line 
227.


Package natbib Warning: Citation `Zha01_NIPS' on page 8 undefined on input line
 231.


Package natbib Warning: Citation `Yu03_ICCV' on page 8 undefined on input line 
231.


Package natbib Warning: Citation `Dhillon07_TPAMI' on page 8 undefined on input
 line 232.

[8 <./figs/saturating_distances.pdf>] [9 <./figs/cos/geotrav.png> <./figs/park4
/geotrav.png> <./figs/pipes2/geotrav.png> <./figs/pipes3/geotrav.png>]

Package natbib Warning: Citation `Campbell13_NIPS' on page 10 undefined on inpu
t line 236.


Package natbib Warning: Citation `Lin10_NIPS' on page 10 undefined on input lin
e 238.

) (./tex/evaluation.tex

Package natbib Warning: Citation `xiao2013sun3d' on page 10 undefined on input 
line 25.


Package natbib Warning: Citation `Silberman:ECCV12' on page 10 undefined on inp
ut line 25.


Package natbib Warning: Citation `sturm12iros' on page 10 undefined on input li
ne 25.


Package natbib Warning: Citation `anand2012contextually' on page 10 undefined o
n input line 25.


Package natbib Warning: Citation `Graber2011' on page 10 undefined on input lin
e 29.


Package natbib Warning: Citation `OB14b' on page 10 undefined on input line 40.


[10]

Package natbib Warning: Citation `Graber2011' on page 11 undefined on input lin
e 67.


Overfull \hbox (3.91716pt too wide) in paragraph at lines 66--68
\OT1/cmr/m/n/10 We present re-sults in the form of re-projected seg-men-ta-tion
s and sam-ple geodesics
 []

[11] <figs/cos/im_0001.png, id=149, 642.4pt x 481.8pt>
File: figs/cos/im_0001.png Graphic file (type png)

<use figs/cos/im_0001.png>
Package pdftex.def Info: figs/cos/im_0001.png used on input line 113.
(pdftex.def)             Requested size: 137.9979pt x 103.49675pt.

<figs/cos/gtseg_0001.png, id=150, 642.4pt x 481.8pt>
File: figs/cos/gtseg_0001.png Graphic file (type png)

<use figs/cos/gtseg_0001.png>
Package pdftex.def Info: figs/cos/gtseg_0001.png used on input line 113.
(pdftex.def)             Requested size: 137.9979pt x 103.49675pt.

<figs/park4/im_0024.png, id=151, 1027.84pt x 770.88pt>
File: figs/park4/im_0024.png Graphic file (type png)

<use figs/park4/im_0024.png>
Package pdftex.def Info: figs/park4/im_0024.png used on input line 113.
(pdftex.def)             Requested size: 137.9979pt x 103.48793pt.

<figs/park4/gtseg_0024.png, id=152, 1027.84pt x 770.88pt>
File: figs/park4/gtseg_0024.png Graphic file (type png)

<use figs/park4/gtseg_0024.png>
Package pdftex.def Info: figs/park4/gtseg_0024.png used on input line 113.
(pdftex.def)             Requested size: 137.9979pt x 103.48793pt.

<figs/pipes2/im_0059.png, id=153, 1027.84pt x 770.88pt>
File: figs/pipes2/im_0059.png Graphic file (type png)

<use figs/pipes2/im_0059.png>
Package pdftex.def Info: figs/pipes2/im_0059.png used on input line 113.
(pdftex.def)             Requested size: 137.9979pt x 103.48793pt.

<figs/pipes2/gtseg_0059.png, id=154, 1027.84pt x 770.88pt>
File: figs/pipes2/gtseg_0059.png Graphic file (type png)

<use figs/pipes2/gtseg_0059.png>
Package pdftex.def Info: figs/pipes2/gtseg_0059.png used on input line 113.
(pdftex.def)             Requested size: 137.9979pt x 103.48793pt.

<figs/pipes3/im_0007.png, id=155, 1027.84pt x 770.88pt>
File: figs/pipes3/im_0007.png Graphic file (type png)

<use figs/pipes3/im_0007.png>
Package pdftex.def Info: figs/pipes3/im_0007.png used on input line 113.
(pdftex.def)             Requested size: 137.9979pt x 103.48793pt.

<figs/pipes3/gtseg_0007.png, id=156, 1027.84pt x 770.88pt>
File: figs/pipes3/gtseg_0007.png Graphic file (type png)

<use figs/pipes3/gtseg_0007.png>
Package pdftex.def Info: figs/pipes3/gtseg_0007.png used on input line 113.
(pdftex.def)             Requested size: 137.9979pt x 103.48793pt.

<figs/cos/det_0024.png, id=157, 642.4pt x 481.8pt>
File: figs/cos/det_0024.png Graphic file (type png)
 <use figs/cos/det_0024.png>
Package pdftex.def Info: figs/cos/det_0024.png used on input line 133.
(pdftex.def)             Requested size: 137.9979pt x 103.49675pt.

<figs/park4/det_0034.png, id=158, 1027.84pt x 770.88pt>
File: figs/park4/det_0034.png Graphic file (type png)

<use figs/park4/det_0034.png>
Package pdftex.def Info: figs/park4/det_0034.png used on input line 133.
(pdftex.def)             Requested size: 137.9979pt x 103.48793pt.

<figs/pipes2/det_0059.png, id=159, 1027.84pt x 770.88pt>
File: figs/pipes2/det_0059.png Graphic file (type png)

<use figs/pipes2/det_0059.png>
Package pdftex.def Info: figs/pipes2/det_0059.png used on input line 133.
(pdftex.def)             Requested size: 137.9979pt x 103.48793pt.

<figs/pipes3/det_0081.png, id=160, 1027.84pt x 770.88pt>
File: figs/pipes3/det_0081.png Graphic file (type png)

<use figs/pipes3/det_0081.png>
Package pdftex.def Info: figs/pipes3/det_0081.png used on input line 133.
(pdftex.def)             Requested size: 137.9979pt x 103.48793pt.

<figs/cos/tra_0024.png, id=161, 642.4pt x 481.8pt>
File: figs/cos/tra_0024.png Graphic file (type png)
 <use figs/cos/tra_0024.png>
Package pdftex.def Info: figs/cos/tra_0024.png used on input line 154.
(pdftex.def)             Requested size: 137.9979pt x 103.49675pt.

<figs/park4/tra_0072.png, id=162, 1027.84pt x 770.88pt>
File: figs/park4/tra_0072.png Graphic file (type png)

<use figs/park4/tra_0072.png>
Package pdftex.def Info: figs/park4/tra_0072.png used on input line 154.
(pdftex.def)             Requested size: 137.9979pt x 103.48793pt.

<figs/pipes2/tra_0003.png, id=163, 1027.84pt x 770.88pt>
File: figs/pipes2/tra_0003.png Graphic file (type png)

<use figs/pipes2/tra_0003.png>
Package pdftex.def Info: figs/pipes2/tra_0003.png used on input line 154.
(pdftex.def)             Requested size: 137.9979pt x 103.48793pt.

<figs/pipes3/tra_0059.png, id=164, 1027.84pt x 770.88pt>
File: figs/pipes3/tra_0059.png Graphic file (type png)

<use figs/pipes3/tra_0059.png>
Package pdftex.def Info: figs/pipes3/tra_0059.png used on input line 154.
(pdftex.def)             Requested size: 137.9979pt x 103.48793pt.

<figs/cos/geoseg_0001.png, id=165, 642.4pt x 481.8pt>
File: figs/cos/geoseg_0001.png Graphic file (type png)

<use figs/cos/geoseg_0001.png>
Package pdftex.def Info: figs/cos/geoseg_0001.png used on input line 174.
(pdftex.def)             Requested size: 137.9979pt x 103.49675pt.

<figs/park4/geoseg_0001.png, id=166, 1027.84pt x 770.88pt>
File: figs/park4/geoseg_0001.png Graphic file (type png)

<use figs/park4/geoseg_0001.png>
Package pdftex.def Info: figs/park4/geoseg_0001.png used on input line 174.
(pdftex.def)             Requested size: 137.9979pt x 103.48793pt.

<figs/pipes2/geoseg_0059.png, id=167, 1027.84pt x 770.88pt>
File: figs/pipes2/geoseg_0059.png Graphic file (type png)

<use figs/pipes2/geoseg_0059.png>
Package pdftex.def Info: figs/pipes2/geoseg_0059.png used on input line 174.
(pdftex.def)             Requested size: 137.9979pt x 103.48793pt.

<figs/pipes3/geoseg_0065.png, id=168, 1027.84pt x 770.88pt>
File: figs/pipes3/geoseg_0065.png Graphic file (type png)

<use figs/pipes3/geoseg_0065.png>
Package pdftex.def Info: figs/pipes3/geoseg_0065.png used on input line 174.
(pdftex.def)             Requested size: 137.9979pt x 103.48793pt.

<figs/cos/sceneseg_0001.png, id=169, 642.4pt x 481.8pt>
File: figs/cos/sceneseg_0001.png Graphic file (type png)

<use figs/cos/sceneseg_0001.png>
Package pdftex.def Info: figs/cos/sceneseg_0001.png used on input line 200.
(pdftex.def)             Requested size: 137.9979pt x 103.49675pt.

<figs/cos/sceneseg_0150.png, id=170, 642.4pt x 481.8pt>
File: figs/cos/sceneseg_0150.png Graphic file (type png)

<use figs/cos/sceneseg_0150.png>
Package pdftex.def Info: figs/cos/sceneseg_0150.png used on input line 200.
(pdftex.def)             Requested size: 137.9979pt x 103.49675pt.

<figs/park4/sceneseg_0001.png, id=171, 1027.84pt x 770.88pt>
File: figs/park4/sceneseg_0001.png Graphic file (type png)

<use figs/park4/sceneseg_0001.png>
Package pdftex.def Info: figs/park4/sceneseg_0001.png used on input line 200.
(pdftex.def)             Requested size: 137.9979pt x 103.48793pt.

<figs/park4/sceneseg_0034.png, id=172, 1027.84pt x 770.88pt>
File: figs/park4/sceneseg_0034.png Graphic file (type png)

<use figs/park4/sceneseg_0034.png>
Package pdftex.def Info: figs/park4/sceneseg_0034.png used on input line 200.
(pdftex.def)             Requested size: 137.9979pt x 103.48793pt.

<figs/pipes2/sceneseg_0059.png, id=173, 1027.84pt x 770.88pt>
File: figs/pipes2/sceneseg_0059.png Graphic file (type png)

<use figs/pipes2/sceneseg_0059.png>
Package pdftex.def Info: figs/pipes2/sceneseg_0059.png used on input line 200.
(pdftex.def)             Requested size: 137.9979pt x 103.48793pt.

<figs/pipes2/sceneseg_0045.png, id=174, 1027.84pt x 770.88pt>
File: figs/pipes2/sceneseg_0045.png Graphic file (type png)

<use figs/pipes2/sceneseg_0045.png>
Package pdftex.def Info: figs/pipes2/sceneseg_0045.png used on input line 200.
(pdftex.def)             Requested size: 137.9979pt x 103.48793pt.

<figs/pipes3/sceneseg_0007.png, id=175, 1027.84pt x 770.88pt>
File: figs/pipes3/sceneseg_0007.png Graphic file (type png)

<use figs/pipes3/sceneseg_0007.png>
Package pdftex.def Info: figs/pipes3/sceneseg_0007.png used on input line 200.
(pdftex.def)             Requested size: 137.9979pt x 103.48793pt.

<figs/pipes3/sceneseg_0081.png, id=176, 1027.84pt x 770.88pt>
File: figs/pipes3/sceneseg_0081.png Graphic file (type png)

<use figs/pipes3/sceneseg_0081.png>
Package pdftex.def Info: figs/pipes3/sceneseg_0081.png used on input line 200.
(pdftex.def)             Requested size: 137.9979pt x 103.48793pt.

<figs/cos/validation.pdf, id=177, 385.58609pt x 326.90724pt>
File: figs/cos/validation.pdf Graphic file (type pdf)

<use figs/cos/validation.pdf>
Package pdftex.def Info: figs/cos/validation.pdf used on input line 227.
(pdftex.def)             Requested size: 137.9979pt x 116.99814pt.

<figs/cos/frame_validation.pdf, id=178, 386.26112pt x 314.68402pt>
File: figs/cos/frame_validation.pdf Graphic file (type pdf)

<use figs/cos/frame_validation.pdf>
Package pdftex.def Info: figs/cos/frame_validation.pdf used on input line 227.
(pdftex.def)             Requested size: 137.9979pt x 112.42665pt.

<figs/park4/validation.pdf, id=179, 385.58609pt x 326.90724pt>
File: figs/park4/validation.pdf Graphic file (type pdf)

<use figs/park4/validation.pdf>
Package pdftex.def Info: figs/park4/validation.pdf used on input line 227.
(pdftex.def)             Requested size: 137.9979pt x 116.99814pt.

<figs/park4/frame_validation.pdf, id=180, 386.26112pt x 314.68402pt>
File: figs/park4/frame_validation.pdf Graphic file (type pdf)

<use figs/park4/frame_validation.pdf>
Package pdftex.def Info: figs/park4/frame_validation.pdf used on input line 227
.
(pdftex.def)             Requested size: 137.9979pt x 112.42665pt.

<figs/pipes2/validation.pdf, id=181, 385.58609pt x 326.90724pt>
File: figs/pipes2/validation.pdf Graphic file (type pdf)

<use figs/pipes2/validation.pdf>
Package pdftex.def Info: figs/pipes2/validation.pdf used on input line 227.
(pdftex.def)             Requested size: 137.9979pt x 116.99814pt.

<figs/pipes2/frame_validation.pdf, id=182, 386.26112pt x 314.68402pt>
File: figs/pipes2/frame_validation.pdf Graphic file (type pdf)

<use figs/pipes2/frame_validation.pdf>
Package pdftex.def Info: figs/pipes2/frame_validation.pdf used on input line 22
7.
(pdftex.def)             Requested size: 137.9979pt x 112.42665pt.

<figs/pipes3/validation.pdf, id=183, 385.58609pt x 326.90724pt>
File: figs/pipes3/validation.pdf Graphic file (type pdf)

<use figs/pipes3/validation.pdf>
Package pdftex.def Info: figs/pipes3/validation.pdf used on input line 227.
(pdftex.def)             Requested size: 137.9979pt x 116.99814pt.

<figs/pipes3/frame_validation.pdf, id=184, 386.26112pt x 314.68402pt>
File: figs/pipes3/frame_validation.pdf Graphic file (type pdf)

<use figs/pipes3/frame_validation.pdf>
Package pdftex.def Info: figs/pipes3/frame_validation.pdf used on input line 22
7.
(pdftex.def)             Requested size: 137.9979pt x 112.42665pt.
))

Package natbib Warning: There were undefined citations.

[12] [13 <./figs/cos/im_0001.png (PNG copy)> <./figs/cos/gtseg_0001.png> <./fig
s/park4/im_0024.png (PNG copy)> <./figs/park4/gtseg_0024.png> <./figs/pipes2/im
_0059.png (PNG copy)> <./figs/pipes2/gtseg_0059.png> <./figs/pipes3/im_0007.png
 (PNG copy)> <./figs/pipes3/gtseg_0007.png>] [14 <./figs/cos/det_0024.png> <./f
igs/park4/det_0034.png> <./figs/pipes2/det_0059.png> <./figs/pipes3/det_0081.pn
g> <./figs/cos/tra_0024.png> <./figs/park4/tra_0072.png> <./figs/pipes2/tra_000
3.png> <./figs/pipes3/tra_0059.png>] [15 <./figs/cos/geoseg_0001.png> <./figs/p
ark4/geoseg_0001.png> <./figs/pipes2/geoseg_0059.png> <./figs/pipes3/geoseg_006
5.png>] [16 <./figs/cos/sceneseg_0001.png> <./figs/cos/sceneseg_0150.png> <./fi
gs/park4/sceneseg_0001.png> <./figs/park4/sceneseg_0034.png> <./figs/pipes2/sce
neseg_0059.png> <./figs/pipes2/sceneseg_0045.png> <./figs/pipes3/sceneseg_0007.
png> <./figs/pipes3/sceneseg_0081.png>] [17 <./figs/cos/validation.pdf> <./figs
/cos/frame_validation.pdf

pdfTeX warning: /usr/bin/pdflatex (file ./figs/cos/frame_validation.pdf): PDF i
nclusion: multiple pdfs with page group included in a single page
> <./figs/park4/validation.pdf

pdfTeX warning: /usr/bin/pdflatex (file ./figs/park4/validation.pdf): PDF inclu
sion: multiple pdfs with page group included in a single page
> <./figs/park4/frame_validation.pdf

pdfTeX warning: /usr/bin/pdflatex (file ./figs/park4/frame_validation.pdf): PDF
 inclusion: multiple pdfs with page group included in a single page
> <./figs/pipes2/validation.pdf

pdfTeX warning: /usr/bin/pdflatex (file ./figs/pipes2/validation.pdf): PDF incl
usion: multiple pdfs with page group included in a single page
> <./figs/pipes2/frame_validation.pdf

pdfTeX warning: /usr/bin/pdflatex (file ./figs/pipes2/frame_validation.pdf): PD
F inclusion: multiple pdfs with page group included in a single page
> <./figs/pipes3/validation.pdf

pdfTeX warning: /usr/bin/pdflatex (file ./figs/pipes3/validation.pdf): PDF incl
usion: multiple pdfs with page group included in a single page
> <./figs/pipes3/frame_validation.pdf

pdfTeX warning: /usr/bin/pdflatex (file ./figs/pipes3/frame_validation.pdf): PD
F inclusion: multiple pdfs with page group included in a single page
>] [18] (./main.aux)

LaTeX Warning: There were undefined references.

 )
(\end occurred inside a group at level 1)

### simple group (level 1) entered at line 91 ({)
### bottom level 
Here is how much of TeX's memory you used:
 14225 strings out of 495028
 254555 string characters out of 6181497
 306958 words of memory out of 5000000
 17058 multiletter control sequences out of 15000+600000
 13609 words of font info for 53 fonts, out of 8000000 for 9000
 14 hyphenation exceptions out of 8191
 65i,19n,92p,993b,491s stack positions out of 5000i,500n,10000p,200000b,80000s
</usr/share/texlive/texmf-dist/fonts/type1/public/amsfonts/cm/c
mbx10.pfb></usr/share/texlive/texmf-dist/fonts/type1/public/amsfonts/cm/cmbx12.
pfb></usr/share/texlive/texmf-dist/fonts/type1/public/amsfonts/cm/cmex10.pfb></
usr/share/texlive/texmf-dist/fonts/type1/public/amsfonts/cm/cmmi10.pfb></usr/sh
are/texlive/texmf-dist/fonts/type1/public/amsfonts/cm/cmmi5.pfb></usr/share/tex
live/texmf-dist/fonts/type1/public/amsfonts/cm/cmmi6.pfb></usr/share/texlive/te
xmf-dist/fonts/type1/public/amsfonts/cm/cmmi7.pfb></usr/share/texlive/texmf-dis
t/fonts/type1/public/amsfonts/cm/cmmi9.pfb></usr/share/texlive/texmf-dist/fonts
/type1/public/amsfonts/cm/cmr10.pfb></usr/share/texlive/texmf-dist/fonts/type1/
public/amsfonts/cm/cmr5.pfb></usr/share/texlive/texmf-dist/fonts/type1/public/a
msfonts/cm/cmr6.pfb></usr/share/texlive/texmf-dist/fonts/type1/public/amsfonts/
cm/cmr7.pfb></usr/share/texlive/texmf-dist/fonts/type1/public/amsfonts/cm/cmr8.
pfb></usr/share/texlive/texmf-dist/fonts/type1/public/amsfonts/cm/cmr9.pfb></us
r/share/texlive/texmf-dist/fonts/type1/public/amsfonts/cm/cmsy10.pfb></usr/shar
e/texlive/texmf-dist/fonts/type1/public/amsfonts/cm/cmsy5.pfb></usr/share/texli
ve/texmf-dist/fonts/type1/public/amsfonts/cm/cmsy7.pfb></usr/share/texlive/texm
f-dist/fonts/type1/public/amsfonts/cm/cmsy8.pfb></usr/share/texlive/texmf-dist/
fonts/type1/public/amsfonts/cm/cmsy9.pfb></usr/share/texlive/texmf-dist/fonts/t
ype1/public/amsfonts/cm/cmti10.pfb></usr/share/texlive/texmf-dist/fonts/type1/p
ublic/amsfonts/cm/cmti9.pfb></usr/share/texlive/texmf-dist/fonts/type1/public/a
msfonts/euler/eufm10.pfb></usr/share/texlive/texmf-dist/fonts/type1/public/amsf
onts/symbols/msbm10.pfb></usr/share/texmf/fonts/type1/public/tex-gyre/qbkr.pfb>
</usr/share/texmf/fonts/type1/public/tex-gyre/qbkri.pfb></usr/share/texmf/fonts
/type1/public/tex-gyre/qhvr.pfb></usr/share/texmf/fonts/type1/public/tex-gyre/q
hvri.pfb>
Output written on main.pdf (18 pages, 28545093 bytes).
PDF statistics:
 3693 PDF objects out of 4296 (max. 8388607)
 2432 compressed objects within 25 object streams
 0 named destinations out of 1000 (max. 500000)
 278 words of extra memory for PDF output out of 10000 (max. 10000000)

